-- Install configuration: ""
-- Up-to-date: /home/ishaani/ros2_ws/install/night_patrol_world/share/night_patrol_world/worlds
-- Up-to-date: /home/ishaani/ros2_ws/install/night_patrol_world/share/night_patrol_world/worlds/city_world.sdf
-- Up-to-date: /home/ishaani/ros2_ws/install/night_patrol_world/share/night_patrol_world/launch
-- Up-to-date: /home/ishaani/ros2_ws/install/night_patrol_world/share/night_patrol_world/launch/city_world.launch.py
-- Up-to-date: /home/ishaani/ros2_ws/install/night_patrol_world/share/night_patrol_world/models
-- Up-to-date: /home/ishaani/ros2_ws/install/night_patrol_world/share/ament_index/resource_index/package_run_dependencies/night_patrol_world
-- Up-to-date: /home/ishaani/ros2_ws/install/night_patrol_world/share/ament_index/resource_index/parent_prefix_path/night_patrol_world
-- Up-to-date: /home/ishaani/ros2_ws/install/night_patrol_world/share/night_patrol_world/environment/ament_prefix_path.sh
-- Up-to-date: /home/ishaani/ros2_ws/install/night_patrol_world/share/night_patrol_world/environment/ament_prefix_path.dsv
-- Up-to-date: /home/ishaani/ros2_ws/install/night_patrol_world/share/night_patrol_world/environment/path.sh
-- Up-to-date: /home/ishaani/ros2_ws/install/night_patrol_world/share/night_patrol_world/environment/path.dsv
-- Up-to-date: /home/ishaani/ros2_ws/install/night_patrol_world/share/night_patrol_world/local_setup.bash
-- Up-to-date: /home/ishaani/ros2_ws/install/night_patrol_world/share/night_patrol_world/local_setup.sh
-- Up-to-date: /home/ishaani/ros2_ws/install/night_patrol_world/share/night_patrol_world/local_setup.zsh
-- Up-to-date: /home/ishaani/ros2_ws/install/night_patrol_world/share/night_patrol_world/local_setup.dsv
-- Installing: /home/ishaani/ros2_ws/install/night_patrol_world/share/night_patrol_world/package.dsv
-- Up-to-date: /home/ishaani/ros2_ws/install/night_patrol_world/share/ament_index/resource_index/packages/night_patrol_world
-- Up-to-date: /home/ishaani/ros2_ws/install/night_patrol_world/share/night_patrol_world/cmake/night_patrol_worldConfig.cmake
-- Up-to-date: /home/ishaani/ros2_ws/install/night_patrol_world/share/night_patrol_world/cmake/night_patrol_worldConfig-version.cmake
-- Up-to-date: /home/ishaani/ros2_ws/install/night_patrol_world/share/night_patrol_world/package.xml
