[3.374s] Invoking command in '/home/ishaani/ros2_ws/src/patrol_detection': PYTHONPATH=/home/ishaani/ros2_ws/build/patrol_detection/prefix_override:/usr/lib/python3/dist-packages/colcon_core/task/python/colcon_distutils_commands:/home/ishaani/ros2_ws/install/patrol_detection/lib/python3.12/site-packages:${PYTHONPATH} /usr/bin/python3 -W ignore:setup.py install is deprecated -W ignore:easy_install command is deprecated setup.py egg_info --egg-base ../../build/patrol_detection build --build-base /home/ishaani/ros2_ws/build/patrol_detection/build install --record /home/ishaani/ros2_ws/build/patrol_detection/install.log --single-version-externally-managed install_data
[4.124s] running egg_info
[4.166s] writing ../../build/patrol_detection/patrol_detection.egg-info/PKG-INFO
[4.167s] writing dependency_links to ../../build/patrol_detection/patrol_detection.egg-info/dependency_links.txt
[4.169s] writing entry points to ../../build/patrol_detection/patrol_detection.egg-info/entry_points.txt
[4.170s] writing requirements to ../../build/patrol_detection/patrol_detection.egg-info/requires.txt
[4.176s] writing top-level names to ../../build/patrol_detection/patrol_detection.egg-info/top_level.txt
[4.277s] reading manifest file '../../build/patrol_detection/patrol_detection.egg-info/SOURCES.txt'
[4.279s] writing manifest file '../../build/patrol_detection/patrol_detection.egg-info/SOURCES.txt'
[4.281s] running build
[4.282s] running build_py
[4.300s] copying patrol_detection/detection_node.py -> /home/ishaani/ros2_ws/build/patrol_detection/build/lib/patrol_detection
[4.300s] running install
[4.320s] running install_lib
[4.398s] copying /home/ishaani/ros2_ws/build/patrol_detection/build/lib/patrol_detection/detection_node.py -> /home/ishaani/ros2_ws/install/patrol_detection/lib/python3.12/site-packages/patrol_detection
[4.398s] byte-compiling /home/ishaani/ros2_ws/install/patrol_detection/lib/python3.12/site-packages/patrol_detection/detection_node.py to detection_node.cpython-312.pyc
[4.398s] running install_data
[4.399s] running install_egg_info
[4.462s] removing '/home/ishaani/ros2_ws/install/patrol_detection/lib/python3.12/site-packages/patrol_detection-0.0.0-py3.12.egg-info' (and everything under it)
[4.473s] Copying ../../build/patrol_detection/patrol_detection.egg-info to /home/ishaani/ros2_ws/install/patrol_detection/lib/python3.12/site-packages/patrol_detection-0.0.0-py3.12.egg-info
[4.474s] running install_scripts
[4.812s] Installing detection_node script to /home/ishaani/ros2_ws/install/patrol_detection/lib/patrol_detection
[4.813s] writing list of installed files to '/home/ishaani/ros2_ws/build/patrol_detection/install.log'
[4.877s] Invoked command in '/home/ishaani/ros2_ws/src/patrol_detection' returned '0': PYTHONPATH=/home/ishaani/ros2_ws/build/patrol_detection/prefix_override:/usr/lib/python3/dist-packages/colcon_core/task/python/colcon_distutils_commands:/home/ishaani/ros2_ws/install/patrol_detection/lib/python3.12/site-packages:${PYTHONPATH} /usr/bin/python3 -W ignore:setup.py install is deprecated -W ignore:easy_install command is deprecated setup.py egg_info --egg-base ../../build/patrol_detection build --build-base /home/ishaani/ros2_ws/build/patrol_detection/build install --record /home/ishaani/ros2_ws/build/patrol_detection/install.log --single-version-externally-managed install_data
