[0.475s] DEBUG:colcon:Command line arguments: ['/usr/bin/colcon', 'build']
[0.476s] DEBUG:colcon:Parsed command line arguments: Namespace(log_base=None, log_level=None, verb_name='build', build_base='build', install_base='install', merge_install=False, symlink_install=False, test_result_base=None, continue_on_error=False, executor='parallel', parallel_workers=8, event_handlers=None, ignore_user_meta=False, metas=['./colcon.meta'], base_paths=['.'], packages_ignore=None, packages_ignore_regex=None, paths=None, packages_up_to=None, packages_up_to_regex=None, packages_above=None, packages_above_and_dependencies=None, packages_above_depth=None, packages_select_by_dep=None, packages_skip_by_dep=None, packages_skip_up_to=None, packages_select_build_failed=False, packages_skip_build_finished=False, packages_select_test_failures=False, packages_skip_test_passed=False, packages_select=None, packages_skip=None, packages_select_regex=None, packages_skip_regex=None, packages_start=None, packages_end=None, allow_overriding=[], cmake_args=None, cmake_target=None, cmake_target_skip_unavailable=False, cmake_clean_cache=False, cmake_clean_first=False, cmake_force_configure=False, ament_cmake_args=None, catkin_cmake_args=None, catkin_skip_building_tests=False, verb_parser=<colcon_defaults.argument_parser.defaults.DefaultArgumentsDecorator object at 0x7f4d5e195250>, verb_extension=<colcon_core.verb.build.BuildVerb object at 0x7f4d5e195040>, main=<bound method BuildVerb.main of <colcon_core.verb.build.BuildVerb object at 0x7f4d5e195040>>)
[0.616s] Level 1:colcon.colcon_core.package_discovery:discover_packages(colcon_meta) check parameters
[0.618s] Level 1:colcon.colcon_core.package_discovery:discover_packages(recursive) check parameters
[0.618s] Level 1:colcon.colcon_core.package_discovery:discover_packages(ignore) check parameters
[0.618s] Level 1:colcon.colcon_core.package_discovery:discover_packages(path) check parameters
[0.618s] Level 1:colcon.colcon_core.package_discovery:discover_packages(colcon_meta) discover
[0.618s] Level 1:colcon.colcon_core.package_discovery:discover_packages(recursive) discover
[0.618s] INFO:colcon.colcon_core.package_discovery:Crawling recursively for packages in '/home/ishaani/ros2_ws'
[0.619s] Level 1:colcon.colcon_core.package_identification:_identify(.) by extensions ['ignore', 'ignore_ament_install']
[0.619s] Level 1:colcon.colcon_core.package_identification:_identify(.) by extension 'ignore'
[0.619s] Level 1:colcon.colcon_core.package_identification:_identify(.) by extension 'ignore_ament_install'
[0.619s] Level 1:colcon.colcon_core.package_identification:_identify(.) by extensions ['colcon_pkg']
[0.619s] Level 1:colcon.colcon_core.package_identification:_identify(.) by extension 'colcon_pkg'
[0.619s] Level 1:colcon.colcon_core.package_identification:_identify(.) by extensions ['colcon_meta']
[0.619s] Level 1:colcon.colcon_core.package_identification:_identify(.) by extension 'colcon_meta'
[0.619s] Level 1:colcon.colcon_core.package_identification:_identify(.) by extensions ['ros']
[0.619s] Level 1:colcon.colcon_core.package_identification:_identify(.) by extension 'ros'
[0.689s] Level 1:colcon.colcon_core.package_identification:_identify(.) by extensions ['cmake', 'python']
[0.689s] Level 1:colcon.colcon_core.package_identification:_identify(.) by extension 'cmake'
[0.689s] Level 1:colcon.colcon_core.package_identification:_identify(.) by extension 'python'
[0.690s] Level 1:colcon.colcon_core.package_identification:_identify(.) by extensions ['python_setup_py']
[0.690s] Level 1:colcon.colcon_core.package_identification:_identify(.) by extension 'python_setup_py'
[0.690s] Level 1:colcon.colcon_core.package_identification:_identify(build) by extensions ['ignore', 'ignore_ament_install']
[0.690s] Level 1:colcon.colcon_core.package_identification:_identify(build) by extension 'ignore'
[0.690s] Level 1:colcon.colcon_core.package_identification:_identify(build) ignored
[0.690s] Level 1:colcon.colcon_core.package_identification:_identify(install) by extensions ['ignore', 'ignore_ament_install']
[0.691s] Level 1:colcon.colcon_core.package_identification:_identify(install) by extension 'ignore'
[0.691s] Level 1:colcon.colcon_core.package_identification:_identify(install) ignored
[0.691s] Level 1:colcon.colcon_core.package_identification:_identify(log) by extensions ['ignore', 'ignore_ament_install']
[0.691s] Level 1:colcon.colcon_core.package_identification:_identify(log) by extension 'ignore'
[0.691s] Level 1:colcon.colcon_core.package_identification:_identify(log) ignored
[0.692s] Level 1:colcon.colcon_core.package_identification:_identify(src) by extensions ['ignore', 'ignore_ament_install']
[0.692s] Level 1:colcon.colcon_core.package_identification:_identify(src) by extension 'ignore'
[0.692s] Level 1:colcon.colcon_core.package_identification:_identify(src) by extension 'ignore_ament_install'
[0.692s] Level 1:colcon.colcon_core.package_identification:_identify(src) by extensions ['colcon_pkg']
[0.692s] Level 1:colcon.colcon_core.package_identification:_identify(src) by extension 'colcon_pkg'
[0.692s] Level 1:colcon.colcon_core.package_identification:_identify(src) by extensions ['colcon_meta']
[0.692s] Level 1:colcon.colcon_core.package_identification:_identify(src) by extension 'colcon_meta'
[0.692s] Level 1:colcon.colcon_core.package_identification:_identify(src) by extensions ['ros']
[0.692s] Level 1:colcon.colcon_core.package_identification:_identify(src) by extension 'ros'
[0.692s] Level 1:colcon.colcon_core.package_identification:_identify(src) by extensions ['cmake', 'python']
[0.692s] Level 1:colcon.colcon_core.package_identification:_identify(src) by extension 'cmake'
[0.693s] Level 1:colcon.colcon_core.package_identification:_identify(src) by extension 'python'
[0.693s] Level 1:colcon.colcon_core.package_identification:_identify(src) by extensions ['python_setup_py']
[0.693s] Level 1:colcon.colcon_core.package_identification:_identify(src) by extension 'python_setup_py'
[0.693s] Level 1:colcon.colcon_core.package_identification:_identify(src/learning_tf2_cpp) by extensions ['ignore', 'ignore_ament_install']
[0.693s] Level 1:colcon.colcon_core.package_identification:_identify(src/learning_tf2_cpp) by extension 'ignore'
[0.693s] Level 1:colcon.colcon_core.package_identification:_identify(src/learning_tf2_cpp) by extension 'ignore_ament_install'
[0.694s] Level 1:colcon.colcon_core.package_identification:_identify(src/learning_tf2_cpp) by extensions ['colcon_pkg']
[0.694s] Level 1:colcon.colcon_core.package_identification:_identify(src/learning_tf2_cpp) by extension 'colcon_pkg'
[0.694s] Level 1:colcon.colcon_core.package_identification:_identify(src/learning_tf2_cpp) by extensions ['colcon_meta']
[0.694s] Level 1:colcon.colcon_core.package_identification:_identify(src/learning_tf2_cpp) by extension 'colcon_meta'
[0.694s] Level 1:colcon.colcon_core.package_identification:_identify(src/learning_tf2_cpp) by extensions ['ros']
[0.694s] Level 1:colcon.colcon_core.package_identification:_identify(src/learning_tf2_cpp) by extension 'ros'
[0.700s] DEBUG:colcon.colcon_core.package_identification:Package 'src/learning_tf2_cpp' with type 'ros.ament_cmake' and name 'learning_tf2_cpp'
[0.701s] Level 1:colcon.colcon_core.package_identification:_identify(src/night_patrol_robot) by extensions ['ignore', 'ignore_ament_install']
[0.701s] Level 1:colcon.colcon_core.package_identification:_identify(src/night_patrol_robot) by extension 'ignore'
[0.701s] Level 1:colcon.colcon_core.package_identification:_identify(src/night_patrol_robot) by extension 'ignore_ament_install'
[0.701s] Level 1:colcon.colcon_core.package_identification:_identify(src/night_patrol_robot) by extensions ['colcon_pkg']
[0.701s] Level 1:colcon.colcon_core.package_identification:_identify(src/night_patrol_robot) by extension 'colcon_pkg'
[0.701s] Level 1:colcon.colcon_core.package_identification:_identify(src/night_patrol_robot) by extensions ['colcon_meta']
[0.701s] Level 1:colcon.colcon_core.package_identification:_identify(src/night_patrol_robot) by extension 'colcon_meta'
[0.701s] Level 1:colcon.colcon_core.package_identification:_identify(src/night_patrol_robot) by extensions ['ros']
[0.701s] Level 1:colcon.colcon_core.package_identification:_identify(src/night_patrol_robot) by extension 'ros'
[0.705s] DEBUG:colcon.colcon_core.package_identification:Package 'src/night_patrol_robot' with type 'ros.ament_cmake' and name 'night_patrol_robot'
[0.705s] Level 1:colcon.colcon_core.package_identification:_identify(src/night_patrol_world) by extensions ['ignore', 'ignore_ament_install']
[0.706s] Level 1:colcon.colcon_core.package_identification:_identify(src/night_patrol_world) by extension 'ignore'
[0.706s] Level 1:colcon.colcon_core.package_identification:_identify(src/night_patrol_world) by extension 'ignore_ament_install'
[0.706s] Level 1:colcon.colcon_core.package_identification:_identify(src/night_patrol_world) by extensions ['colcon_pkg']
[0.706s] Level 1:colcon.colcon_core.package_identification:_identify(src/night_patrol_world) by extension 'colcon_pkg'
[0.706s] Level 1:colcon.colcon_core.package_identification:_identify(src/night_patrol_world) by extensions ['colcon_meta']
[0.706s] Level 1:colcon.colcon_core.package_identification:_identify(src/night_patrol_world) by extension 'colcon_meta'
[0.706s] Level 1:colcon.colcon_core.package_identification:_identify(src/night_patrol_world) by extensions ['ros']
[0.706s] Level 1:colcon.colcon_core.package_identification:_identify(src/night_patrol_world) by extension 'ros'
[0.708s] DEBUG:colcon.colcon_core.package_identification:Package 'src/night_patrol_world' with type 'ros.ament_cmake' and name 'night_patrol_world'
[0.708s] Level 1:colcon.colcon_core.package_identification:_identify(src/patrol_detection) by extensions ['ignore', 'ignore_ament_install']
[0.708s] Level 1:colcon.colcon_core.package_identification:_identify(src/patrol_detection) by extension 'ignore'
[0.709s] Level 1:colcon.colcon_core.package_identification:_identify(src/patrol_detection) by extension 'ignore_ament_install'
[0.709s] Level 1:colcon.colcon_core.package_identification:_identify(src/patrol_detection) by extensions ['colcon_pkg']
[0.709s] Level 1:colcon.colcon_core.package_identification:_identify(src/patrol_detection) by extension 'colcon_pkg'
[0.709s] Level 1:colcon.colcon_core.package_identification:_identify(src/patrol_detection) by extensions ['colcon_meta']
[0.709s] Level 1:colcon.colcon_core.package_identification:_identify(src/patrol_detection) by extension 'colcon_meta'
[0.709s] Level 1:colcon.colcon_core.package_identification:_identify(src/patrol_detection) by extensions ['ros']
[0.709s] Level 1:colcon.colcon_core.package_identification:_identify(src/patrol_detection) by extension 'ros'
[0.710s] DEBUG:colcon.colcon_core.package_identification:Package 'src/patrol_detection' with type 'ros.ament_python' and name 'patrol_detection'
[0.711s] Level 1:colcon.colcon_core.package_discovery:discover_packages(recursive) using defaults
[0.711s] Level 1:colcon.colcon_core.package_discovery:discover_packages(ignore) discover
[0.711s] Level 1:colcon.colcon_core.package_discovery:discover_packages(ignore) using defaults
[0.711s] Level 1:colcon.colcon_core.package_discovery:discover_packages(path) discover
[0.711s] Level 1:colcon.colcon_core.package_discovery:discover_packages(path) using defaults
[0.766s] Level 1:colcon.colcon_core.package_discovery:discover_packages(prefix_path) check parameters
[0.766s] Level 1:colcon.colcon_core.package_discovery:discover_packages(prefix_path) discover
[0.774s] DEBUG:colcon.colcon_installed_package_information.package_discovery:Found 4 installed packages in /home/ishaani/ros2_ws/install
[0.776s] DEBUG:colcon.colcon_installed_package_information.package_discovery:Found 15 installed packages in /home/ishaani/turtlebot3_ws/install
[0.781s] DEBUG:colcon.colcon_installed_package_information.package_discovery:Found 436 installed packages in /opt/ros/jazzy
[0.787s] Level 1:colcon.colcon_core.package_discovery:discover_packages(prefix_path) using defaults
[0.949s] Level 5:colcon.colcon_core.verb:set package 'learning_tf2_cpp' build argument 'cmake_args' from command line to 'None'
[0.949s] Level 5:colcon.colcon_core.verb:set package 'learning_tf2_cpp' build argument 'cmake_target' from command line to 'None'
[0.950s] Level 5:colcon.colcon_core.verb:set package 'learning_tf2_cpp' build argument 'cmake_target_skip_unavailable' from command line to 'False'
[0.950s] Level 5:colcon.colcon_core.verb:set package 'learning_tf2_cpp' build argument 'cmake_clean_cache' from command line to 'False'
[0.950s] Level 5:colcon.colcon_core.verb:set package 'learning_tf2_cpp' build argument 'cmake_clean_first' from command line to 'False'
[0.950s] Level 5:colcon.colcon_core.verb:set package 'learning_tf2_cpp' build argument 'cmake_force_configure' from command line to 'False'
[0.950s] Level 5:colcon.colcon_core.verb:set package 'learning_tf2_cpp' build argument 'ament_cmake_args' from command line to 'None'
[0.950s] Level 5:colcon.colcon_core.verb:set package 'learning_tf2_cpp' build argument 'catkin_cmake_args' from command line to 'None'
[0.950s] Level 5:colcon.colcon_core.verb:set package 'learning_tf2_cpp' build argument 'catkin_skip_building_tests' from command line to 'False'
[0.950s] DEBUG:colcon.colcon_core.verb:Building package 'learning_tf2_cpp' with the following arguments: {'ament_cmake_args': None, 'build_base': '/home/ishaani/ros2_ws/build/learning_tf2_cpp', 'catkin_cmake_args': None, 'catkin_skip_building_tests': False, 'cmake_args': None, 'cmake_clean_cache': False, 'cmake_clean_first': False, 'cmake_force_configure': False, 'cmake_target': None, 'cmake_target_skip_unavailable': False, 'install_base': '/home/ishaani/ros2_ws/install/learning_tf2_cpp', 'merge_install': False, 'path': '/home/ishaani/ros2_ws/src/learning_tf2_cpp', 'symlink_install': False, 'test_result_base': None}
[0.950s] Level 5:colcon.colcon_core.verb:set package 'night_patrol_robot' build argument 'cmake_args' from command line to 'None'
[0.951s] Level 5:colcon.colcon_core.verb:set package 'night_patrol_robot' build argument 'cmake_target' from command line to 'None'
[0.951s] Level 5:colcon.colcon_core.verb:set package 'night_patrol_robot' build argument 'cmake_target_skip_unavailable' from command line to 'False'
[0.951s] Level 5:colcon.colcon_core.verb:set package 'night_patrol_robot' build argument 'cmake_clean_cache' from command line to 'False'
[0.951s] Level 5:colcon.colcon_core.verb:set package 'night_patrol_robot' build argument 'cmake_clean_first' from command line to 'False'
[0.951s] Level 5:colcon.colcon_core.verb:set package 'night_patrol_robot' build argument 'cmake_force_configure' from command line to 'False'
[0.951s] Level 5:colcon.colcon_core.verb:set package 'night_patrol_robot' build argument 'ament_cmake_args' from command line to 'None'
[0.951s] Level 5:colcon.colcon_core.verb:set package 'night_patrol_robot' build argument 'catkin_cmake_args' from command line to 'None'
[0.951s] Level 5:colcon.colcon_core.verb:set package 'night_patrol_robot' build argument 'catkin_skip_building_tests' from command line to 'False'
[0.951s] DEBUG:colcon.colcon_core.verb:Building package 'night_patrol_robot' with the following arguments: {'ament_cmake_args': None, 'build_base': '/home/ishaani/ros2_ws/build/night_patrol_robot', 'catkin_cmake_args': None, 'catkin_skip_building_tests': False, 'cmake_args': None, 'cmake_clean_cache': False, 'cmake_clean_first': False, 'cmake_force_configure': False, 'cmake_target': None, 'cmake_target_skip_unavailable': False, 'install_base': '/home/ishaani/ros2_ws/install/night_patrol_robot', 'merge_install': False, 'path': '/home/ishaani/ros2_ws/src/night_patrol_robot', 'symlink_install': False, 'test_result_base': None}
[0.952s] Level 5:colcon.colcon_core.verb:set package 'night_patrol_world' build argument 'cmake_args' from command line to 'None'
[0.952s] Level 5:colcon.colcon_core.verb:set package 'night_patrol_world' build argument 'cmake_target' from command line to 'None'
[0.952s] Level 5:colcon.colcon_core.verb:set package 'night_patrol_world' build argument 'cmake_target_skip_unavailable' from command line to 'False'
[0.952s] Level 5:colcon.colcon_core.verb:set package 'night_patrol_world' build argument 'cmake_clean_cache' from command line to 'False'
[0.952s] Level 5:colcon.colcon_core.verb:set package 'night_patrol_world' build argument 'cmake_clean_first' from command line to 'False'
[0.952s] Level 5:colcon.colcon_core.verb:set package 'night_patrol_world' build argument 'cmake_force_configure' from command line to 'False'
[0.952s] Level 5:colcon.colcon_core.verb:set package 'night_patrol_world' build argument 'ament_cmake_args' from command line to 'None'
[0.952s] Level 5:colcon.colcon_core.verb:set package 'night_patrol_world' build argument 'catkin_cmake_args' from command line to 'None'
[0.952s] Level 5:colcon.colcon_core.verb:set package 'night_patrol_world' build argument 'catkin_skip_building_tests' from command line to 'False'
[0.952s] DEBUG:colcon.colcon_core.verb:Building package 'night_patrol_world' with the following arguments: {'ament_cmake_args': None, 'build_base': '/home/ishaani/ros2_ws/build/night_patrol_world', 'catkin_cmake_args': None, 'catkin_skip_building_tests': False, 'cmake_args': None, 'cmake_clean_cache': False, 'cmake_clean_first': False, 'cmake_force_configure': False, 'cmake_target': None, 'cmake_target_skip_unavailable': False, 'install_base': '/home/ishaani/ros2_ws/install/night_patrol_world', 'merge_install': False, 'path': '/home/ishaani/ros2_ws/src/night_patrol_world', 'symlink_install': False, 'test_result_base': None}
[0.953s] Level 5:colcon.colcon_core.verb:set package 'patrol_detection' build argument 'cmake_args' from command line to 'None'
[0.953s] Level 5:colcon.colcon_core.verb:set package 'patrol_detection' build argument 'cmake_target' from command line to 'None'
[0.953s] Level 5:colcon.colcon_core.verb:set package 'patrol_detection' build argument 'cmake_target_skip_unavailable' from command line to 'False'
[0.953s] Level 5:colcon.colcon_core.verb:set package 'patrol_detection' build argument 'cmake_clean_cache' from command line to 'False'
[0.953s] Level 5:colcon.colcon_core.verb:set package 'patrol_detection' build argument 'cmake_clean_first' from command line to 'False'
[0.953s] Level 5:colcon.colcon_core.verb:set package 'patrol_detection' build argument 'cmake_force_configure' from command line to 'False'
[0.953s] Level 5:colcon.colcon_core.verb:set package 'patrol_detection' build argument 'ament_cmake_args' from command line to 'None'
[0.953s] Level 5:colcon.colcon_core.verb:set package 'patrol_detection' build argument 'catkin_cmake_args' from command line to 'None'
[0.953s] Level 5:colcon.colcon_core.verb:set package 'patrol_detection' build argument 'catkin_skip_building_tests' from command line to 'False'
[0.953s] DEBUG:colcon.colcon_core.verb:Building package 'patrol_detection' with the following arguments: {'ament_cmake_args': None, 'build_base': '/home/ishaani/ros2_ws/build/patrol_detection', 'catkin_cmake_args': None, 'catkin_skip_building_tests': False, 'cmake_args': None, 'cmake_clean_cache': False, 'cmake_clean_first': False, 'cmake_force_configure': False, 'cmake_target': None, 'cmake_target_skip_unavailable': False, 'install_base': '/home/ishaani/ros2_ws/install/patrol_detection', 'merge_install': False, 'path': '/home/ishaani/ros2_ws/src/patrol_detection', 'symlink_install': False, 'test_result_base': None}
[0.954s] INFO:colcon.colcon_core.executor:Executing jobs using 'parallel' executor
[0.962s] DEBUG:colcon.colcon_parallel_executor.executor.parallel:run_until_complete
[0.963s] INFO:colcon.colcon_ros.task.ament_cmake.build:Building ROS package in '/home/ishaani/ros2_ws/src/learning_tf2_cpp' with build type 'ament_cmake'
[0.963s] INFO:colcon.colcon_cmake.task.cmake.build:Building CMake package in '/home/ishaani/ros2_ws/src/learning_tf2_cpp'
[0.982s] INFO:colcon.colcon_core.plugin_system:Skipping extension 'colcon_core.shell.bat': Not used on non-Windows systems
[0.982s] INFO:colcon.colcon_core.shell:Skip shell extension 'powershell' for command environment: Not usable outside of PowerShell
[0.982s] DEBUG:colcon.colcon_core.shell:Skip shell extension 'dsv' for command environment
[1.006s] INFO:colcon.colcon_ros.task.ament_cmake.build:Building ROS package in '/home/ishaani/ros2_ws/src/night_patrol_robot' with build type 'ament_cmake'
[1.007s] INFO:colcon.colcon_cmake.task.cmake.build:Building CMake package in '/home/ishaani/ros2_ws/src/night_patrol_robot'
[1.007s] INFO:colcon.colcon_core.shell:Skip shell extension 'powershell' for command environment: Not usable outside of PowerShell
[1.008s] DEBUG:colcon.colcon_core.shell:Skip shell extension 'dsv' for command environment
[1.024s] INFO:colcon.colcon_ros.task.ament_cmake.build:Building ROS package in '/home/ishaani/ros2_ws/src/night_patrol_world' with build type 'ament_cmake'
[1.025s] INFO:colcon.colcon_cmake.task.cmake.build:Building CMake package in '/home/ishaani/ros2_ws/src/night_patrol_world'
[1.025s] INFO:colcon.colcon_core.shell:Skip shell extension 'powershell' for command environment: Not usable outside of PowerShell
[1.025s] DEBUG:colcon.colcon_core.shell:Skip shell extension 'dsv' for command environment
[1.041s] INFO:colcon.colcon_ros.task.ament_python.build:Building ROS package in '/home/ishaani/ros2_ws/src/patrol_detection' with build type 'ament_python'
[1.041s] Level 1:colcon.colcon_core.shell:create_environment_hook('patrol_detection', 'ament_prefix_path')
[1.042s] INFO:colcon.colcon_core.shell:Creating environment hook '/home/ishaani/ros2_ws/install/patrol_detection/share/patrol_detection/hook/ament_prefix_path.ps1'
[1.044s] INFO:colcon.colcon_core.shell:Creating environment descriptor '/home/ishaani/ros2_ws/install/patrol_detection/share/patrol_detection/hook/ament_prefix_path.dsv'
[1.046s] INFO:colcon.colcon_core.shell:Creating environment hook '/home/ishaani/ros2_ws/install/patrol_detection/share/patrol_detection/hook/ament_prefix_path.sh'
[1.049s] INFO:colcon.colcon_core.shell:Skip shell extension 'powershell' for command environment: Not usable outside of PowerShell
[1.049s] DEBUG:colcon.colcon_core.shell:Skip shell extension 'dsv' for command environment
[1.090s] DEBUG:colcon.colcon_core.event_handler.log_command:Invoking command in '/home/ishaani/ros2_ws/build/learning_tf2_cpp': CMAKE_PREFIX_PATH=${CMAKE_PREFIX_PATH}:/home/ishaani/ros2_ws/install/patrol_detection:/home/ishaani/turtlebot3_ws/install/turtlebot3_teleop:/home/ishaani/turtlebot3_ws/install/turtlebot3_example:/opt/ros/jazzy /usr/bin/cmake --build /home/ishaani/ros2_ws/build/learning_tf2_cpp -- -j8 -l8
[1.102s] DEBUG:colcon.colcon_core.event_handler.log_command:Invoking command in '/home/ishaani/ros2_ws/build/night_patrol_robot': CMAKE_PREFIX_PATH=${CMAKE_PREFIX_PATH}:/home/ishaani/ros2_ws/install/patrol_detection:/home/ishaani/turtlebot3_ws/install/turtlebot3_teleop:/home/ishaani/turtlebot3_ws/install/turtlebot3_example:/opt/ros/jazzy /usr/bin/cmake --build /home/ishaani/ros2_ws/build/night_patrol_robot -- -j8 -l8
[1.110s] DEBUG:colcon.colcon_core.event_handler.log_command:Invoking command in '/home/ishaani/ros2_ws/build/night_patrol_world': CMAKE_PREFIX_PATH=${CMAKE_PREFIX_PATH}:/home/ishaani/ros2_ws/install/patrol_detection:/home/ishaani/turtlebot3_ws/install/turtlebot3_teleop:/home/ishaani/turtlebot3_ws/install/turtlebot3_example:/opt/ros/jazzy /usr/bin/cmake --build /home/ishaani/ros2_ws/build/night_patrol_world -- -j8 -l8
[2.112s] INFO:colcon.colcon_core.task.python.build:Building Python package in '/home/ishaani/ros2_ws/src/patrol_detection'
[2.113s] INFO:colcon.colcon_core.shell:Skip shell extension 'powershell' for command environment: Not usable outside of PowerShell
[2.113s] DEBUG:colcon.colcon_core.shell:Skip shell extension 'dsv' for command environment
[2.139s] DEBUG:colcon.colcon_core.event_handler.log_command:Invoked command in '/home/ishaani/ros2_ws/build/learning_tf2_cpp' returned '0': CMAKE_PREFIX_PATH=${CMAKE_PREFIX_PATH}:/home/ishaani/ros2_ws/install/patrol_detection:/home/ishaani/turtlebot3_ws/install/turtlebot3_teleop:/home/ishaani/turtlebot3_ws/install/turtlebot3_example:/opt/ros/jazzy /usr/bin/cmake --build /home/ishaani/ros2_ws/build/learning_tf2_cpp -- -j8 -l8
[2.171s] DEBUG:colcon.colcon_core.event_handler.log_command:Invoking command in '/home/ishaani/ros2_ws/build/learning_tf2_cpp': CMAKE_PREFIX_PATH=${CMAKE_PREFIX_PATH}:/home/ishaani/ros2_ws/install/patrol_detection:/home/ishaani/turtlebot3_ws/install/turtlebot3_teleop:/home/ishaani/turtlebot3_ws/install/turtlebot3_example:/opt/ros/jazzy /usr/bin/cmake --install /home/ishaani/ros2_ws/build/learning_tf2_cpp
[2.178s] DEBUG:colcon.colcon_core.event_handler.log_command:Invoked command in '/home/ishaani/ros2_ws/build/night_patrol_world' returned '0': CMAKE_PREFIX_PATH=${CMAKE_PREFIX_PATH}:/home/ishaani/ros2_ws/install/patrol_detection:/home/ishaani/turtlebot3_ws/install/turtlebot3_teleop:/home/ishaani/turtlebot3_ws/install/turtlebot3_example:/opt/ros/jazzy /usr/bin/cmake --build /home/ishaani/ros2_ws/build/night_patrol_world -- -j8 -l8
[2.178s] DEBUG:colcon.colcon_core.event_handler.log_command:Invoking command in '/home/ishaani/ros2_ws/build/night_patrol_world': CMAKE_PREFIX_PATH=${CMAKE_PREFIX_PATH}:/home/ishaani/ros2_ws/install/patrol_detection:/home/ishaani/turtlebot3_ws/install/turtlebot3_teleop:/home/ishaani/turtlebot3_ws/install/turtlebot3_example:/opt/ros/jazzy /usr/bin/cmake --install /home/ishaani/ros2_ws/build/night_patrol_world
[2.211s] Level 1:colcon.colcon_core.environment:create_environment_scripts_only(night_patrol_world)
[2.219s] DEBUG:colcon.colcon_core.event_handler.log_command:Invoked command in '/home/ishaani/ros2_ws/build/night_patrol_world' returned '0': CMAKE_PREFIX_PATH=${CMAKE_PREFIX_PATH}:/home/ishaani/ros2_ws/install/patrol_detection:/home/ishaani/turtlebot3_ws/install/turtlebot3_teleop:/home/ishaani/turtlebot3_ws/install/turtlebot3_example:/opt/ros/jazzy /usr/bin/cmake --install /home/ishaani/ros2_ws/build/night_patrol_world
[2.228s] Level 1:colcon.colcon_core.environment:checking '/home/ishaani/ros2_ws/install/night_patrol_world' for CMake module files
[2.237s] Level 1:colcon.colcon_core.environment:checking '/home/ishaani/ros2_ws/install/night_patrol_world' for CMake config files
[2.241s] Level 1:colcon.colcon_core.shell:create_environment_hook('night_patrol_world', 'cmake_prefix_path')
[2.241s] INFO:colcon.colcon_core.shell:Creating environment hook '/home/ishaani/ros2_ws/install/night_patrol_world/share/night_patrol_world/hook/cmake_prefix_path.ps1'
[2.242s] INFO:colcon.colcon_core.shell:Creating environment descriptor '/home/ishaani/ros2_ws/install/night_patrol_world/share/night_patrol_world/hook/cmake_prefix_path.dsv'
[2.243s] INFO:colcon.colcon_core.shell:Creating environment hook '/home/ishaani/ros2_ws/install/night_patrol_world/share/night_patrol_world/hook/cmake_prefix_path.sh'
[2.244s] Level 1:colcon.colcon_core.environment:checking '/home/ishaani/ros2_ws/install/night_patrol_world/bin'
[2.244s] Level 1:colcon.colcon_core.environment:checking '/home/ishaani/ros2_ws/install/night_patrol_world/lib/pkgconfig/night_patrol_world.pc'
[2.245s] Level 1:colcon.colcon_core.environment:checking '/home/ishaani/ros2_ws/install/night_patrol_world/lib/python3.12/site-packages'
[2.245s] Level 1:colcon.colcon_core.environment:checking '/home/ishaani/ros2_ws/install/night_patrol_world/bin'
[2.246s] INFO:colcon.colcon_core.shell:Creating package script '/home/ishaani/ros2_ws/install/night_patrol_world/share/night_patrol_world/package.ps1'
[2.248s] INFO:colcon.colcon_core.shell:Creating package descriptor '/home/ishaani/ros2_ws/install/night_patrol_world/share/night_patrol_world/package.dsv'
[2.252s] INFO:colcon.colcon_core.shell:Creating package script '/home/ishaani/ros2_ws/install/night_patrol_world/share/night_patrol_world/package.sh'
[2.254s] INFO:colcon.colcon_core.shell:Creating package script '/home/ishaani/ros2_ws/install/night_patrol_world/share/night_patrol_world/package.bash'
[2.255s] INFO:colcon.colcon_core.shell:Creating package script '/home/ishaani/ros2_ws/install/night_patrol_world/share/night_patrol_world/package.zsh'
[2.256s] Level 1:colcon.colcon_core.environment:create_file_with_runtime_dependencies(/home/ishaani/ros2_ws/install/night_patrol_world/share/colcon-core/packages/night_patrol_world)
[2.258s] Level 1:colcon.colcon_core.environment:create_environment_scripts_only(night_patrol_world)
[2.259s] Level 1:colcon.colcon_core.environment:checking '/home/ishaani/ros2_ws/install/night_patrol_world' for CMake module files
[2.270s] Level 1:colcon.colcon_core.environment:checking '/home/ishaani/ros2_ws/install/night_patrol_world' for CMake config files
[2.270s] Level 1:colcon.colcon_core.shell:create_environment_hook('night_patrol_world', 'cmake_prefix_path')
[2.271s] INFO:colcon.colcon_core.shell:Creating environment hook '/home/ishaani/ros2_ws/install/night_patrol_world/share/night_patrol_world/hook/cmake_prefix_path.ps1'
[2.273s] INFO:colcon.colcon_core.shell:Creating environment descriptor '/home/ishaani/ros2_ws/install/night_patrol_world/share/night_patrol_world/hook/cmake_prefix_path.dsv'
[2.276s] INFO:colcon.colcon_core.shell:Creating environment hook '/home/ishaani/ros2_ws/install/night_patrol_world/share/night_patrol_world/hook/cmake_prefix_path.sh'
[2.279s] Level 1:colcon.colcon_core.environment:checking '/home/ishaani/ros2_ws/install/night_patrol_world/bin'
[2.279s] Level 1:colcon.colcon_core.environment:checking '/home/ishaani/ros2_ws/install/night_patrol_world/lib/pkgconfig/night_patrol_world.pc'
[2.279s] Level 1:colcon.colcon_core.environment:checking '/home/ishaani/ros2_ws/install/night_patrol_world/lib/python3.12/site-packages'
[2.280s] Level 1:colcon.colcon_core.environment:checking '/home/ishaani/ros2_ws/install/night_patrol_world/bin'
[2.281s] INFO:colcon.colcon_core.shell:Creating package script '/home/ishaani/ros2_ws/install/night_patrol_world/share/night_patrol_world/package.ps1'
[2.282s] INFO:colcon.colcon_core.shell:Creating package descriptor '/home/ishaani/ros2_ws/install/night_patrol_world/share/night_patrol_world/package.dsv'
[2.288s] INFO:colcon.colcon_core.shell:Creating package script '/home/ishaani/ros2_ws/install/night_patrol_world/share/night_patrol_world/package.sh'
[2.290s] INFO:colcon.colcon_core.shell:Creating package script '/home/ishaani/ros2_ws/install/night_patrol_world/share/night_patrol_world/package.bash'
[2.298s] INFO:colcon.colcon_core.shell:Creating package script '/home/ishaani/ros2_ws/install/night_patrol_world/share/night_patrol_world/package.zsh'
[2.299s] Level 1:colcon.colcon_core.environment:create_file_with_runtime_dependencies(/home/ishaani/ros2_ws/install/night_patrol_world/share/colcon-core/packages/night_patrol_world)
[2.303s] Level 1:colcon.colcon_core.environment:create_environment_scripts_only(learning_tf2_cpp)
[2.303s] Level 1:colcon.colcon_core.environment:checking '/home/ishaani/ros2_ws/install/learning_tf2_cpp' for CMake module files
[2.307s] DEBUG:colcon.colcon_core.event_handler.log_command:Invoked command in '/home/ishaani/ros2_ws/build/learning_tf2_cpp' returned '0': CMAKE_PREFIX_PATH=${CMAKE_PREFIX_PATH}:/home/ishaani/ros2_ws/install/patrol_detection:/home/ishaani/turtlebot3_ws/install/turtlebot3_teleop:/home/ishaani/turtlebot3_ws/install/turtlebot3_example:/opt/ros/jazzy /usr/bin/cmake --install /home/ishaani/ros2_ws/build/learning_tf2_cpp
[2.307s] Level 1:colcon.colcon_core.environment:checking '/home/ishaani/ros2_ws/install/learning_tf2_cpp' for CMake config files
[2.309s] Level 1:colcon.colcon_core.shell:create_environment_hook('learning_tf2_cpp', 'cmake_prefix_path')
[2.309s] INFO:colcon.colcon_core.shell:Creating environment hook '/home/ishaani/ros2_ws/install/learning_tf2_cpp/share/learning_tf2_cpp/hook/cmake_prefix_path.ps1'
[2.310s] INFO:colcon.colcon_core.shell:Creating environment descriptor '/home/ishaani/ros2_ws/install/learning_tf2_cpp/share/learning_tf2_cpp/hook/cmake_prefix_path.dsv'
[2.311s] INFO:colcon.colcon_core.shell:Creating environment hook '/home/ishaani/ros2_ws/install/learning_tf2_cpp/share/learning_tf2_cpp/hook/cmake_prefix_path.sh'
[2.313s] Level 1:colcon.colcon_core.environment:checking '/home/ishaani/ros2_ws/install/learning_tf2_cpp/lib'
[2.320s] Level 1:colcon.colcon_core.environment:checking '/home/ishaani/ros2_ws/install/learning_tf2_cpp/bin'
[2.320s] Level 1:colcon.colcon_core.environment:checking '/home/ishaani/ros2_ws/install/learning_tf2_cpp/lib/pkgconfig/learning_tf2_cpp.pc'
[2.325s] Level 1:colcon.colcon_core.environment:checking '/home/ishaani/ros2_ws/install/learning_tf2_cpp/lib/python3.12/site-packages'
[2.325s] Level 1:colcon.colcon_core.environment:checking '/home/ishaani/ros2_ws/install/learning_tf2_cpp/bin'
[2.326s] INFO:colcon.colcon_core.shell:Creating package script '/home/ishaani/ros2_ws/install/learning_tf2_cpp/share/learning_tf2_cpp/package.ps1'
[2.327s] INFO:colcon.colcon_core.shell:Creating package descriptor '/home/ishaani/ros2_ws/install/learning_tf2_cpp/share/learning_tf2_cpp/package.dsv'
[2.328s] INFO:colcon.colcon_core.shell:Creating package script '/home/ishaani/ros2_ws/install/learning_tf2_cpp/share/learning_tf2_cpp/package.sh'
[2.334s] INFO:colcon.colcon_core.shell:Creating package script '/home/ishaani/ros2_ws/install/learning_tf2_cpp/share/learning_tf2_cpp/package.bash'
[2.335s] INFO:colcon.colcon_core.shell:Creating package script '/home/ishaani/ros2_ws/install/learning_tf2_cpp/share/learning_tf2_cpp/package.zsh'
[2.336s] Level 1:colcon.colcon_core.environment:create_file_with_runtime_dependencies(/home/ishaani/ros2_ws/install/learning_tf2_cpp/share/colcon-core/packages/learning_tf2_cpp)
[2.339s] Level 1:colcon.colcon_core.environment:create_environment_scripts_only(learning_tf2_cpp)
[2.339s] Level 1:colcon.colcon_core.environment:checking '/home/ishaani/ros2_ws/install/learning_tf2_cpp' for CMake module files
[2.341s] Level 1:colcon.colcon_core.environment:checking '/home/ishaani/ros2_ws/install/learning_tf2_cpp' for CMake config files
[2.342s] Level 1:colcon.colcon_core.shell:create_environment_hook('learning_tf2_cpp', 'cmake_prefix_path')
[2.342s] INFO:colcon.colcon_core.shell:Creating environment hook '/home/ishaani/ros2_ws/install/learning_tf2_cpp/share/learning_tf2_cpp/hook/cmake_prefix_path.ps1'
[2.346s] INFO:colcon.colcon_core.shell:Creating environment descriptor '/home/ishaani/ros2_ws/install/learning_tf2_cpp/share/learning_tf2_cpp/hook/cmake_prefix_path.dsv'
[2.347s] INFO:colcon.colcon_core.shell:Creating environment hook '/home/ishaani/ros2_ws/install/learning_tf2_cpp/share/learning_tf2_cpp/hook/cmake_prefix_path.sh'
[2.356s] Level 1:colcon.colcon_core.environment:checking '/home/ishaani/ros2_ws/install/learning_tf2_cpp/lib'
[2.357s] Level 1:colcon.colcon_core.environment:checking '/home/ishaani/ros2_ws/install/learning_tf2_cpp/bin'
[2.357s] Level 1:colcon.colcon_core.environment:checking '/home/ishaani/ros2_ws/install/learning_tf2_cpp/lib/pkgconfig/learning_tf2_cpp.pc'
[2.357s] Level 1:colcon.colcon_core.environment:checking '/home/ishaani/ros2_ws/install/learning_tf2_cpp/lib/python3.12/site-packages'
[2.358s] Level 1:colcon.colcon_core.environment:checking '/home/ishaani/ros2_ws/install/learning_tf2_cpp/bin'
[2.360s] INFO:colcon.colcon_core.shell:Creating package script '/home/ishaani/ros2_ws/install/learning_tf2_cpp/share/learning_tf2_cpp/package.ps1'
[2.363s] INFO:colcon.colcon_core.shell:Creating package descriptor '/home/ishaani/ros2_ws/install/learning_tf2_cpp/share/learning_tf2_cpp/package.dsv'
[2.364s] INFO:colcon.colcon_core.shell:Creating package script '/home/ishaani/ros2_ws/install/learning_tf2_cpp/share/learning_tf2_cpp/package.sh'
[2.366s] INFO:colcon.colcon_core.shell:Creating package script '/home/ishaani/ros2_ws/install/learning_tf2_cpp/share/learning_tf2_cpp/package.bash'
[2.367s] INFO:colcon.colcon_core.shell:Creating package script '/home/ishaani/ros2_ws/install/learning_tf2_cpp/share/learning_tf2_cpp/package.zsh'
[2.367s] Level 1:colcon.colcon_core.environment:create_file_with_runtime_dependencies(/home/ishaani/ros2_ws/install/learning_tf2_cpp/share/colcon-core/packages/learning_tf2_cpp)
[2.740s] DEBUG:colcon.colcon_core.event_handler.log_command:Invoked command in '/home/ishaani/ros2_ws/build/night_patrol_robot' returned '0': CMAKE_PREFIX_PATH=${CMAKE_PREFIX_PATH}:/home/ishaani/ros2_ws/install/patrol_detection:/home/ishaani/turtlebot3_ws/install/turtlebot3_teleop:/home/ishaani/turtlebot3_ws/install/turtlebot3_example:/opt/ros/jazzy /usr/bin/cmake --build /home/ishaani/ros2_ws/build/night_patrol_robot -- -j8 -l8
[2.742s] DEBUG:colcon.colcon_core.event_handler.log_command:Invoking command in '/home/ishaani/ros2_ws/build/night_patrol_robot': CMAKE_PREFIX_PATH=${CMAKE_PREFIX_PATH}:/home/ishaani/ros2_ws/install/patrol_detection:/home/ishaani/turtlebot3_ws/install/turtlebot3_teleop:/home/ishaani/turtlebot3_ws/install/turtlebot3_example:/opt/ros/jazzy /usr/bin/cmake --install /home/ishaani/ros2_ws/build/night_patrol_robot
[2.957s] Level 1:colcon.colcon_core.environment:create_environment_scripts_only(night_patrol_robot)
[2.958s] Level 1:colcon.colcon_core.environment:checking '/home/ishaani/ros2_ws/install/night_patrol_robot' for CMake module files
[2.959s] Level 1:colcon.colcon_core.environment:checking '/home/ishaani/ros2_ws/install/night_patrol_robot' for CMake config files
[2.960s] Level 1:colcon.colcon_core.shell:create_environment_hook('night_patrol_robot', 'cmake_prefix_path')
[2.960s] INFO:colcon.colcon_core.shell:Creating environment hook '/home/ishaani/ros2_ws/install/night_patrol_robot/share/night_patrol_robot/hook/cmake_prefix_path.ps1'
[2.962s] DEBUG:colcon.colcon_core.event_handler.log_command:Invoked command in '/home/ishaani/ros2_ws/build/night_patrol_robot' returned '0': CMAKE_PREFIX_PATH=${CMAKE_PREFIX_PATH}:/home/ishaani/ros2_ws/install/patrol_detection:/home/ishaani/turtlebot3_ws/install/turtlebot3_teleop:/home/ishaani/turtlebot3_ws/install/turtlebot3_example:/opt/ros/jazzy /usr/bin/cmake --install /home/ishaani/ros2_ws/build/night_patrol_robot
[2.965s] INFO:colcon.colcon_core.shell:Creating environment descriptor '/home/ishaani/ros2_ws/install/night_patrol_robot/share/night_patrol_robot/hook/cmake_prefix_path.dsv'
[2.967s] INFO:colcon.colcon_core.shell:Creating environment hook '/home/ishaani/ros2_ws/install/night_patrol_robot/share/night_patrol_robot/hook/cmake_prefix_path.sh'
[2.970s] Level 1:colcon.colcon_core.environment:checking '/home/ishaani/ros2_ws/install/night_patrol_robot/lib'
[2.970s] Level 1:colcon.colcon_core.environment:checking '/home/ishaani/ros2_ws/install/night_patrol_robot/bin'
[2.971s] Level 1:colcon.colcon_core.environment:checking '/home/ishaani/ros2_ws/install/night_patrol_robot/lib/pkgconfig/night_patrol_robot.pc'
[2.972s] Level 1:colcon.colcon_core.environment:checking '/home/ishaani/ros2_ws/install/night_patrol_robot/lib/python3.12/site-packages'
[2.973s] Level 1:colcon.colcon_core.shell:create_environment_hook('night_patrol_robot', 'pythonpath')
[2.973s] INFO:colcon.colcon_core.shell:Creating environment hook '/home/ishaani/ros2_ws/install/night_patrol_robot/share/night_patrol_robot/hook/pythonpath.ps1'
[2.976s] INFO:colcon.colcon_core.shell:Creating environment descriptor '/home/ishaani/ros2_ws/install/night_patrol_robot/share/night_patrol_robot/hook/pythonpath.dsv'
[2.986s] INFO:colcon.colcon_core.shell:Creating environment hook '/home/ishaani/ros2_ws/install/night_patrol_robot/share/night_patrol_robot/hook/pythonpath.sh'
[2.990s] Level 1:colcon.colcon_core.environment:checking '/home/ishaani/ros2_ws/install/night_patrol_robot/bin'
[2.992s] INFO:colcon.colcon_core.shell:Creating package script '/home/ishaani/ros2_ws/install/night_patrol_robot/share/night_patrol_robot/package.ps1'
[2.994s] INFO:colcon.colcon_core.shell:Creating package descriptor '/home/ishaani/ros2_ws/install/night_patrol_robot/share/night_patrol_robot/package.dsv'
[2.999s] INFO:colcon.colcon_core.shell:Creating package script '/home/ishaani/ros2_ws/install/night_patrol_robot/share/night_patrol_robot/package.sh'
[3.000s] INFO:colcon.colcon_core.shell:Creating package script '/home/ishaani/ros2_ws/install/night_patrol_robot/share/night_patrol_robot/package.bash'
[3.001s] INFO:colcon.colcon_core.shell:Creating package script '/home/ishaani/ros2_ws/install/night_patrol_robot/share/night_patrol_robot/package.zsh'
[3.001s] Level 1:colcon.colcon_core.environment:create_file_with_runtime_dependencies(/home/ishaani/ros2_ws/install/night_patrol_robot/share/colcon-core/packages/night_patrol_robot)
[3.004s] Level 1:colcon.colcon_core.environment:create_environment_scripts_only(night_patrol_robot)
[3.004s] Level 1:colcon.colcon_core.environment:checking '/home/ishaani/ros2_ws/install/night_patrol_robot' for CMake module files
[3.005s] Level 1:colcon.colcon_core.environment:checking '/home/ishaani/ros2_ws/install/night_patrol_robot' for CMake config files
[3.005s] Level 1:colcon.colcon_core.shell:create_environment_hook('night_patrol_robot', 'cmake_prefix_path')
[3.006s] INFO:colcon.colcon_core.shell:Creating environment hook '/home/ishaani/ros2_ws/install/night_patrol_robot/share/night_patrol_robot/hook/cmake_prefix_path.ps1'
[3.007s] INFO:colcon.colcon_core.shell:Creating environment descriptor '/home/ishaani/ros2_ws/install/night_patrol_robot/share/night_patrol_robot/hook/cmake_prefix_path.dsv'
[3.007s] INFO:colcon.colcon_core.shell:Creating environment hook '/home/ishaani/ros2_ws/install/night_patrol_robot/share/night_patrol_robot/hook/cmake_prefix_path.sh'
[3.008s] Level 1:colcon.colcon_core.environment:checking '/home/ishaani/ros2_ws/install/night_patrol_robot/lib'
[3.009s] Level 1:colcon.colcon_core.environment:checking '/home/ishaani/ros2_ws/install/night_patrol_robot/bin'
[3.009s] Level 1:colcon.colcon_core.environment:checking '/home/ishaani/ros2_ws/install/night_patrol_robot/lib/pkgconfig/night_patrol_robot.pc'
[3.009s] Level 1:colcon.colcon_core.environment:checking '/home/ishaani/ros2_ws/install/night_patrol_robot/lib/python3.12/site-packages'
[3.010s] Level 1:colcon.colcon_core.shell:create_environment_hook('night_patrol_robot', 'pythonpath')
[3.010s] INFO:colcon.colcon_core.shell:Creating environment hook '/home/ishaani/ros2_ws/install/night_patrol_robot/share/night_patrol_robot/hook/pythonpath.ps1'
[3.012s] INFO:colcon.colcon_core.shell:Creating environment descriptor '/home/ishaani/ros2_ws/install/night_patrol_robot/share/night_patrol_robot/hook/pythonpath.dsv'
[3.014s] INFO:colcon.colcon_core.shell:Creating environment hook '/home/ishaani/ros2_ws/install/night_patrol_robot/share/night_patrol_robot/hook/pythonpath.sh'
[3.018s] Level 1:colcon.colcon_core.environment:checking '/home/ishaani/ros2_ws/install/night_patrol_robot/bin'
[3.018s] INFO:colcon.colcon_core.shell:Creating package script '/home/ishaani/ros2_ws/install/night_patrol_robot/share/night_patrol_robot/package.ps1'
[3.020s] INFO:colcon.colcon_core.shell:Creating package descriptor '/home/ishaani/ros2_ws/install/night_patrol_robot/share/night_patrol_robot/package.dsv'
[3.022s] INFO:colcon.colcon_core.shell:Creating package script '/home/ishaani/ros2_ws/install/night_patrol_robot/share/night_patrol_robot/package.sh'
[3.023s] INFO:colcon.colcon_core.shell:Creating package script '/home/ishaani/ros2_ws/install/night_patrol_robot/share/night_patrol_robot/package.bash'
[3.024s] INFO:colcon.colcon_core.shell:Creating package script '/home/ishaani/ros2_ws/install/night_patrol_robot/share/night_patrol_robot/package.zsh'
[3.032s] Level 1:colcon.colcon_core.environment:create_file_with_runtime_dependencies(/home/ishaani/ros2_ws/install/night_patrol_robot/share/colcon-core/packages/night_patrol_robot)
[4.419s] DEBUG:colcon.colcon_core.event_handler.log_command:Invoking command in '/home/ishaani/ros2_ws/src/patrol_detection': PYTHONPATH=/home/ishaani/ros2_ws/build/patrol_detection/prefix_override:/usr/lib/python3/dist-packages/colcon_core/task/python/colcon_distutils_commands:/home/ishaani/ros2_ws/install/patrol_detection/lib/python3.12/site-packages:${PYTHONPATH} /usr/bin/python3 -W ignore:setup.py install is deprecated -W ignore:easy_install command is deprecated setup.py egg_info --egg-base ../../build/patrol_detection build --build-base /home/ishaani/ros2_ws/build/patrol_detection/build install --record /home/ishaani/ros2_ws/build/patrol_detection/install.log --single-version-externally-managed install_data
[5.921s] Level 1:colcon.colcon_core.environment:checking '/home/ishaani/ros2_ws/install/patrol_detection' for CMake module files
[5.922s] DEBUG:colcon.colcon_core.event_handler.log_command:Invoked command in '/home/ishaani/ros2_ws/src/patrol_detection' returned '0': PYTHONPATH=/home/ishaani/ros2_ws/build/patrol_detection/prefix_override:/usr/lib/python3/dist-packages/colcon_core/task/python/colcon_distutils_commands:/home/ishaani/ros2_ws/install/patrol_detection/lib/python3.12/site-packages:${PYTHONPATH} /usr/bin/python3 -W ignore:setup.py install is deprecated -W ignore:easy_install command is deprecated setup.py egg_info --egg-base ../../build/patrol_detection build --build-base /home/ishaani/ros2_ws/build/patrol_detection/build install --record /home/ishaani/ros2_ws/build/patrol_detection/install.log --single-version-externally-managed install_data
[5.925s] Level 1:colcon.colcon_core.environment:checking '/home/ishaani/ros2_ws/install/patrol_detection' for CMake config files
[5.927s] Level 1:colcon.colcon_core.environment:checking '/home/ishaani/ros2_ws/install/patrol_detection/lib'
[5.927s] Level 1:colcon.colcon_core.environment:checking '/home/ishaani/ros2_ws/install/patrol_detection/bin'
[5.927s] Level 1:colcon.colcon_core.environment:checking '/home/ishaani/ros2_ws/install/patrol_detection/lib/pkgconfig/patrol_detection.pc'
[5.928s] Level 1:colcon.colcon_core.environment:checking '/home/ishaani/ros2_ws/install/patrol_detection/lib/python3.12/site-packages'
[5.928s] Level 1:colcon.colcon_core.shell:create_environment_hook('patrol_detection', 'pythonpath')
[5.930s] INFO:colcon.colcon_core.shell:Creating environment hook '/home/ishaani/ros2_ws/install/patrol_detection/share/patrol_detection/hook/pythonpath.ps1'
[5.931s] INFO:colcon.colcon_core.shell:Creating environment descriptor '/home/ishaani/ros2_ws/install/patrol_detection/share/patrol_detection/hook/pythonpath.dsv'
[5.932s] INFO:colcon.colcon_core.shell:Creating environment hook '/home/ishaani/ros2_ws/install/patrol_detection/share/patrol_detection/hook/pythonpath.sh'
[5.934s] Level 1:colcon.colcon_core.environment:checking '/home/ishaani/ros2_ws/install/patrol_detection/bin'
[5.934s] Level 1:colcon.colcon_core.environment:create_environment_scripts_only(patrol_detection)
[5.935s] INFO:colcon.colcon_core.shell:Creating package script '/home/ishaani/ros2_ws/install/patrol_detection/share/patrol_detection/package.ps1'
[5.936s] INFO:colcon.colcon_core.shell:Creating package descriptor '/home/ishaani/ros2_ws/install/patrol_detection/share/patrol_detection/package.dsv'
[5.938s] INFO:colcon.colcon_core.shell:Creating package script '/home/ishaani/ros2_ws/install/patrol_detection/share/patrol_detection/package.sh'
[5.939s] INFO:colcon.colcon_core.shell:Creating package script '/home/ishaani/ros2_ws/install/patrol_detection/share/patrol_detection/package.bash'
[5.941s] INFO:colcon.colcon_core.shell:Creating package script '/home/ishaani/ros2_ws/install/patrol_detection/share/patrol_detection/package.zsh'
[5.942s] Level 1:colcon.colcon_core.environment:create_file_with_runtime_dependencies(/home/ishaani/ros2_ws/install/patrol_detection/share/colcon-core/packages/patrol_detection)
[5.943s] DEBUG:colcon.colcon_parallel_executor.executor.parallel:closing loop
[5.943s] DEBUG:colcon.colcon_parallel_executor.executor.parallel:loop closed
[5.943s] DEBUG:colcon.colcon_parallel_executor.executor.parallel:run_until_complete finished with '0'
[5.943s] DEBUG:colcon.colcon_core.event_reactor:joining thread
[6.048s] INFO:colcon.colcon_core.plugin_system:Skipping extension 'colcon_notification.desktop_notification.notify_send': Could not find 'notify-send'
[6.048s] INFO:colcon.colcon_core.plugin_system:Skipping extension 'colcon_notification.desktop_notification.terminal_notifier': Not used on non-Darwin systems
[6.048s] INFO:colcon.colcon_core.plugin_system:Skipping extension 'colcon_notification.desktop_notification.win32': Not used on non-Windows systems
[6.048s] INFO:colcon.colcon_notification.desktop_notification:Sending desktop notification using 'notify2'
[6.055s] DEBUG:colcon.colcon_notification.desktop_notification.notify2:Failed to initialize notify2: org.freedesktop.DBus.Error.ServiceUnknown: The name org.freedesktop.Notifications was not provided by any .service files
[6.055s] DEBUG:colcon.colcon_core.event_reactor:joined thread
[6.056s] INFO:colcon.colcon_core.shell:Creating prefix script '/home/ishaani/ros2_ws/install/local_setup.ps1'
[6.057s] INFO:colcon.colcon_core.shell:Creating prefix util module '/home/ishaani/ros2_ws/install/_local_setup_util_ps1.py'
[6.060s] INFO:colcon.colcon_core.shell:Creating prefix chain script '/home/ishaani/ros2_ws/install/setup.ps1'
[6.066s] INFO:colcon.colcon_core.shell:Creating prefix script '/home/ishaani/ros2_ws/install/local_setup.sh'
[6.067s] INFO:colcon.colcon_core.shell:Creating prefix util module '/home/ishaani/ros2_ws/install/_local_setup_util_sh.py'
[6.068s] INFO:colcon.colcon_core.shell:Creating prefix chain script '/home/ishaani/ros2_ws/install/setup.sh'
[6.094s] INFO:colcon.colcon_core.shell:Creating prefix script '/home/ishaani/ros2_ws/install/local_setup.bash'
[6.096s] INFO:colcon.colcon_core.shell:Creating prefix chain script '/home/ishaani/ros2_ws/install/setup.bash'
[6.099s] INFO:colcon.colcon_core.shell:Creating prefix script '/home/ishaani/ros2_ws/install/local_setup.zsh'
[6.101s] INFO:colcon.colcon_core.shell:Creating prefix chain script '/home/ishaani/ros2_ws/install/setup.zsh'
