[0.362s] DEBUG:colcon:Command line arguments: ['/usr/bin/colcon', 'build']
[0.362s] DEBUG:colcon:Parsed command line arguments: Namespace(log_base=None, log_level=None, verb_name='build', build_base='build', install_base='install', merge_install=False, symlink_install=False, test_result_base=None, continue_on_error=False, executor='parallel', parallel_workers=8, event_handlers=None, ignore_user_meta=False, metas=['./colcon.meta'], base_paths=['.'], packages_ignore=None, packages_ignore_regex=None, paths=None, packages_up_to=None, packages_up_to_regex=None, packages_above=None, packages_above_and_dependencies=None, packages_above_depth=None, packages_select_by_dep=None, packages_skip_by_dep=None, packages_skip_up_to=None, packages_select_build_failed=False, packages_skip_build_finished=False, packages_select_test_failures=False, packages_skip_test_passed=False, packages_select=None, packages_skip=None, packages_select_regex=None, packages_skip_regex=None, packages_start=None, packages_end=None, allow_overriding=[], cmake_args=None, cmake_target=None, cmake_target_skip_unavailable=False, cmake_clean_cache=False, cmake_clean_first=False, cmake_force_configure=False, ament_cmake_args=None, catkin_cmake_args=None, catkin_skip_building_tests=False, verb_parser=<colcon_defaults.argument_parser.defaults.DefaultArgumentsDecorator object at 0x7022ff891340>, verb_extension=<colcon_core.verb.build.BuildVerb object at 0x7022ff8910a0>, main=<bound method BuildVerb.main of <colcon_core.verb.build.BuildVerb object at 0x7022ff8910a0>>)
[0.445s] Level 1:colcon.colcon_core.package_discovery:discover_packages(colcon_meta) check parameters
[0.446s] Level 1:colcon.colcon_core.package_discovery:discover_packages(recursive) check parameters
[0.446s] Level 1:colcon.colcon_core.package_discovery:discover_packages(ignore) check parameters
[0.446s] Level 1:colcon.colcon_core.package_discovery:discover_packages(path) check parameters
[0.446s] Level 1:colcon.colcon_core.package_discovery:discover_packages(colcon_meta) discover
[0.446s] Level 1:colcon.colcon_core.package_discovery:discover_packages(recursive) discover
[0.446s] INFO:colcon.colcon_core.package_discovery:Crawling recursively for packages in '/home/ishaani/ros2_ws'
[0.446s] Level 1:colcon.colcon_core.package_identification:_identify(.) by extensions ['ignore', 'ignore_ament_install']
[0.446s] Level 1:colcon.colcon_core.package_identification:_identify(.) by extension 'ignore'
[0.446s] Level 1:colcon.colcon_core.package_identification:_identify(.) by extension 'ignore_ament_install'
[0.446s] Level 1:colcon.colcon_core.package_identification:_identify(.) by extensions ['colcon_pkg']
[0.446s] Level 1:colcon.colcon_core.package_identification:_identify(.) by extension 'colcon_pkg'
[0.447s] Level 1:colcon.colcon_core.package_identification:_identify(.) by extensions ['colcon_meta']
[0.447s] Level 1:colcon.colcon_core.package_identification:_identify(.) by extension 'colcon_meta'
[0.447s] Level 1:colcon.colcon_core.package_identification:_identify(.) by extensions ['ros']
[0.447s] Level 1:colcon.colcon_core.package_identification:_identify(.) by extension 'ros'
[0.500s] Level 1:colcon.colcon_core.package_identification:_identify(.) by extensions ['cmake', 'python']
[0.501s] Level 1:colcon.colcon_core.package_identification:_identify(.) by extension 'cmake'
[0.501s] Level 1:colcon.colcon_core.package_identification:_identify(.) by extension 'python'
[0.501s] Level 1:colcon.colcon_core.package_identification:_identify(.) by extensions ['python_setup_py']
[0.501s] Level 1:colcon.colcon_core.package_identification:_identify(.) by extension 'python_setup_py'
[0.501s] Level 1:colcon.colcon_core.package_identification:_identify(build) by extensions ['ignore', 'ignore_ament_install']
[0.501s] Level 1:colcon.colcon_core.package_identification:_identify(build) by extension 'ignore'
[0.501s] Level 1:colcon.colcon_core.package_identification:_identify(build) ignored
[0.501s] Level 1:colcon.colcon_core.package_identification:_identify(install) by extensions ['ignore', 'ignore_ament_install']
[0.501s] Level 1:colcon.colcon_core.package_identification:_identify(install) by extension 'ignore'
[0.502s] Level 1:colcon.colcon_core.package_identification:_identify(install) ignored
[0.502s] Level 1:colcon.colcon_core.package_identification:_identify(log) by extensions ['ignore', 'ignore_ament_install']
[0.502s] Level 1:colcon.colcon_core.package_identification:_identify(log) by extension 'ignore'
[0.502s] Level 1:colcon.colcon_core.package_identification:_identify(log) ignored
[0.502s] Level 1:colcon.colcon_core.package_identification:_identify(src) by extensions ['ignore', 'ignore_ament_install']
[0.502s] Level 1:colcon.colcon_core.package_identification:_identify(src) by extension 'ignore'
[0.502s] Level 1:colcon.colcon_core.package_identification:_identify(src) by extension 'ignore_ament_install'
[0.502s] Level 1:colcon.colcon_core.package_identification:_identify(src) by extensions ['colcon_pkg']
[0.502s] Level 1:colcon.colcon_core.package_identification:_identify(src) by extension 'colcon_pkg'
[0.502s] Level 1:colcon.colcon_core.package_identification:_identify(src) by extensions ['colcon_meta']
[0.503s] Level 1:colcon.colcon_core.package_identification:_identify(src) by extension 'colcon_meta'
[0.503s] Level 1:colcon.colcon_core.package_identification:_identify(src) by extensions ['ros']
[0.503s] Level 1:colcon.colcon_core.package_identification:_identify(src) by extension 'ros'
[0.503s] Level 1:colcon.colcon_core.package_identification:_identify(src) by extensions ['cmake', 'python']
[0.503s] Level 1:colcon.colcon_core.package_identification:_identify(src) by extension 'cmake'
[0.503s] Level 1:colcon.colcon_core.package_identification:_identify(src) by extension 'python'
[0.503s] Level 1:colcon.colcon_core.package_identification:_identify(src) by extensions ['python_setup_py']
[0.503s] Level 1:colcon.colcon_core.package_identification:_identify(src) by extension 'python_setup_py'
[0.503s] Level 1:colcon.colcon_core.package_identification:_identify(src/learning_tf2_cpp) by extensions ['ignore', 'ignore_ament_install']
[0.503s] Level 1:colcon.colcon_core.package_identification:_identify(src/learning_tf2_cpp) by extension 'ignore'
[0.503s] Level 1:colcon.colcon_core.package_identification:_identify(src/learning_tf2_cpp) by extension 'ignore_ament_install'
[0.503s] Level 1:colcon.colcon_core.package_identification:_identify(src/learning_tf2_cpp) by extensions ['colcon_pkg']
[0.504s] Level 1:colcon.colcon_core.package_identification:_identify(src/learning_tf2_cpp) by extension 'colcon_pkg'
[0.504s] Level 1:colcon.colcon_core.package_identification:_identify(src/learning_tf2_cpp) by extensions ['colcon_meta']
[0.504s] Level 1:colcon.colcon_core.package_identification:_identify(src/learning_tf2_cpp) by extension 'colcon_meta'
[0.504s] Level 1:colcon.colcon_core.package_identification:_identify(src/learning_tf2_cpp) by extensions ['ros']
[0.504s] Level 1:colcon.colcon_core.package_identification:_identify(src/learning_tf2_cpp) by extension 'ros'
[0.508s] DEBUG:colcon.colcon_core.package_identification:Package 'src/learning_tf2_cpp' with type 'ros.ament_cmake' and name 'learning_tf2_cpp'
[0.509s] Level 1:colcon.colcon_core.package_identification:_identify(src/night_patrol_robot) by extensions ['ignore', 'ignore_ament_install']
[0.509s] Level 1:colcon.colcon_core.package_identification:_identify(src/night_patrol_robot) by extension 'ignore'
[0.509s] Level 1:colcon.colcon_core.package_identification:_identify(src/night_patrol_robot) by extension 'ignore_ament_install'
[0.509s] Level 1:colcon.colcon_core.package_identification:_identify(src/night_patrol_robot) by extensions ['colcon_pkg']
[0.509s] Level 1:colcon.colcon_core.package_identification:_identify(src/night_patrol_robot) by extension 'colcon_pkg'
[0.509s] Level 1:colcon.colcon_core.package_identification:_identify(src/night_patrol_robot) by extensions ['colcon_meta']
[0.509s] Level 1:colcon.colcon_core.package_identification:_identify(src/night_patrol_robot) by extension 'colcon_meta'
[0.509s] Level 1:colcon.colcon_core.package_identification:_identify(src/night_patrol_robot) by extensions ['ros']
[0.509s] Level 1:colcon.colcon_core.package_identification:_identify(src/night_patrol_robot) by extension 'ros'
[0.511s] DEBUG:colcon.colcon_core.package_identification:Package 'src/night_patrol_robot' with type 'ros.ament_cmake' and name 'night_patrol_robot'
[0.512s] Level 1:colcon.colcon_core.package_identification:_identify(src/night_patrol_world) by extensions ['ignore', 'ignore_ament_install']
[0.512s] Level 1:colcon.colcon_core.package_identification:_identify(src/night_patrol_world) by extension 'ignore'
[0.512s] Level 1:colcon.colcon_core.package_identification:_identify(src/night_patrol_world) by extension 'ignore_ament_install'
[0.512s] Level 1:colcon.colcon_core.package_identification:_identify(src/night_patrol_world) by extensions ['colcon_pkg']
[0.512s] Level 1:colcon.colcon_core.package_identification:_identify(src/night_patrol_world) by extension 'colcon_pkg'
[0.512s] Level 1:colcon.colcon_core.package_identification:_identify(src/night_patrol_world) by extensions ['colcon_meta']
[0.512s] Level 1:colcon.colcon_core.package_identification:_identify(src/night_patrol_world) by extension 'colcon_meta'
[0.512s] Level 1:colcon.colcon_core.package_identification:_identify(src/night_patrol_world) by extensions ['ros']
[0.512s] Level 1:colcon.colcon_core.package_identification:_identify(src/night_patrol_world) by extension 'ros'
[0.513s] DEBUG:colcon.colcon_core.package_identification:Package 'src/night_patrol_world' with type 'ros.ament_cmake' and name 'night_patrol_world'
[0.513s] Level 1:colcon.colcon_core.package_identification:_identify(src/patrol_detection) by extensions ['ignore', 'ignore_ament_install']
[0.513s] Level 1:colcon.colcon_core.package_identification:_identify(src/patrol_detection) by extension 'ignore'
[0.513s] Level 1:colcon.colcon_core.package_identification:_identify(src/patrol_detection) by extension 'ignore_ament_install'
[0.514s] Level 1:colcon.colcon_core.package_identification:_identify(src/patrol_detection) by extensions ['colcon_pkg']
[0.514s] Level 1:colcon.colcon_core.package_identification:_identify(src/patrol_detection) by extension 'colcon_pkg'
[0.514s] Level 1:colcon.colcon_core.package_identification:_identify(src/patrol_detection) by extensions ['colcon_meta']
[0.514s] Level 1:colcon.colcon_core.package_identification:_identify(src/patrol_detection) by extension 'colcon_meta'
[0.514s] Level 1:colcon.colcon_core.package_identification:_identify(src/patrol_detection) by extensions ['ros']
[0.514s] Level 1:colcon.colcon_core.package_identification:_identify(src/patrol_detection) by extension 'ros'
[0.514s] DEBUG:colcon.colcon_core.package_identification:Package 'src/patrol_detection' with type 'ros.ament_python' and name 'patrol_detection'
[0.515s] Level 1:colcon.colcon_core.package_discovery:discover_packages(recursive) using defaults
[0.515s] Level 1:colcon.colcon_core.package_discovery:discover_packages(ignore) discover
[0.515s] Level 1:colcon.colcon_core.package_discovery:discover_packages(ignore) using defaults
[0.515s] Level 1:colcon.colcon_core.package_discovery:discover_packages(path) discover
[0.515s] Level 1:colcon.colcon_core.package_discovery:discover_packages(path) using defaults
[0.551s] Level 1:colcon.colcon_core.package_discovery:discover_packages(prefix_path) check parameters
[0.551s] Level 1:colcon.colcon_core.package_discovery:discover_packages(prefix_path) discover
[0.556s] DEBUG:colcon.colcon_installed_package_information.package_discovery:Found 4 installed packages in /home/ishaani/ros2_ws/install
[0.557s] DEBUG:colcon.colcon_installed_package_information.package_discovery:Found 15 installed packages in /home/ishaani/turtlebot3_ws/install
[0.561s] DEBUG:colcon.colcon_installed_package_information.package_discovery:Found 436 installed packages in /opt/ros/jazzy
[0.564s] Level 1:colcon.colcon_core.package_discovery:discover_packages(prefix_path) using defaults
[0.682s] Level 5:colcon.colcon_core.verb:set package 'learning_tf2_cpp' build argument 'cmake_args' from command line to 'None'
[0.682s] Level 5:colcon.colcon_core.verb:set package 'learning_tf2_cpp' build argument 'cmake_target' from command line to 'None'
[0.682s] Level 5:colcon.colcon_core.verb:set package 'learning_tf2_cpp' build argument 'cmake_target_skip_unavailable' from command line to 'False'
[0.682s] Level 5:colcon.colcon_core.verb:set package 'learning_tf2_cpp' build argument 'cmake_clean_cache' from command line to 'False'
[0.682s] Level 5:colcon.colcon_core.verb:set package 'learning_tf2_cpp' build argument 'cmake_clean_first' from command line to 'False'
[0.682s] Level 5:colcon.colcon_core.verb:set package 'learning_tf2_cpp' build argument 'cmake_force_configure' from command line to 'False'
[0.682s] Level 5:colcon.colcon_core.verb:set package 'learning_tf2_cpp' build argument 'ament_cmake_args' from command line to 'None'
[0.682s] Level 5:colcon.colcon_core.verb:set package 'learning_tf2_cpp' build argument 'catkin_cmake_args' from command line to 'None'
[0.682s] Level 5:colcon.colcon_core.verb:set package 'learning_tf2_cpp' build argument 'catkin_skip_building_tests' from command line to 'False'
[0.682s] DEBUG:colcon.colcon_core.verb:Building package 'learning_tf2_cpp' with the following arguments: {'ament_cmake_args': None, 'build_base': '/home/ishaani/ros2_ws/build/learning_tf2_cpp', 'catkin_cmake_args': None, 'catkin_skip_building_tests': False, 'cmake_args': None, 'cmake_clean_cache': False, 'cmake_clean_first': False, 'cmake_force_configure': False, 'cmake_target': None, 'cmake_target_skip_unavailable': False, 'install_base': '/home/ishaani/ros2_ws/install/learning_tf2_cpp', 'merge_install': False, 'path': '/home/ishaani/ros2_ws/src/learning_tf2_cpp', 'symlink_install': False, 'test_result_base': None}
[0.683s] Level 5:colcon.colcon_core.verb:set package 'night_patrol_robot' build argument 'cmake_args' from command line to 'None'
[0.683s] Level 5:colcon.colcon_core.verb:set package 'night_patrol_robot' build argument 'cmake_target' from command line to 'None'
[0.683s] Level 5:colcon.colcon_core.verb:set package 'night_patrol_robot' build argument 'cmake_target_skip_unavailable' from command line to 'False'
[0.683s] Level 5:colcon.colcon_core.verb:set package 'night_patrol_robot' build argument 'cmake_clean_cache' from command line to 'False'
[0.683s] Level 5:colcon.colcon_core.verb:set package 'night_patrol_robot' build argument 'cmake_clean_first' from command line to 'False'
[0.683s] Level 5:colcon.colcon_core.verb:set package 'night_patrol_robot' build argument 'cmake_force_configure' from command line to 'False'
[0.683s] Level 5:colcon.colcon_core.verb:set package 'night_patrol_robot' build argument 'ament_cmake_args' from command line to 'None'
[0.683s] Level 5:colcon.colcon_core.verb:set package 'night_patrol_robot' build argument 'catkin_cmake_args' from command line to 'None'
[0.683s] Level 5:colcon.colcon_core.verb:set package 'night_patrol_robot' build argument 'catkin_skip_building_tests' from command line to 'False'
[0.683s] DEBUG:colcon.colcon_core.verb:Building package 'night_patrol_robot' with the following arguments: {'ament_cmake_args': None, 'build_base': '/home/ishaani/ros2_ws/build/night_patrol_robot', 'catkin_cmake_args': None, 'catkin_skip_building_tests': False, 'cmake_args': None, 'cmake_clean_cache': False, 'cmake_clean_first': False, 'cmake_force_configure': False, 'cmake_target': None, 'cmake_target_skip_unavailable': False, 'install_base': '/home/ishaani/ros2_ws/install/night_patrol_robot', 'merge_install': False, 'path': '/home/ishaani/ros2_ws/src/night_patrol_robot', 'symlink_install': False, 'test_result_base': None}
[0.683s] Level 5:colcon.colcon_core.verb:set package 'night_patrol_world' build argument 'cmake_args' from command line to 'None'
[0.683s] Level 5:colcon.colcon_core.verb:set package 'night_patrol_world' build argument 'cmake_target' from command line to 'None'
[0.683s] Level 5:colcon.colcon_core.verb:set package 'night_patrol_world' build argument 'cmake_target_skip_unavailable' from command line to 'False'
[0.683s] Level 5:colcon.colcon_core.verb:set package 'night_patrol_world' build argument 'cmake_clean_cache' from command line to 'False'
[0.684s] Level 5:colcon.colcon_core.verb:set package 'night_patrol_world' build argument 'cmake_clean_first' from command line to 'False'
[0.684s] Level 5:colcon.colcon_core.verb:set package 'night_patrol_world' build argument 'cmake_force_configure' from command line to 'False'
[0.684s] Level 5:colcon.colcon_core.verb:set package 'night_patrol_world' build argument 'ament_cmake_args' from command line to 'None'
[0.684s] Level 5:colcon.colcon_core.verb:set package 'night_patrol_world' build argument 'catkin_cmake_args' from command line to 'None'
[0.684s] Level 5:colcon.colcon_core.verb:set package 'night_patrol_world' build argument 'catkin_skip_building_tests' from command line to 'False'
[0.684s] DEBUG:colcon.colcon_core.verb:Building package 'night_patrol_world' with the following arguments: {'ament_cmake_args': None, 'build_base': '/home/ishaani/ros2_ws/build/night_patrol_world', 'catkin_cmake_args': None, 'catkin_skip_building_tests': False, 'cmake_args': None, 'cmake_clean_cache': False, 'cmake_clean_first': False, 'cmake_force_configure': False, 'cmake_target': None, 'cmake_target_skip_unavailable': False, 'install_base': '/home/ishaani/ros2_ws/install/night_patrol_world', 'merge_install': False, 'path': '/home/ishaani/ros2_ws/src/night_patrol_world', 'symlink_install': False, 'test_result_base': None}
[0.684s] Level 5:colcon.colcon_core.verb:set package 'patrol_detection' build argument 'cmake_args' from command line to 'None'
[0.684s] Level 5:colcon.colcon_core.verb:set package 'patrol_detection' build argument 'cmake_target' from command line to 'None'
[0.684s] Level 5:colcon.colcon_core.verb:set package 'patrol_detection' build argument 'cmake_target_skip_unavailable' from command line to 'False'
[0.684s] Level 5:colcon.colcon_core.verb:set package 'patrol_detection' build argument 'cmake_clean_cache' from command line to 'False'
[0.684s] Level 5:colcon.colcon_core.verb:set package 'patrol_detection' build argument 'cmake_clean_first' from command line to 'False'
[0.684s] Level 5:colcon.colcon_core.verb:set package 'patrol_detection' build argument 'cmake_force_configure' from command line to 'False'
[0.684s] Level 5:colcon.colcon_core.verb:set package 'patrol_detection' build argument 'ament_cmake_args' from command line to 'None'
[0.684s] Level 5:colcon.colcon_core.verb:set package 'patrol_detection' build argument 'catkin_cmake_args' from command line to 'None'
[0.684s] Level 5:colcon.colcon_core.verb:set package 'patrol_detection' build argument 'catkin_skip_building_tests' from command line to 'False'
[0.684s] DEBUG:colcon.colcon_core.verb:Building package 'patrol_detection' with the following arguments: {'ament_cmake_args': None, 'build_base': '/home/ishaani/ros2_ws/build/patrol_detection', 'catkin_cmake_args': None, 'catkin_skip_building_tests': False, 'cmake_args': None, 'cmake_clean_cache': False, 'cmake_clean_first': False, 'cmake_force_configure': False, 'cmake_target': None, 'cmake_target_skip_unavailable': False, 'install_base': '/home/ishaani/ros2_ws/install/patrol_detection', 'merge_install': False, 'path': '/home/ishaani/ros2_ws/src/patrol_detection', 'symlink_install': False, 'test_result_base': None}
[0.685s] INFO:colcon.colcon_core.executor:Executing jobs using 'parallel' executor
[0.686s] DEBUG:colcon.colcon_parallel_executor.executor.parallel:run_until_complete
[0.686s] INFO:colcon.colcon_ros.task.ament_cmake.build:Building ROS package in '/home/ishaani/ros2_ws/src/learning_tf2_cpp' with build type 'ament_cmake'
[0.687s] INFO:colcon.colcon_cmake.task.cmake.build:Building CMake package in '/home/ishaani/ros2_ws/src/learning_tf2_cpp'
[0.693s] INFO:colcon.colcon_core.plugin_system:Skipping extension 'colcon_core.shell.bat': Not used on non-Windows systems
[0.693s] INFO:colcon.colcon_core.shell:Skip shell extension 'powershell' for command environment: Not usable outside of PowerShell
[0.694s] DEBUG:colcon.colcon_core.shell:Skip shell extension 'dsv' for command environment
[0.721s] INFO:colcon.colcon_ros.task.ament_cmake.build:Building ROS package in '/home/ishaani/ros2_ws/src/night_patrol_robot' with build type 'ament_cmake'
[0.722s] INFO:colcon.colcon_cmake.task.cmake.build:Building CMake package in '/home/ishaani/ros2_ws/src/night_patrol_robot'
[0.722s] INFO:colcon.colcon_core.shell:Skip shell extension 'powershell' for command environment: Not usable outside of PowerShell
[0.722s] DEBUG:colcon.colcon_core.shell:Skip shell extension 'dsv' for command environment
[0.733s] INFO:colcon.colcon_ros.task.ament_cmake.build:Building ROS package in '/home/ishaani/ros2_ws/src/night_patrol_world' with build type 'ament_cmake'
[0.733s] INFO:colcon.colcon_cmake.task.cmake.build:Building CMake package in '/home/ishaani/ros2_ws/src/night_patrol_world'
[0.733s] INFO:colcon.colcon_core.shell:Skip shell extension 'powershell' for command environment: Not usable outside of PowerShell
[0.733s] DEBUG:colcon.colcon_core.shell:Skip shell extension 'dsv' for command environment
[0.743s] INFO:colcon.colcon_ros.task.ament_python.build:Building ROS package in '/home/ishaani/ros2_ws/src/patrol_detection' with build type 'ament_python'
[0.744s] Level 1:colcon.colcon_core.shell:create_environment_hook('patrol_detection', 'ament_prefix_path')
[0.744s] INFO:colcon.colcon_core.shell:Creating environment hook '/home/ishaani/ros2_ws/install/patrol_detection/share/patrol_detection/hook/ament_prefix_path.ps1'
[0.749s] INFO:colcon.colcon_core.shell:Creating environment descriptor '/home/ishaani/ros2_ws/install/patrol_detection/share/patrol_detection/hook/ament_prefix_path.dsv'
[0.750s] INFO:colcon.colcon_core.shell:Creating environment hook '/home/ishaani/ros2_ws/install/patrol_detection/share/patrol_detection/hook/ament_prefix_path.sh'
[0.751s] INFO:colcon.colcon_core.shell:Skip shell extension 'powershell' for command environment: Not usable outside of PowerShell
[0.752s] DEBUG:colcon.colcon_core.shell:Skip shell extension 'dsv' for command environment
[0.777s] DEBUG:colcon.colcon_core.event_handler.log_command:Invoking command in '/home/ishaani/ros2_ws/build/learning_tf2_cpp': CMAKE_PREFIX_PATH=${CMAKE_PREFIX_PATH}:/home/ishaani/ros2_ws/install/patrol_detection:/home/ishaani/turtlebot3_ws/install/turtlebot3_teleop:/home/ishaani/turtlebot3_ws/install/turtlebot3_example:/opt/ros/jazzy /usr/bin/cmake --build /home/ishaani/ros2_ws/build/learning_tf2_cpp -- -j8 -l8
[0.781s] DEBUG:colcon.colcon_core.event_handler.log_command:Invoking command in '/home/ishaani/ros2_ws/build/night_patrol_robot': CMAKE_PREFIX_PATH=${CMAKE_PREFIX_PATH}:/home/ishaani/ros2_ws/install/patrol_detection:/home/ishaani/turtlebot3_ws/install/turtlebot3_teleop:/home/ishaani/turtlebot3_ws/install/turtlebot3_example:/opt/ros/jazzy /usr/bin/cmake --build /home/ishaani/ros2_ws/build/night_patrol_robot -- -j8 -l8
[0.792s] DEBUG:colcon.colcon_core.event_handler.log_command:Invoking command in '/home/ishaani/ros2_ws/build/night_patrol_world': CMAKE_PREFIX_PATH=${CMAKE_PREFIX_PATH}:/home/ishaani/ros2_ws/install/patrol_detection:/home/ishaani/turtlebot3_ws/install/turtlebot3_teleop:/home/ishaani/turtlebot3_ws/install/turtlebot3_example:/opt/ros/jazzy /usr/bin/cmake --build /home/ishaani/ros2_ws/build/night_patrol_world -- -j8 -l8
[1.299s] INFO:colcon.colcon_core.task.python.build:Building Python package in '/home/ishaani/ros2_ws/src/patrol_detection'
[1.299s] INFO:colcon.colcon_core.shell:Skip shell extension 'powershell' for command environment: Not usable outside of PowerShell
[1.299s] DEBUG:colcon.colcon_core.shell:Skip shell extension 'dsv' for command environment
[1.316s] DEBUG:colcon.colcon_core.event_handler.log_command:Invoked command in '/home/ishaani/ros2_ws/build/learning_tf2_cpp' returned '0': CMAKE_PREFIX_PATH=${CMAKE_PREFIX_PATH}:/home/ishaani/ros2_ws/install/patrol_detection:/home/ishaani/turtlebot3_ws/install/turtlebot3_teleop:/home/ishaani/turtlebot3_ws/install/turtlebot3_example:/opt/ros/jazzy /usr/bin/cmake --build /home/ishaani/ros2_ws/build/learning_tf2_cpp -- -j8 -l8
[1.334s] DEBUG:colcon.colcon_core.event_handler.log_command:Invoking command in '/home/ishaani/ros2_ws/build/learning_tf2_cpp': CMAKE_PREFIX_PATH=${CMAKE_PREFIX_PATH}:/home/ishaani/ros2_ws/install/patrol_detection:/home/ishaani/turtlebot3_ws/install/turtlebot3_teleop:/home/ishaani/turtlebot3_ws/install/turtlebot3_example:/opt/ros/jazzy /usr/bin/cmake --install /home/ishaani/ros2_ws/build/learning_tf2_cpp
[1.338s] DEBUG:colcon.colcon_core.event_handler.log_command:Invoked command in '/home/ishaani/ros2_ws/build/night_patrol_world' returned '0': CMAKE_PREFIX_PATH=${CMAKE_PREFIX_PATH}:/home/ishaani/ros2_ws/install/patrol_detection:/home/ishaani/turtlebot3_ws/install/turtlebot3_teleop:/home/ishaani/turtlebot3_ws/install/turtlebot3_example:/opt/ros/jazzy /usr/bin/cmake --build /home/ishaani/ros2_ws/build/night_patrol_world -- -j8 -l8
[1.338s] DEBUG:colcon.colcon_core.event_handler.log_command:Invoking command in '/home/ishaani/ros2_ws/build/night_patrol_world': CMAKE_PREFIX_PATH=${CMAKE_PREFIX_PATH}:/home/ishaani/ros2_ws/install/patrol_detection:/home/ishaani/turtlebot3_ws/install/turtlebot3_teleop:/home/ishaani/turtlebot3_ws/install/turtlebot3_example:/opt/ros/jazzy /usr/bin/cmake --install /home/ishaani/ros2_ws/build/night_patrol_world
[1.361s] Level 1:colcon.colcon_core.environment:create_environment_scripts_only(learning_tf2_cpp)
[1.363s] DEBUG:colcon.colcon_core.event_handler.log_command:Invoked command in '/home/ishaani/ros2_ws/build/learning_tf2_cpp' returned '0': CMAKE_PREFIX_PATH=${CMAKE_PREFIX_PATH}:/home/ishaani/ros2_ws/install/patrol_detection:/home/ishaani/turtlebot3_ws/install/turtlebot3_teleop:/home/ishaani/turtlebot3_ws/install/turtlebot3_example:/opt/ros/jazzy /usr/bin/cmake --install /home/ishaani/ros2_ws/build/learning_tf2_cpp
[1.366s] Level 1:colcon.colcon_core.environment:checking '/home/ishaani/ros2_ws/install/learning_tf2_cpp' for CMake module files
[1.367s] Level 1:colcon.colcon_core.environment:checking '/home/ishaani/ros2_ws/install/learning_tf2_cpp' for CMake config files
[1.368s] Level 1:colcon.colcon_core.shell:create_environment_hook('learning_tf2_cpp', 'cmake_prefix_path')
[1.368s] INFO:colcon.colcon_core.shell:Creating environment hook '/home/ishaani/ros2_ws/install/learning_tf2_cpp/share/learning_tf2_cpp/hook/cmake_prefix_path.ps1'
[1.369s] INFO:colcon.colcon_core.shell:Creating environment descriptor '/home/ishaani/ros2_ws/install/learning_tf2_cpp/share/learning_tf2_cpp/hook/cmake_prefix_path.dsv'
[1.369s] INFO:colcon.colcon_core.shell:Creating environment hook '/home/ishaani/ros2_ws/install/learning_tf2_cpp/share/learning_tf2_cpp/hook/cmake_prefix_path.sh'
[1.370s] Level 1:colcon.colcon_core.environment:checking '/home/ishaani/ros2_ws/install/learning_tf2_cpp/lib'
[1.371s] Level 1:colcon.colcon_core.environment:checking '/home/ishaani/ros2_ws/install/learning_tf2_cpp/bin'
[1.371s] Level 1:colcon.colcon_core.environment:checking '/home/ishaani/ros2_ws/install/learning_tf2_cpp/lib/pkgconfig/learning_tf2_cpp.pc'
[1.371s] Level 1:colcon.colcon_core.environment:checking '/home/ishaani/ros2_ws/install/learning_tf2_cpp/lib/python3.12/site-packages'
[1.372s] Level 1:colcon.colcon_core.environment:checking '/home/ishaani/ros2_ws/install/learning_tf2_cpp/bin'
[1.372s] INFO:colcon.colcon_core.shell:Creating package script '/home/ishaani/ros2_ws/install/learning_tf2_cpp/share/learning_tf2_cpp/package.ps1'
[1.373s] INFO:colcon.colcon_core.shell:Creating package descriptor '/home/ishaani/ros2_ws/install/learning_tf2_cpp/share/learning_tf2_cpp/package.dsv'
[1.374s] INFO:colcon.colcon_core.shell:Creating package script '/home/ishaani/ros2_ws/install/learning_tf2_cpp/share/learning_tf2_cpp/package.sh'
[1.375s] INFO:colcon.colcon_core.shell:Creating package script '/home/ishaani/ros2_ws/install/learning_tf2_cpp/share/learning_tf2_cpp/package.bash'
[1.376s] INFO:colcon.colcon_core.shell:Creating package script '/home/ishaani/ros2_ws/install/learning_tf2_cpp/share/learning_tf2_cpp/package.zsh'
[1.377s] Level 1:colcon.colcon_core.environment:create_file_with_runtime_dependencies(/home/ishaani/ros2_ws/install/learning_tf2_cpp/share/colcon-core/packages/learning_tf2_cpp)
[1.378s] Level 1:colcon.colcon_core.environment:create_environment_scripts_only(learning_tf2_cpp)
[1.378s] Level 1:colcon.colcon_core.environment:checking '/home/ishaani/ros2_ws/install/learning_tf2_cpp' for CMake module files
[1.379s] Level 1:colcon.colcon_core.environment:checking '/home/ishaani/ros2_ws/install/learning_tf2_cpp' for CMake config files
[1.380s] Level 1:colcon.colcon_core.shell:create_environment_hook('learning_tf2_cpp', 'cmake_prefix_path')
[1.380s] INFO:colcon.colcon_core.shell:Creating environment hook '/home/ishaani/ros2_ws/install/learning_tf2_cpp/share/learning_tf2_cpp/hook/cmake_prefix_path.ps1'
[1.381s] INFO:colcon.colcon_core.shell:Creating environment descriptor '/home/ishaani/ros2_ws/install/learning_tf2_cpp/share/learning_tf2_cpp/hook/cmake_prefix_path.dsv'
[1.381s] INFO:colcon.colcon_core.shell:Creating environment hook '/home/ishaani/ros2_ws/install/learning_tf2_cpp/share/learning_tf2_cpp/hook/cmake_prefix_path.sh'
[1.382s] Level 1:colcon.colcon_core.environment:checking '/home/ishaani/ros2_ws/install/learning_tf2_cpp/lib'
[1.382s] Level 1:colcon.colcon_core.environment:checking '/home/ishaani/ros2_ws/install/learning_tf2_cpp/bin'
[1.382s] Level 1:colcon.colcon_core.environment:checking '/home/ishaani/ros2_ws/install/learning_tf2_cpp/lib/pkgconfig/learning_tf2_cpp.pc'
[1.383s] Level 1:colcon.colcon_core.environment:checking '/home/ishaani/ros2_ws/install/learning_tf2_cpp/lib/python3.12/site-packages'
[1.383s] Level 1:colcon.colcon_core.environment:checking '/home/ishaani/ros2_ws/install/learning_tf2_cpp/bin'
[1.384s] INFO:colcon.colcon_core.shell:Creating package script '/home/ishaani/ros2_ws/install/learning_tf2_cpp/share/learning_tf2_cpp/package.ps1'
[1.384s] INFO:colcon.colcon_core.shell:Creating package descriptor '/home/ishaani/ros2_ws/install/learning_tf2_cpp/share/learning_tf2_cpp/package.dsv'
[1.385s] INFO:colcon.colcon_core.shell:Creating package script '/home/ishaani/ros2_ws/install/learning_tf2_cpp/share/learning_tf2_cpp/package.sh'
[1.386s] INFO:colcon.colcon_core.shell:Creating package script '/home/ishaani/ros2_ws/install/learning_tf2_cpp/share/learning_tf2_cpp/package.bash'
[1.387s] INFO:colcon.colcon_core.shell:Creating package script '/home/ishaani/ros2_ws/install/learning_tf2_cpp/share/learning_tf2_cpp/package.zsh'
[1.388s] Level 1:colcon.colcon_core.environment:create_file_with_runtime_dependencies(/home/ishaani/ros2_ws/install/learning_tf2_cpp/share/colcon-core/packages/learning_tf2_cpp)
[1.391s] Level 1:colcon.colcon_core.environment:create_environment_scripts_only(night_patrol_world)
[1.391s] Level 1:colcon.colcon_core.environment:checking '/home/ishaani/ros2_ws/install/night_patrol_world' for CMake module files
[1.392s] Level 1:colcon.colcon_core.environment:checking '/home/ishaani/ros2_ws/install/night_patrol_world' for CMake config files
[1.392s] Level 1:colcon.colcon_core.shell:create_environment_hook('night_patrol_world', 'cmake_prefix_path')
[1.392s] INFO:colcon.colcon_core.shell:Creating environment hook '/home/ishaani/ros2_ws/install/night_patrol_world/share/night_patrol_world/hook/cmake_prefix_path.ps1'
[1.393s] INFO:colcon.colcon_core.shell:Creating environment descriptor '/home/ishaani/ros2_ws/install/night_patrol_world/share/night_patrol_world/hook/cmake_prefix_path.dsv'
[1.394s] DEBUG:colcon.colcon_core.event_handler.log_command:Invoked command in '/home/ishaani/ros2_ws/build/night_patrol_world' returned '0': CMAKE_PREFIX_PATH=${CMAKE_PREFIX_PATH}:/home/ishaani/ros2_ws/install/patrol_detection:/home/ishaani/turtlebot3_ws/install/turtlebot3_teleop:/home/ishaani/turtlebot3_ws/install/turtlebot3_example:/opt/ros/jazzy /usr/bin/cmake --install /home/ishaani/ros2_ws/build/night_patrol_world
[1.395s] INFO:colcon.colcon_core.shell:Creating environment hook '/home/ishaani/ros2_ws/install/night_patrol_world/share/night_patrol_world/hook/cmake_prefix_path.sh'
[1.396s] Level 1:colcon.colcon_core.environment:checking '/home/ishaani/ros2_ws/install/night_patrol_world/bin'
[1.396s] Level 1:colcon.colcon_core.environment:checking '/home/ishaani/ros2_ws/install/night_patrol_world/lib/pkgconfig/night_patrol_world.pc'
[1.396s] Level 1:colcon.colcon_core.environment:checking '/home/ishaani/ros2_ws/install/night_patrol_world/lib/python3.12/site-packages'
[1.397s] Level 1:colcon.colcon_core.environment:checking '/home/ishaani/ros2_ws/install/night_patrol_world/bin'
[1.398s] INFO:colcon.colcon_core.shell:Creating package script '/home/ishaani/ros2_ws/install/night_patrol_world/share/night_patrol_world/package.ps1'
[1.400s] INFO:colcon.colcon_core.shell:Creating package descriptor '/home/ishaani/ros2_ws/install/night_patrol_world/share/night_patrol_world/package.dsv'
[1.400s] INFO:colcon.colcon_core.shell:Creating package script '/home/ishaani/ros2_ws/install/night_patrol_world/share/night_patrol_world/package.sh'
[1.401s] INFO:colcon.colcon_core.shell:Creating package script '/home/ishaani/ros2_ws/install/night_patrol_world/share/night_patrol_world/package.bash'
[1.401s] INFO:colcon.colcon_core.shell:Creating package script '/home/ishaani/ros2_ws/install/night_patrol_world/share/night_patrol_world/package.zsh'
[1.402s] Level 1:colcon.colcon_core.environment:create_file_with_runtime_dependencies(/home/ishaani/ros2_ws/install/night_patrol_world/share/colcon-core/packages/night_patrol_world)
[1.403s] Level 1:colcon.colcon_core.environment:create_environment_scripts_only(night_patrol_world)
[1.403s] Level 1:colcon.colcon_core.environment:checking '/home/ishaani/ros2_ws/install/night_patrol_world' for CMake module files
[1.404s] Level 1:colcon.colcon_core.environment:checking '/home/ishaani/ros2_ws/install/night_patrol_world' for CMake config files
[1.404s] Level 1:colcon.colcon_core.shell:create_environment_hook('night_patrol_world', 'cmake_prefix_path')
[1.404s] INFO:colcon.colcon_core.shell:Creating environment hook '/home/ishaani/ros2_ws/install/night_patrol_world/share/night_patrol_world/hook/cmake_prefix_path.ps1'
[1.405s] INFO:colcon.colcon_core.shell:Creating environment descriptor '/home/ishaani/ros2_ws/install/night_patrol_world/share/night_patrol_world/hook/cmake_prefix_path.dsv'
[1.406s] INFO:colcon.colcon_core.shell:Creating environment hook '/home/ishaani/ros2_ws/install/night_patrol_world/share/night_patrol_world/hook/cmake_prefix_path.sh'
[1.407s] Level 1:colcon.colcon_core.environment:checking '/home/ishaani/ros2_ws/install/night_patrol_world/bin'
[1.407s] Level 1:colcon.colcon_core.environment:checking '/home/ishaani/ros2_ws/install/night_patrol_world/lib/pkgconfig/night_patrol_world.pc'
[1.407s] Level 1:colcon.colcon_core.environment:checking '/home/ishaani/ros2_ws/install/night_patrol_world/lib/python3.12/site-packages'
[1.407s] Level 1:colcon.colcon_core.environment:checking '/home/ishaani/ros2_ws/install/night_patrol_world/bin'
[1.408s] INFO:colcon.colcon_core.shell:Creating package script '/home/ishaani/ros2_ws/install/night_patrol_world/share/night_patrol_world/package.ps1'
[1.408s] INFO:colcon.colcon_core.shell:Creating package descriptor '/home/ishaani/ros2_ws/install/night_patrol_world/share/night_patrol_world/package.dsv'
[1.409s] INFO:colcon.colcon_core.shell:Creating package script '/home/ishaani/ros2_ws/install/night_patrol_world/share/night_patrol_world/package.sh'
[1.410s] INFO:colcon.colcon_core.shell:Creating package script '/home/ishaani/ros2_ws/install/night_patrol_world/share/night_patrol_world/package.bash'
[1.410s] INFO:colcon.colcon_core.shell:Creating package script '/home/ishaani/ros2_ws/install/night_patrol_world/share/night_patrol_world/package.zsh'
[1.411s] Level 1:colcon.colcon_core.environment:create_file_with_runtime_dependencies(/home/ishaani/ros2_ws/install/night_patrol_world/share/colcon-core/packages/night_patrol_world)
[1.781s] DEBUG:colcon.colcon_core.event_handler.log_command:Invoked command in '/home/ishaani/ros2_ws/build/night_patrol_robot' returned '0': CMAKE_PREFIX_PATH=${CMAKE_PREFIX_PATH}:/home/ishaani/ros2_ws/install/patrol_detection:/home/ishaani/turtlebot3_ws/install/turtlebot3_teleop:/home/ishaani/turtlebot3_ws/install/turtlebot3_example:/opt/ros/jazzy /usr/bin/cmake --build /home/ishaani/ros2_ws/build/night_patrol_robot -- -j8 -l8
[1.781s] DEBUG:colcon.colcon_core.event_handler.log_command:Invoking command in '/home/ishaani/ros2_ws/build/night_patrol_robot': CMAKE_PREFIX_PATH=${CMAKE_PREFIX_PATH}:/home/ishaani/ros2_ws/install/patrol_detection:/home/ishaani/turtlebot3_ws/install/turtlebot3_teleop:/home/ishaani/turtlebot3_ws/install/turtlebot3_example:/opt/ros/jazzy /usr/bin/cmake --install /home/ishaani/ros2_ws/build/night_patrol_robot
[1.917s] Level 1:colcon.colcon_core.environment:create_environment_scripts_only(night_patrol_robot)
[1.917s] Level 1:colcon.colcon_core.environment:checking '/home/ishaani/ros2_ws/install/night_patrol_robot' for CMake module files
[1.918s] Level 1:colcon.colcon_core.environment:checking '/home/ishaani/ros2_ws/install/night_patrol_robot' for CMake config files
[1.919s] Level 1:colcon.colcon_core.shell:create_environment_hook('night_patrol_robot', 'cmake_prefix_path')
[1.919s] INFO:colcon.colcon_core.shell:Creating environment hook '/home/ishaani/ros2_ws/install/night_patrol_robot/share/night_patrol_robot/hook/cmake_prefix_path.ps1'
[1.920s] INFO:colcon.colcon_core.shell:Creating environment descriptor '/home/ishaani/ros2_ws/install/night_patrol_robot/share/night_patrol_robot/hook/cmake_prefix_path.dsv'
[1.920s] INFO:colcon.colcon_core.shell:Creating environment hook '/home/ishaani/ros2_ws/install/night_patrol_robot/share/night_patrol_robot/hook/cmake_prefix_path.sh'
[1.921s] Level 1:colcon.colcon_core.environment:checking '/home/ishaani/ros2_ws/install/night_patrol_robot/lib'
[1.921s] Level 1:colcon.colcon_core.environment:checking '/home/ishaani/ros2_ws/install/night_patrol_robot/bin'
[1.921s] Level 1:colcon.colcon_core.environment:checking '/home/ishaani/ros2_ws/install/night_patrol_robot/lib/pkgconfig/night_patrol_robot.pc'
[1.922s] Level 1:colcon.colcon_core.environment:checking '/home/ishaani/ros2_ws/install/night_patrol_robot/lib/python3.12/site-packages'
[1.922s] Level 1:colcon.colcon_core.shell:create_environment_hook('night_patrol_robot', 'pythonpath')
[1.928s] DEBUG:colcon.colcon_core.event_handler.log_command:Invoked command in '/home/ishaani/ros2_ws/build/night_patrol_robot' returned '0': CMAKE_PREFIX_PATH=${CMAKE_PREFIX_PATH}:/home/ishaani/ros2_ws/install/patrol_detection:/home/ishaani/turtlebot3_ws/install/turtlebot3_teleop:/home/ishaani/turtlebot3_ws/install/turtlebot3_example:/opt/ros/jazzy /usr/bin/cmake --install /home/ishaani/ros2_ws/build/night_patrol_robot
[1.928s] INFO:colcon.colcon_core.shell:Creating environment hook '/home/ishaani/ros2_ws/install/night_patrol_robot/share/night_patrol_robot/hook/pythonpath.ps1'
[1.929s] INFO:colcon.colcon_core.shell:Creating environment descriptor '/home/ishaani/ros2_ws/install/night_patrol_robot/share/night_patrol_robot/hook/pythonpath.dsv'
[1.930s] INFO:colcon.colcon_core.shell:Creating environment hook '/home/ishaani/ros2_ws/install/night_patrol_robot/share/night_patrol_robot/hook/pythonpath.sh'
[1.931s] Level 1:colcon.colcon_core.environment:checking '/home/ishaani/ros2_ws/install/night_patrol_robot/bin'
[1.932s] INFO:colcon.colcon_core.shell:Creating package script '/home/ishaani/ros2_ws/install/night_patrol_robot/share/night_patrol_robot/package.ps1'
[1.932s] INFO:colcon.colcon_core.shell:Creating package descriptor '/home/ishaani/ros2_ws/install/night_patrol_robot/share/night_patrol_robot/package.dsv'
[1.933s] INFO:colcon.colcon_core.shell:Creating package script '/home/ishaani/ros2_ws/install/night_patrol_robot/share/night_patrol_robot/package.sh'
[1.934s] INFO:colcon.colcon_core.shell:Creating package script '/home/ishaani/ros2_ws/install/night_patrol_robot/share/night_patrol_robot/package.bash'
[1.938s] INFO:colcon.colcon_core.shell:Creating package script '/home/ishaani/ros2_ws/install/night_patrol_robot/share/night_patrol_robot/package.zsh'
[1.939s] Level 1:colcon.colcon_core.environment:create_file_with_runtime_dependencies(/home/ishaani/ros2_ws/install/night_patrol_robot/share/colcon-core/packages/night_patrol_robot)
[1.947s] Level 1:colcon.colcon_core.environment:create_environment_scripts_only(night_patrol_robot)
[1.948s] Level 1:colcon.colcon_core.environment:checking '/home/ishaani/ros2_ws/install/night_patrol_robot' for CMake module files
[1.949s] Level 1:colcon.colcon_core.environment:checking '/home/ishaani/ros2_ws/install/night_patrol_robot' for CMake config files
[1.949s] Level 1:colcon.colcon_core.shell:create_environment_hook('night_patrol_robot', 'cmake_prefix_path')
[1.949s] INFO:colcon.colcon_core.shell:Creating environment hook '/home/ishaani/ros2_ws/install/night_patrol_robot/share/night_patrol_robot/hook/cmake_prefix_path.ps1'
[1.950s] INFO:colcon.colcon_core.shell:Creating environment descriptor '/home/ishaani/ros2_ws/install/night_patrol_robot/share/night_patrol_robot/hook/cmake_prefix_path.dsv'
[1.951s] INFO:colcon.colcon_core.shell:Creating environment hook '/home/ishaani/ros2_ws/install/night_patrol_robot/share/night_patrol_robot/hook/cmake_prefix_path.sh'
[1.952s] Level 1:colcon.colcon_core.environment:checking '/home/ishaani/ros2_ws/install/night_patrol_robot/lib'
[1.952s] Level 1:colcon.colcon_core.environment:checking '/home/ishaani/ros2_ws/install/night_patrol_robot/bin'
[1.952s] Level 1:colcon.colcon_core.environment:checking '/home/ishaani/ros2_ws/install/night_patrol_robot/lib/pkgconfig/night_patrol_robot.pc'
[1.953s] Level 1:colcon.colcon_core.environment:checking '/home/ishaani/ros2_ws/install/night_patrol_robot/lib/python3.12/site-packages'
[1.953s] Level 1:colcon.colcon_core.shell:create_environment_hook('night_patrol_robot', 'pythonpath')
[1.953s] INFO:colcon.colcon_core.shell:Creating environment hook '/home/ishaani/ros2_ws/install/night_patrol_robot/share/night_patrol_robot/hook/pythonpath.ps1'
[1.954s] INFO:colcon.colcon_core.shell:Creating environment descriptor '/home/ishaani/ros2_ws/install/night_patrol_robot/share/night_patrol_robot/hook/pythonpath.dsv'
[1.954s] INFO:colcon.colcon_core.shell:Creating environment hook '/home/ishaani/ros2_ws/install/night_patrol_robot/share/night_patrol_robot/hook/pythonpath.sh'
[1.956s] Level 1:colcon.colcon_core.environment:checking '/home/ishaani/ros2_ws/install/night_patrol_robot/bin'
[1.956s] INFO:colcon.colcon_core.shell:Creating package script '/home/ishaani/ros2_ws/install/night_patrol_robot/share/night_patrol_robot/package.ps1'
[1.957s] INFO:colcon.colcon_core.shell:Creating package descriptor '/home/ishaani/ros2_ws/install/night_patrol_robot/share/night_patrol_robot/package.dsv'
[1.958s] INFO:colcon.colcon_core.shell:Creating package script '/home/ishaani/ros2_ws/install/night_patrol_robot/share/night_patrol_robot/package.sh'
[1.959s] INFO:colcon.colcon_core.shell:Creating package script '/home/ishaani/ros2_ws/install/night_patrol_robot/share/night_patrol_robot/package.bash'
[1.959s] INFO:colcon.colcon_core.shell:Creating package script '/home/ishaani/ros2_ws/install/night_patrol_robot/share/night_patrol_robot/package.zsh'
[1.960s] Level 1:colcon.colcon_core.environment:create_file_with_runtime_dependencies(/home/ishaani/ros2_ws/install/night_patrol_robot/share/colcon-core/packages/night_patrol_robot)
[2.757s] DEBUG:colcon.colcon_core.event_handler.log_command:Invoking command in '/home/ishaani/ros2_ws/src/patrol_detection': PYTHONPATH=/home/ishaani/ros2_ws/build/patrol_detection/prefix_override:/usr/lib/python3/dist-packages/colcon_core/task/python/colcon_distutils_commands:/home/ishaani/ros2_ws/install/patrol_detection/lib/python3.12/site-packages:${PYTHONPATH} /usr/bin/python3 -W ignore:setup.py install is deprecated -W ignore:easy_install command is deprecated setup.py egg_info --egg-base ../../build/patrol_detection build --build-base /home/ishaani/ros2_ws/build/patrol_detection/build install --record /home/ishaani/ros2_ws/build/patrol_detection/install.log --single-version-externally-managed install_data
[3.996s] Level 1:colcon.colcon_core.environment:checking '/home/ishaani/ros2_ws/install/patrol_detection' for CMake module files
[3.997s] Level 1:colcon.colcon_core.environment:checking '/home/ishaani/ros2_ws/install/patrol_detection' for CMake config files
[3.998s] DEBUG:colcon.colcon_core.event_handler.log_command:Invoked command in '/home/ishaani/ros2_ws/src/patrol_detection' returned '0': PYTHONPATH=/home/ishaani/ros2_ws/build/patrol_detection/prefix_override:/usr/lib/python3/dist-packages/colcon_core/task/python/colcon_distutils_commands:/home/ishaani/ros2_ws/install/patrol_detection/lib/python3.12/site-packages:${PYTHONPATH} /usr/bin/python3 -W ignore:setup.py install is deprecated -W ignore:easy_install command is deprecated setup.py egg_info --egg-base ../../build/patrol_detection build --build-base /home/ishaani/ros2_ws/build/patrol_detection/build install --record /home/ishaani/ros2_ws/build/patrol_detection/install.log --single-version-externally-managed install_data
[3.999s] Level 1:colcon.colcon_core.environment:checking '/home/ishaani/ros2_ws/install/patrol_detection/lib'
[3.999s] Level 1:colcon.colcon_core.environment:checking '/home/ishaani/ros2_ws/install/patrol_detection/bin'
[3.999s] Level 1:colcon.colcon_core.environment:checking '/home/ishaani/ros2_ws/install/patrol_detection/lib/pkgconfig/patrol_detection.pc'
[3.999s] Level 1:colcon.colcon_core.environment:checking '/home/ishaani/ros2_ws/install/patrol_detection/lib/python3.12/site-packages'
[4.000s] Level 1:colcon.colcon_core.shell:create_environment_hook('patrol_detection', 'pythonpath')
[4.000s] INFO:colcon.colcon_core.shell:Creating environment hook '/home/ishaani/ros2_ws/install/patrol_detection/share/patrol_detection/hook/pythonpath.ps1'
[4.001s] INFO:colcon.colcon_core.shell:Creating environment descriptor '/home/ishaani/ros2_ws/install/patrol_detection/share/patrol_detection/hook/pythonpath.dsv'
[4.002s] INFO:colcon.colcon_core.shell:Creating environment hook '/home/ishaani/ros2_ws/install/patrol_detection/share/patrol_detection/hook/pythonpath.sh'
[4.003s] Level 1:colcon.colcon_core.environment:checking '/home/ishaani/ros2_ws/install/patrol_detection/bin'
[4.003s] Level 1:colcon.colcon_core.environment:create_environment_scripts_only(patrol_detection)
[4.004s] INFO:colcon.colcon_core.shell:Creating package script '/home/ishaani/ros2_ws/install/patrol_detection/share/patrol_detection/package.ps1'
[4.006s] INFO:colcon.colcon_core.shell:Creating package descriptor '/home/ishaani/ros2_ws/install/patrol_detection/share/patrol_detection/package.dsv'
[4.007s] INFO:colcon.colcon_core.shell:Creating package script '/home/ishaani/ros2_ws/install/patrol_detection/share/patrol_detection/package.sh'
[4.007s] INFO:colcon.colcon_core.shell:Creating package script '/home/ishaani/ros2_ws/install/patrol_detection/share/patrol_detection/package.bash'
[4.009s] INFO:colcon.colcon_core.shell:Creating package script '/home/ishaani/ros2_ws/install/patrol_detection/share/patrol_detection/package.zsh'
[4.010s] Level 1:colcon.colcon_core.environment:create_file_with_runtime_dependencies(/home/ishaani/ros2_ws/install/patrol_detection/share/colcon-core/packages/patrol_detection)
[4.010s] DEBUG:colcon.colcon_parallel_executor.executor.parallel:closing loop
[4.012s] DEBUG:colcon.colcon_parallel_executor.executor.parallel:loop closed
[4.013s] DEBUG:colcon.colcon_parallel_executor.executor.parallel:run_until_complete finished with '0'
[4.013s] DEBUG:colcon.colcon_core.event_reactor:joining thread
[4.147s] INFO:colcon.colcon_core.plugin_system:Skipping extension 'colcon_notification.desktop_notification.notify_send': Could not find 'notify-send'
[4.147s] INFO:colcon.colcon_core.plugin_system:Skipping extension 'colcon_notification.desktop_notification.terminal_notifier': Not used on non-Darwin systems
[4.147s] INFO:colcon.colcon_core.plugin_system:Skipping extension 'colcon_notification.desktop_notification.win32': Not used on non-Windows systems
[4.147s] INFO:colcon.colcon_notification.desktop_notification:Sending desktop notification using 'notify2'
[4.150s] DEBUG:colcon.colcon_notification.desktop_notification.notify2:Failed to initialize notify2: org.freedesktop.DBus.Error.ServiceUnknown: The name org.freedesktop.Notifications was not provided by any .service files
[4.150s] DEBUG:colcon.colcon_core.event_reactor:joined thread
[4.151s] INFO:colcon.colcon_core.shell:Creating prefix script '/home/ishaani/ros2_ws/install/local_setup.ps1'
[4.153s] INFO:colcon.colcon_core.shell:Creating prefix util module '/home/ishaani/ros2_ws/install/_local_setup_util_ps1.py'
[4.155s] INFO:colcon.colcon_core.shell:Creating prefix chain script '/home/ishaani/ros2_ws/install/setup.ps1'
[4.158s] INFO:colcon.colcon_core.shell:Creating prefix script '/home/ishaani/ros2_ws/install/local_setup.sh'
[4.159s] INFO:colcon.colcon_core.shell:Creating prefix util module '/home/ishaani/ros2_ws/install/_local_setup_util_sh.py'
[4.160s] INFO:colcon.colcon_core.shell:Creating prefix chain script '/home/ishaani/ros2_ws/install/setup.sh'
[4.182s] INFO:colcon.colcon_core.shell:Creating prefix script '/home/ishaani/ros2_ws/install/local_setup.bash'
[4.183s] INFO:colcon.colcon_core.shell:Creating prefix chain script '/home/ishaani/ros2_ws/install/setup.bash'
[4.185s] INFO:colcon.colcon_core.shell:Creating prefix script '/home/ishaani/ros2_ws/install/local_setup.zsh'
[4.186s] INFO:colcon.colcon_core.shell:Creating prefix chain script '/home/ishaani/ros2_ws/install/setup.zsh'
