[0.057s] Invoking command in '/home/ishaani/ros2_ws/build/night_patrol_robot': CMAKE_PREFIX_PATH=${CMAKE_PREFIX_PATH}:/home/ishaani/ros2_ws/install/patrol_detection:/home/ishaani/turtlebot3_ws/install/turtlebot3_teleop:/home/ishaani/turtlebot3_ws/install/turtlebot3_example:/opt/ros/jazzy /usr/bin/cmake --build /home/ishaani/ros2_ws/build/night_patrol_robot -- -j8 -l8
[0.243s] Built target ament_cmake_python_copy_night_patrol_robot
[0.778s] running egg_info
[0.831s] writing night_patrol_robot.egg-info/PKG-INFO
[0.831s] writing dependency_links to night_patrol_robot.egg-info/dependency_links.txt
[0.833s] writing top-level names to night_patrol_robot.egg-info/top_level.txt
[0.961s] reading manifest file 'night_patrol_robot.egg-info/SOURCES.txt'
[0.962s] writing manifest file 'night_patrol_robot.egg-info/SOURCES.txt'
[1.032s] Built target ament_cmake_python_build_night_patrol_robot_egg
[1.057s] Invoked command in '/home/ishaani/ros2_ws/build/night_patrol_robot' returned '0': CMAKE_PREFIX_PATH=${CMAKE_PREFIX_PATH}:/home/ishaani/ros2_ws/install/patrol_detection:/home/ishaani/turtlebot3_ws/install/turtlebot3_teleop:/home/ishaani/turtlebot3_ws/install/turtlebot3_example:/opt/ros/jazzy /usr/bin/cmake --build /home/ishaani/ros2_ws/build/night_patrol_robot -- -j8 -l8
[1.058s] Invoking command in '/home/ishaani/ros2_ws/build/night_patrol_robot': CMAKE_PREFIX_PATH=${CMAKE_PREFIX_PATH}:/home/ishaani/ros2_ws/install/patrol_detection:/home/ishaani/turtlebot3_ws/install/turtlebot3_teleop:/home/ishaani/turtlebot3_ws/install/turtlebot3_example:/opt/ros/jazzy /usr/bin/cmake --install /home/ishaani/ros2_ws/build/night_patrol_robot
[1.090s] -- Install configuration: ""
[1.090s] -- Up-to-date: /home/ishaani/ros2_ws/install/night_patrol_robot/share/night_patrol_robot/environment/pythonpath.sh
[1.091s] -- Up-to-date: /home/ishaani/ros2_ws/install/night_patrol_robot/share/night_patrol_robot/environment/pythonpath.dsv
[1.091s] -- Up-to-date: /home/ishaani/ros2_ws/install/night_patrol_robot/lib/python3.12/site-packages/night_patrol_robot-0.1.0-py3.12.egg-info
[1.091s] -- Installing: /home/ishaani/ros2_ws/install/night_patrol_robot/lib/python3.12/site-packages/night_patrol_robot-0.1.0-py3.12.egg-info/PKG-INFO
[1.092s] -- Installing: /home/ishaani/ros2_ws/install/night_patrol_robot/lib/python3.12/site-packages/night_patrol_robot-0.1.0-py3.12.egg-info/SOURCES.txt
[1.092s] -- Installing: /home/ishaani/ros2_ws/install/night_patrol_robot/lib/python3.12/site-packages/night_patrol_robot-0.1.0-py3.12.egg-info/top_level.txt
[1.093s] -- Installing: /home/ishaani/ros2_ws/install/night_patrol_robot/lib/python3.12/site-packages/night_patrol_robot-0.1.0-py3.12.egg-info/dependency_links.txt
[1.093s] -- Up-to-date: /home/ishaani/ros2_ws/install/night_patrol_robot/lib/python3.12/site-packages/night_patrol_robot
[1.093s] -- Up-to-date: /home/ishaani/ros2_ws/install/night_patrol_robot/lib/python3.12/site-packages/night_patrol_robot/__init__.py
[1.093s] -- Up-to-date: /home/ishaani/ros2_ws/install/night_patrol_robot/lib/python3.12/site-packages/night_patrol_robot/patrol_node.py
[1.175s] Listing '/home/ishaani/ros2_ws/install/night_patrol_robot/lib/python3.12/site-packages/night_patrol_robot'...
[1.186s] -- Up-to-date: /home/ishaani/ros2_ws/install/night_patrol_robot/lib/night_patrol_robot/patrol_node
[1.187s] -- Up-to-date: /home/ishaani/ros2_ws/install/night_patrol_robot/share/night_patrol_robot/launch
[1.187s] -- Up-to-date: /home/ishaani/ros2_ws/install/night_patrol_robot/share/night_patrol_robot/launch/robot_nav.launch.py
[1.187s] -- Up-to-date: /home/ishaani/ros2_ws/install/night_patrol_robot/share/night_patrol_robot/launch/navigation_launch.py
[1.187s] -- Up-to-date: /home/ishaani/ros2_ws/install/night_patrol_robot/share/night_patrol_robot/urdf
[1.187s] -- Up-to-date: /home/ishaani/ros2_ws/install/night_patrol_robot/share/night_patrol_robot/urdf/patrol_robot.urdf.xacro
[1.187s] -- Up-to-date: /home/ishaani/ros2_ws/install/night_patrol_robot/share/night_patrol_robot/config
[1.188s] -- Up-to-date: /home/ishaani/ros2_ws/install/night_patrol_robot/share/night_patrol_robot/config/nav2_params.yaml
[1.188s] -- Up-to-date: /home/ishaani/ros2_ws/install/night_patrol_robot/share/night_patrol_robot/maps
[1.188s] -- Up-to-date: /home/ishaani/ros2_ws/install/night_patrol_robot/share/ament_index/resource_index/package_run_dependencies/night_patrol_robot
[1.188s] -- Up-to-date: /home/ishaani/ros2_ws/install/night_patrol_robot/share/ament_index/resource_index/parent_prefix_path/night_patrol_robot
[1.188s] -- Up-to-date: /home/ishaani/ros2_ws/install/night_patrol_robot/share/night_patrol_robot/environment/ament_prefix_path.sh
[1.189s] -- Up-to-date: /home/ishaani/ros2_ws/install/night_patrol_robot/share/night_patrol_robot/environment/ament_prefix_path.dsv
[1.189s] -- Up-to-date: /home/ishaani/ros2_ws/install/night_patrol_robot/share/night_patrol_robot/environment/path.sh
[1.189s] -- Up-to-date: /home/ishaani/ros2_ws/install/night_patrol_robot/share/night_patrol_robot/environment/path.dsv
[1.189s] -- Up-to-date: /home/ishaani/ros2_ws/install/night_patrol_robot/share/night_patrol_robot/local_setup.bash
[1.189s] -- Up-to-date: /home/ishaani/ros2_ws/install/night_patrol_robot/share/night_patrol_robot/local_setup.sh
[1.191s] -- Up-to-date: /home/ishaani/ros2_ws/install/night_patrol_robot/share/night_patrol_robot/local_setup.zsh
[1.191s] -- Up-to-date: /home/ishaani/ros2_ws/install/night_patrol_robot/share/night_patrol_robot/local_setup.dsv
[1.193s] -- Installing: /home/ishaani/ros2_ws/install/night_patrol_robot/share/night_patrol_robot/package.dsv
[1.193s] -- Up-to-date: /home/ishaani/ros2_ws/install/night_patrol_robot/share/ament_index/resource_index/packages/night_patrol_robot
[1.193s] -- Up-to-date: /home/ishaani/ros2_ws/install/night_patrol_robot/share/night_patrol_robot/cmake/night_patrol_robotConfig.cmake
[1.193s] -- Up-to-date: /home/ishaani/ros2_ws/install/night_patrol_robot/share/night_patrol_robot/cmake/night_patrol_robotConfig-version.cmake
[1.193s] -- Up-to-date: /home/ishaani/ros2_ws/install/night_patrol_robot/share/night_patrol_robot/package.xml
[1.204s] Invoked command in '/home/ishaani/ros2_ws/build/night_patrol_robot' returned '0': CMAKE_PREFIX_PATH=${CMAKE_PREFIX_PATH}:/home/ishaani/ros2_ws/install/patrol_detection:/home/ishaani/turtlebot3_ws/install/turtlebot3_teleop:/home/ishaani/turtlebot3_ws/install/turtlebot3_example:/opt/ros/jazzy /usr/bin/cmake --install /home/ishaani/ros2_ws/build/night_patrol_robot
