[0.410s] DEBUG:colcon:Command line arguments: ['/usr/bin/colcon', 'build']
[0.411s] DEBUG:colcon:Parsed command line arguments: Namespace(log_base=None, log_level=None, verb_name='build', build_base='build', install_base='install', merge_install=False, symlink_install=False, test_result_base=None, continue_on_error=False, executor='parallel', parallel_workers=8, event_handlers=None, ignore_user_meta=False, metas=['./colcon.meta'], base_paths=['.'], packages_ignore=None, packages_ignore_regex=None, paths=None, packages_up_to=None, packages_up_to_regex=None, packages_above=None, packages_above_and_dependencies=None, packages_above_depth=None, packages_select_by_dep=None, packages_skip_by_dep=None, packages_skip_up_to=None, packages_select_build_failed=False, packages_skip_build_finished=False, packages_select_test_failures=False, packages_skip_test_passed=False, packages_select=None, packages_skip=None, packages_select_regex=None, packages_skip_regex=None, packages_start=None, packages_end=None, allow_overriding=[], cmake_args=None, cmake_target=None, cmake_target_skip_unavailable=False, cmake_clean_cache=False, cmake_clean_first=False, cmake_force_configure=False, ament_cmake_args=None, catkin_cmake_args=None, catkin_skip_building_tests=False, verb_parser=<colcon_defaults.argument_parser.defaults.DefaultArgumentsDecorator object at 0x77913937d310>, verb_extension=<colcon_core.verb.build.BuildVerb object at 0x77913937d040>, main=<bound method BuildVerb.main of <colcon_core.verb.build.BuildVerb object at 0x77913937d040>>)
[0.510s] Level 1:colcon.colcon_core.package_discovery:discover_packages(colcon_meta) check parameters
[0.511s] Level 1:colcon.colcon_core.package_discovery:discover_packages(recursive) check parameters
[0.511s] Level 1:colcon.colcon_core.package_discovery:discover_packages(ignore) check parameters
[0.511s] Level 1:colcon.colcon_core.package_discovery:discover_packages(path) check parameters
[0.512s] Level 1:colcon.colcon_core.package_discovery:discover_packages(colcon_meta) discover
[0.512s] Level 1:colcon.colcon_core.package_discovery:discover_packages(recursive) discover
[0.512s] INFO:colcon.colcon_core.package_discovery:Crawling recursively for packages in '/home/ishaani/ros2_ws'
[0.512s] Level 1:colcon.colcon_core.package_identification:_identify(.) by extensions ['ignore', 'ignore_ament_install']
[0.512s] Level 1:colcon.colcon_core.package_identification:_identify(.) by extension 'ignore'
[0.512s] Level 1:colcon.colcon_core.package_identification:_identify(.) by extension 'ignore_ament_install'
[0.513s] Level 1:colcon.colcon_core.package_identification:_identify(.) by extensions ['colcon_pkg']
[0.513s] Level 1:colcon.colcon_core.package_identification:_identify(.) by extension 'colcon_pkg'
[0.513s] Level 1:colcon.colcon_core.package_identification:_identify(.) by extensions ['colcon_meta']
[0.513s] Level 1:colcon.colcon_core.package_identification:_identify(.) by extension 'colcon_meta'
[0.513s] Level 1:colcon.colcon_core.package_identification:_identify(.) by extensions ['ros']
[0.513s] Level 1:colcon.colcon_core.package_identification:_identify(.) by extension 'ros'
[0.579s] Level 1:colcon.colcon_core.package_identification:_identify(.) by extensions ['cmake', 'python']
[0.579s] Level 1:colcon.colcon_core.package_identification:_identify(.) by extension 'cmake'
[0.579s] Level 1:colcon.colcon_core.package_identification:_identify(.) by extension 'python'
[0.579s] Level 1:colcon.colcon_core.package_identification:_identify(.) by extensions ['python_setup_py']
[0.579s] Level 1:colcon.colcon_core.package_identification:_identify(.) by extension 'python_setup_py'
[0.579s] Level 1:colcon.colcon_core.package_identification:_identify(build) by extensions ['ignore', 'ignore_ament_install']
[0.580s] Level 1:colcon.colcon_core.package_identification:_identify(build) by extension 'ignore'
[0.580s] Level 1:colcon.colcon_core.package_identification:_identify(build) ignored
[0.580s] Level 1:colcon.colcon_core.package_identification:_identify(install) by extensions ['ignore', 'ignore_ament_install']
[0.580s] Level 1:colcon.colcon_core.package_identification:_identify(install) by extension 'ignore'
[0.580s] Level 1:colcon.colcon_core.package_identification:_identify(install) ignored
[0.580s] Level 1:colcon.colcon_core.package_identification:_identify(log) by extensions ['ignore', 'ignore_ament_install']
[0.580s] Level 1:colcon.colcon_core.package_identification:_identify(log) by extension 'ignore'
[0.580s] Level 1:colcon.colcon_core.package_identification:_identify(log) ignored
[0.580s] Level 1:colcon.colcon_core.package_identification:_identify(src) by extensions ['ignore', 'ignore_ament_install']
[0.581s] Level 1:colcon.colcon_core.package_identification:_identify(src) by extension 'ignore'
[0.581s] Level 1:colcon.colcon_core.package_identification:_identify(src) by extension 'ignore_ament_install'
[0.581s] Level 1:colcon.colcon_core.package_identification:_identify(src) by extensions ['colcon_pkg']
[0.581s] Level 1:colcon.colcon_core.package_identification:_identify(src) by extension 'colcon_pkg'
[0.581s] Level 1:colcon.colcon_core.package_identification:_identify(src) by extensions ['colcon_meta']
[0.581s] Level 1:colcon.colcon_core.package_identification:_identify(src) by extension 'colcon_meta'
[0.581s] Level 1:colcon.colcon_core.package_identification:_identify(src) by extensions ['ros']
[0.581s] Level 1:colcon.colcon_core.package_identification:_identify(src) by extension 'ros'
[0.581s] Level 1:colcon.colcon_core.package_identification:_identify(src) by extensions ['cmake', 'python']
[0.581s] Level 1:colcon.colcon_core.package_identification:_identify(src) by extension 'cmake'
[0.581s] Level 1:colcon.colcon_core.package_identification:_identify(src) by extension 'python'
[0.581s] Level 1:colcon.colcon_core.package_identification:_identify(src) by extensions ['python_setup_py']
[0.581s] Level 1:colcon.colcon_core.package_identification:_identify(src) by extension 'python_setup_py'
[0.581s] Level 1:colcon.colcon_core.package_identification:_identify(src/learning_tf2_cpp) by extensions ['ignore', 'ignore_ament_install']
[0.582s] Level 1:colcon.colcon_core.package_identification:_identify(src/learning_tf2_cpp) by extension 'ignore'
[0.582s] Level 1:colcon.colcon_core.package_identification:_identify(src/learning_tf2_cpp) by extension 'ignore_ament_install'
[0.582s] Level 1:colcon.colcon_core.package_identification:_identify(src/learning_tf2_cpp) by extensions ['colcon_pkg']
[0.582s] Level 1:colcon.colcon_core.package_identification:_identify(src/learning_tf2_cpp) by extension 'colcon_pkg'
[0.582s] Level 1:colcon.colcon_core.package_identification:_identify(src/learning_tf2_cpp) by extensions ['colcon_meta']
[0.582s] Level 1:colcon.colcon_core.package_identification:_identify(src/learning_tf2_cpp) by extension 'colcon_meta'
[0.582s] Level 1:colcon.colcon_core.package_identification:_identify(src/learning_tf2_cpp) by extensions ['ros']
[0.582s] Level 1:colcon.colcon_core.package_identification:_identify(src/learning_tf2_cpp) by extension 'ros'
[0.588s] DEBUG:colcon.colcon_core.package_identification:Package 'src/learning_tf2_cpp' with type 'ros.ament_cmake' and name 'learning_tf2_cpp'
[0.588s] Level 1:colcon.colcon_core.package_identification:_identify(src/night_patrol_robot) by extensions ['ignore', 'ignore_ament_install']
[0.588s] Level 1:colcon.colcon_core.package_identification:_identify(src/night_patrol_robot) by extension 'ignore'
[0.588s] Level 1:colcon.colcon_core.package_identification:_identify(src/night_patrol_robot) by extension 'ignore_ament_install'
[0.589s] Level 1:colcon.colcon_core.package_identification:_identify(src/night_patrol_robot) by extensions ['colcon_pkg']
[0.589s] Level 1:colcon.colcon_core.package_identification:_identify(src/night_patrol_robot) by extension 'colcon_pkg'
[0.589s] Level 1:colcon.colcon_core.package_identification:_identify(src/night_patrol_robot) by extensions ['colcon_meta']
[0.589s] Level 1:colcon.colcon_core.package_identification:_identify(src/night_patrol_robot) by extension 'colcon_meta'
[0.589s] Level 1:colcon.colcon_core.package_identification:_identify(src/night_patrol_robot) by extensions ['ros']
[0.589s] Level 1:colcon.colcon_core.package_identification:_identify(src/night_patrol_robot) by extension 'ros'
[0.591s] DEBUG:colcon.colcon_core.package_identification:Package 'src/night_patrol_robot' with type 'ros.ament_cmake' and name 'night_patrol_robot'
[0.592s] Level 1:colcon.colcon_core.package_identification:_identify(src/night_patrol_world) by extensions ['ignore', 'ignore_ament_install']
[0.592s] Level 1:colcon.colcon_core.package_identification:_identify(src/night_patrol_world) by extension 'ignore'
[0.592s] Level 1:colcon.colcon_core.package_identification:_identify(src/night_patrol_world) by extension 'ignore_ament_install'
[0.592s] Level 1:colcon.colcon_core.package_identification:_identify(src/night_patrol_world) by extensions ['colcon_pkg']
[0.592s] Level 1:colcon.colcon_core.package_identification:_identify(src/night_patrol_world) by extension 'colcon_pkg'
[0.592s] Level 1:colcon.colcon_core.package_identification:_identify(src/night_patrol_world) by extensions ['colcon_meta']
[0.592s] Level 1:colcon.colcon_core.package_identification:_identify(src/night_patrol_world) by extension 'colcon_meta'
[0.592s] Level 1:colcon.colcon_core.package_identification:_identify(src/night_patrol_world) by extensions ['ros']
[0.592s] Level 1:colcon.colcon_core.package_identification:_identify(src/night_patrol_world) by extension 'ros'
[0.593s] DEBUG:colcon.colcon_core.package_identification:Package 'src/night_patrol_world' with type 'ros.ament_cmake' and name 'night_patrol_world'
[0.593s] Level 1:colcon.colcon_core.package_identification:_identify(src/patrol_detection) by extensions ['ignore', 'ignore_ament_install']
[0.593s] Level 1:colcon.colcon_core.package_identification:_identify(src/patrol_detection) by extension 'ignore'
[0.594s] Level 1:colcon.colcon_core.package_identification:_identify(src/patrol_detection) by extension 'ignore_ament_install'
[0.594s] Level 1:colcon.colcon_core.package_identification:_identify(src/patrol_detection) by extensions ['colcon_pkg']
[0.594s] Level 1:colcon.colcon_core.package_identification:_identify(src/patrol_detection) by extension 'colcon_pkg'
[0.594s] Level 1:colcon.colcon_core.package_identification:_identify(src/patrol_detection) by extensions ['colcon_meta']
[0.594s] Level 1:colcon.colcon_core.package_identification:_identify(src/patrol_detection) by extension 'colcon_meta'
[0.594s] Level 1:colcon.colcon_core.package_identification:_identify(src/patrol_detection) by extensions ['ros']
[0.594s] Level 1:colcon.colcon_core.package_identification:_identify(src/patrol_detection) by extension 'ros'
[0.595s] DEBUG:colcon.colcon_core.package_identification:Package 'src/patrol_detection' with type 'ros.ament_python' and name 'patrol_detection'
[0.595s] Level 1:colcon.colcon_core.package_discovery:discover_packages(recursive) using defaults
[0.595s] Level 1:colcon.colcon_core.package_discovery:discover_packages(ignore) discover
[0.595s] Level 1:colcon.colcon_core.package_discovery:discover_packages(ignore) using defaults
[0.595s] Level 1:colcon.colcon_core.package_discovery:discover_packages(path) discover
[0.595s] Level 1:colcon.colcon_core.package_discovery:discover_packages(path) using defaults
[0.636s] Level 1:colcon.colcon_core.package_discovery:discover_packages(prefix_path) check parameters
[0.637s] Level 1:colcon.colcon_core.package_discovery:discover_packages(prefix_path) discover
[0.642s] DEBUG:colcon.colcon_installed_package_information.package_discovery:Found 4 installed packages in /home/ishaani/ros2_ws/install
[0.643s] DEBUG:colcon.colcon_installed_package_information.package_discovery:Found 15 installed packages in /home/ishaani/turtlebot3_ws/install
[0.647s] DEBUG:colcon.colcon_installed_package_information.package_discovery:Found 436 installed packages in /opt/ros/jazzy
[0.651s] Level 1:colcon.colcon_core.package_discovery:discover_packages(prefix_path) using defaults
[0.785s] Level 5:colcon.colcon_core.verb:set package 'learning_tf2_cpp' build argument 'cmake_args' from command line to 'None'
[0.785s] Level 5:colcon.colcon_core.verb:set package 'learning_tf2_cpp' build argument 'cmake_target' from command line to 'None'
[0.785s] Level 5:colcon.colcon_core.verb:set package 'learning_tf2_cpp' build argument 'cmake_target_skip_unavailable' from command line to 'False'
[0.785s] Level 5:colcon.colcon_core.verb:set package 'learning_tf2_cpp' build argument 'cmake_clean_cache' from command line to 'False'
[0.785s] Level 5:colcon.colcon_core.verb:set package 'learning_tf2_cpp' build argument 'cmake_clean_first' from command line to 'False'
[0.785s] Level 5:colcon.colcon_core.verb:set package 'learning_tf2_cpp' build argument 'cmake_force_configure' from command line to 'False'
[0.785s] Level 5:colcon.colcon_core.verb:set package 'learning_tf2_cpp' build argument 'ament_cmake_args' from command line to 'None'
[0.785s] Level 5:colcon.colcon_core.verb:set package 'learning_tf2_cpp' build argument 'catkin_cmake_args' from command line to 'None'
[0.785s] Level 5:colcon.colcon_core.verb:set package 'learning_tf2_cpp' build argument 'catkin_skip_building_tests' from command line to 'False'
[0.785s] DEBUG:colcon.colcon_core.verb:Building package 'learning_tf2_cpp' with the following arguments: {'ament_cmake_args': None, 'build_base': '/home/ishaani/ros2_ws/build/learning_tf2_cpp', 'catkin_cmake_args': None, 'catkin_skip_building_tests': False, 'cmake_args': None, 'cmake_clean_cache': False, 'cmake_clean_first': False, 'cmake_force_configure': False, 'cmake_target': None, 'cmake_target_skip_unavailable': False, 'install_base': '/home/ishaani/ros2_ws/install/learning_tf2_cpp', 'merge_install': False, 'path': '/home/ishaani/ros2_ws/src/learning_tf2_cpp', 'symlink_install': False, 'test_result_base': None}
[0.786s] Level 5:colcon.colcon_core.verb:set package 'night_patrol_robot' build argument 'cmake_args' from command line to 'None'
[0.786s] Level 5:colcon.colcon_core.verb:set package 'night_patrol_robot' build argument 'cmake_target' from command line to 'None'
[0.786s] Level 5:colcon.colcon_core.verb:set package 'night_patrol_robot' build argument 'cmake_target_skip_unavailable' from command line to 'False'
[0.786s] Level 5:colcon.colcon_core.verb:set package 'night_patrol_robot' build argument 'cmake_clean_cache' from command line to 'False'
[0.786s] Level 5:colcon.colcon_core.verb:set package 'night_patrol_robot' build argument 'cmake_clean_first' from command line to 'False'
[0.786s] Level 5:colcon.colcon_core.verb:set package 'night_patrol_robot' build argument 'cmake_force_configure' from command line to 'False'
[0.786s] Level 5:colcon.colcon_core.verb:set package 'night_patrol_robot' build argument 'ament_cmake_args' from command line to 'None'
[0.786s] Level 5:colcon.colcon_core.verb:set package 'night_patrol_robot' build argument 'catkin_cmake_args' from command line to 'None'
[0.786s] Level 5:colcon.colcon_core.verb:set package 'night_patrol_robot' build argument 'catkin_skip_building_tests' from command line to 'False'
[0.786s] DEBUG:colcon.colcon_core.verb:Building package 'night_patrol_robot' with the following arguments: {'ament_cmake_args': None, 'build_base': '/home/ishaani/ros2_ws/build/night_patrol_robot', 'catkin_cmake_args': None, 'catkin_skip_building_tests': False, 'cmake_args': None, 'cmake_clean_cache': False, 'cmake_clean_first': False, 'cmake_force_configure': False, 'cmake_target': None, 'cmake_target_skip_unavailable': False, 'install_base': '/home/ishaani/ros2_ws/install/night_patrol_robot', 'merge_install': False, 'path': '/home/ishaani/ros2_ws/src/night_patrol_robot', 'symlink_install': False, 'test_result_base': None}
[0.787s] Level 5:colcon.colcon_core.verb:set package 'night_patrol_world' build argument 'cmake_args' from command line to 'None'
[0.787s] Level 5:colcon.colcon_core.verb:set package 'night_patrol_world' build argument 'cmake_target' from command line to 'None'
[0.787s] Level 5:colcon.colcon_core.verb:set package 'night_patrol_world' build argument 'cmake_target_skip_unavailable' from command line to 'False'
[0.787s] Level 5:colcon.colcon_core.verb:set package 'night_patrol_world' build argument 'cmake_clean_cache' from command line to 'False'
[0.787s] Level 5:colcon.colcon_core.verb:set package 'night_patrol_world' build argument 'cmake_clean_first' from command line to 'False'
[0.787s] Level 5:colcon.colcon_core.verb:set package 'night_patrol_world' build argument 'cmake_force_configure' from command line to 'False'
[0.787s] Level 5:colcon.colcon_core.verb:set package 'night_patrol_world' build argument 'ament_cmake_args' from command line to 'None'
[0.787s] Level 5:colcon.colcon_core.verb:set package 'night_patrol_world' build argument 'catkin_cmake_args' from command line to 'None'
[0.787s] Level 5:colcon.colcon_core.verb:set package 'night_patrol_world' build argument 'catkin_skip_building_tests' from command line to 'False'
[0.787s] DEBUG:colcon.colcon_core.verb:Building package 'night_patrol_world' with the following arguments: {'ament_cmake_args': None, 'build_base': '/home/ishaani/ros2_ws/build/night_patrol_world', 'catkin_cmake_args': None, 'catkin_skip_building_tests': False, 'cmake_args': None, 'cmake_clean_cache': False, 'cmake_clean_first': False, 'cmake_force_configure': False, 'cmake_target': None, 'cmake_target_skip_unavailable': False, 'install_base': '/home/ishaani/ros2_ws/install/night_patrol_world', 'merge_install': False, 'path': '/home/ishaani/ros2_ws/src/night_patrol_world', 'symlink_install': False, 'test_result_base': None}
[0.788s] Level 5:colcon.colcon_core.verb:set package 'patrol_detection' build argument 'cmake_args' from command line to 'None'
[0.788s] Level 5:colcon.colcon_core.verb:set package 'patrol_detection' build argument 'cmake_target' from command line to 'None'
[0.788s] Level 5:colcon.colcon_core.verb:set package 'patrol_detection' build argument 'cmake_target_skip_unavailable' from command line to 'False'
[0.788s] Level 5:colcon.colcon_core.verb:set package 'patrol_detection' build argument 'cmake_clean_cache' from command line to 'False'
[0.788s] Level 5:colcon.colcon_core.verb:set package 'patrol_detection' build argument 'cmake_clean_first' from command line to 'False'
[0.788s] Level 5:colcon.colcon_core.verb:set package 'patrol_detection' build argument 'cmake_force_configure' from command line to 'False'
[0.788s] Level 5:colcon.colcon_core.verb:set package 'patrol_detection' build argument 'ament_cmake_args' from command line to 'None'
[0.788s] Level 5:colcon.colcon_core.verb:set package 'patrol_detection' build argument 'catkin_cmake_args' from command line to 'None'
[0.788s] Level 5:colcon.colcon_core.verb:set package 'patrol_detection' build argument 'catkin_skip_building_tests' from command line to 'False'
[0.788s] DEBUG:colcon.colcon_core.verb:Building package 'patrol_detection' with the following arguments: {'ament_cmake_args': None, 'build_base': '/home/ishaani/ros2_ws/build/patrol_detection', 'catkin_cmake_args': None, 'catkin_skip_building_tests': False, 'cmake_args': None, 'cmake_clean_cache': False, 'cmake_clean_first': False, 'cmake_force_configure': False, 'cmake_target': None, 'cmake_target_skip_unavailable': False, 'install_base': '/home/ishaani/ros2_ws/install/patrol_detection', 'merge_install': False, 'path': '/home/ishaani/ros2_ws/src/patrol_detection', 'symlink_install': False, 'test_result_base': None}
[0.789s] INFO:colcon.colcon_core.executor:Executing jobs using 'parallel' executor
[0.790s] DEBUG:colcon.colcon_parallel_executor.executor.parallel:run_until_complete
[0.790s] INFO:colcon.colcon_ros.task.ament_cmake.build:Building ROS package in '/home/ishaani/ros2_ws/src/learning_tf2_cpp' with build type 'ament_cmake'
[0.791s] INFO:colcon.colcon_cmake.task.cmake.build:Building CMake package in '/home/ishaani/ros2_ws/src/learning_tf2_cpp'
[0.795s] INFO:colcon.colcon_core.plugin_system:Skipping extension 'colcon_core.shell.bat': Not used on non-Windows systems
[0.796s] INFO:colcon.colcon_core.shell:Skip shell extension 'powershell' for command environment: Not usable outside of PowerShell
[0.796s] DEBUG:colcon.colcon_core.shell:Skip shell extension 'dsv' for command environment
[0.811s] INFO:colcon.colcon_ros.task.ament_cmake.build:Building ROS package in '/home/ishaani/ros2_ws/src/night_patrol_robot' with build type 'ament_cmake'
[0.811s] INFO:colcon.colcon_cmake.task.cmake.build:Building CMake package in '/home/ishaani/ros2_ws/src/night_patrol_robot'
[0.812s] INFO:colcon.colcon_core.shell:Skip shell extension 'powershell' for command environment: Not usable outside of PowerShell
[0.812s] DEBUG:colcon.colcon_core.shell:Skip shell extension 'dsv' for command environment
[0.825s] INFO:colcon.colcon_ros.task.ament_cmake.build:Building ROS package in '/home/ishaani/ros2_ws/src/night_patrol_world' with build type 'ament_cmake'
[0.826s] INFO:colcon.colcon_cmake.task.cmake.build:Building CMake package in '/home/ishaani/ros2_ws/src/night_patrol_world'
[0.826s] INFO:colcon.colcon_core.shell:Skip shell extension 'powershell' for command environment: Not usable outside of PowerShell
[0.826s] DEBUG:colcon.colcon_core.shell:Skip shell extension 'dsv' for command environment
[0.847s] INFO:colcon.colcon_ros.task.ament_python.build:Building ROS package in '/home/ishaani/ros2_ws/src/patrol_detection' with build type 'ament_python'
[0.847s] Level 1:colcon.colcon_core.shell:create_environment_hook('patrol_detection', 'ament_prefix_path')
[0.848s] INFO:colcon.colcon_core.shell:Creating environment hook '/home/ishaani/ros2_ws/install/patrol_detection/share/patrol_detection/hook/ament_prefix_path.ps1'
[0.849s] INFO:colcon.colcon_core.shell:Creating environment descriptor '/home/ishaani/ros2_ws/install/patrol_detection/share/patrol_detection/hook/ament_prefix_path.dsv'
[0.850s] INFO:colcon.colcon_core.shell:Creating environment hook '/home/ishaani/ros2_ws/install/patrol_detection/share/patrol_detection/hook/ament_prefix_path.sh'
[0.851s] INFO:colcon.colcon_core.shell:Skip shell extension 'powershell' for command environment: Not usable outside of PowerShell
[0.852s] DEBUG:colcon.colcon_core.shell:Skip shell extension 'dsv' for command environment
[0.879s] DEBUG:colcon.colcon_core.event_handler.log_command:Invoking command in '/home/ishaani/ros2_ws/build/learning_tf2_cpp': CMAKE_PREFIX_PATH=${CMAKE_PREFIX_PATH}:/home/ishaani/ros2_ws/install/patrol_detection:/home/ishaani/turtlebot3_ws/install/turtlebot3_teleop:/home/ishaani/turtlebot3_ws/install/turtlebot3_example:/opt/ros/jazzy /usr/bin/cmake --build /home/ishaani/ros2_ws/build/learning_tf2_cpp -- -j8 -l8
[0.887s] DEBUG:colcon.colcon_core.event_handler.log_command:Invoking command in '/home/ishaani/ros2_ws/build/night_patrol_robot': CMAKE_PREFIX_PATH=${CMAKE_PREFIX_PATH}:/home/ishaani/ros2_ws/install/patrol_detection:/home/ishaani/turtlebot3_ws/install/turtlebot3_teleop:/home/ishaani/turtlebot3_ws/install/turtlebot3_example:/opt/ros/jazzy /usr/bin/cmake --build /home/ishaani/ros2_ws/build/night_patrol_robot -- -j8 -l8
[0.896s] DEBUG:colcon.colcon_core.event_handler.log_command:Invoking command in '/home/ishaani/ros2_ws/build/night_patrol_world': CMAKE_PREFIX_PATH=${CMAKE_PREFIX_PATH}:/home/ishaani/ros2_ws/install/patrol_detection:/home/ishaani/turtlebot3_ws/install/turtlebot3_teleop:/home/ishaani/turtlebot3_ws/install/turtlebot3_example:/opt/ros/jazzy /usr/bin/cmake --build /home/ishaani/ros2_ws/build/night_patrol_world -- -j8 -l8
[1.509s] INFO:colcon.colcon_core.task.python.build:Building Python package in '/home/ishaani/ros2_ws/src/patrol_detection'
[1.510s] INFO:colcon.colcon_core.shell:Skip shell extension 'powershell' for command environment: Not usable outside of PowerShell
[1.510s] DEBUG:colcon.colcon_core.shell:Skip shell extension 'dsv' for command environment
[1.530s] DEBUG:colcon.colcon_core.event_handler.log_command:Invoked command in '/home/ishaani/ros2_ws/build/learning_tf2_cpp' returned '0': CMAKE_PREFIX_PATH=${CMAKE_PREFIX_PATH}:/home/ishaani/ros2_ws/install/patrol_detection:/home/ishaani/turtlebot3_ws/install/turtlebot3_teleop:/home/ishaani/turtlebot3_ws/install/turtlebot3_example:/opt/ros/jazzy /usr/bin/cmake --build /home/ishaani/ros2_ws/build/learning_tf2_cpp -- -j8 -l8
[1.570s] DEBUG:colcon.colcon_core.event_handler.log_command:Invoking command in '/home/ishaani/ros2_ws/build/learning_tf2_cpp': CMAKE_PREFIX_PATH=${CMAKE_PREFIX_PATH}:/home/ishaani/ros2_ws/install/patrol_detection:/home/ishaani/turtlebot3_ws/install/turtlebot3_teleop:/home/ishaani/turtlebot3_ws/install/turtlebot3_example:/opt/ros/jazzy /usr/bin/cmake --install /home/ishaani/ros2_ws/build/learning_tf2_cpp
[1.573s] DEBUG:colcon.colcon_core.event_handler.log_command:Invoked command in '/home/ishaani/ros2_ws/build/night_patrol_world' returned '0': CMAKE_PREFIX_PATH=${CMAKE_PREFIX_PATH}:/home/ishaani/ros2_ws/install/patrol_detection:/home/ishaani/turtlebot3_ws/install/turtlebot3_teleop:/home/ishaani/turtlebot3_ws/install/turtlebot3_example:/opt/ros/jazzy /usr/bin/cmake --build /home/ishaani/ros2_ws/build/night_patrol_world -- -j8 -l8
[1.576s] DEBUG:colcon.colcon_core.event_handler.log_command:Invoking command in '/home/ishaani/ros2_ws/build/night_patrol_world': CMAKE_PREFIX_PATH=${CMAKE_PREFIX_PATH}:/home/ishaani/ros2_ws/install/patrol_detection:/home/ishaani/turtlebot3_ws/install/turtlebot3_teleop:/home/ishaani/turtlebot3_ws/install/turtlebot3_example:/opt/ros/jazzy /usr/bin/cmake --install /home/ishaani/ros2_ws/build/night_patrol_world
[1.605s] Level 1:colcon.colcon_core.environment:create_environment_scripts_only(learning_tf2_cpp)
[1.621s] DEBUG:colcon.colcon_core.event_handler.log_command:Invoked command in '/home/ishaani/ros2_ws/build/learning_tf2_cpp' returned '0': CMAKE_PREFIX_PATH=${CMAKE_PREFIX_PATH}:/home/ishaani/ros2_ws/install/patrol_detection:/home/ishaani/turtlebot3_ws/install/turtlebot3_teleop:/home/ishaani/turtlebot3_ws/install/turtlebot3_example:/opt/ros/jazzy /usr/bin/cmake --install /home/ishaani/ros2_ws/build/learning_tf2_cpp
[1.623s] Level 1:colcon.colcon_core.environment:checking '/home/ishaani/ros2_ws/install/learning_tf2_cpp' for CMake module files
[1.624s] Level 1:colcon.colcon_core.environment:checking '/home/ishaani/ros2_ws/install/learning_tf2_cpp' for CMake config files
[1.625s] Level 1:colcon.colcon_core.shell:create_environment_hook('learning_tf2_cpp', 'cmake_prefix_path')
[1.626s] INFO:colcon.colcon_core.shell:Creating environment hook '/home/ishaani/ros2_ws/install/learning_tf2_cpp/share/learning_tf2_cpp/hook/cmake_prefix_path.ps1'
[1.626s] INFO:colcon.colcon_core.shell:Creating environment descriptor '/home/ishaani/ros2_ws/install/learning_tf2_cpp/share/learning_tf2_cpp/hook/cmake_prefix_path.dsv'
[1.628s] INFO:colcon.colcon_core.shell:Creating environment hook '/home/ishaani/ros2_ws/install/learning_tf2_cpp/share/learning_tf2_cpp/hook/cmake_prefix_path.sh'
[1.629s] Level 1:colcon.colcon_core.environment:checking '/home/ishaani/ros2_ws/install/learning_tf2_cpp/lib'
[1.630s] Level 1:colcon.colcon_core.environment:checking '/home/ishaani/ros2_ws/install/learning_tf2_cpp/bin'
[1.630s] Level 1:colcon.colcon_core.environment:checking '/home/ishaani/ros2_ws/install/learning_tf2_cpp/lib/pkgconfig/learning_tf2_cpp.pc'
[1.630s] Level 1:colcon.colcon_core.environment:checking '/home/ishaani/ros2_ws/install/learning_tf2_cpp/lib/python3.12/site-packages'
[1.631s] Level 1:colcon.colcon_core.environment:checking '/home/ishaani/ros2_ws/install/learning_tf2_cpp/bin'
[1.631s] INFO:colcon.colcon_core.shell:Creating package script '/home/ishaani/ros2_ws/install/learning_tf2_cpp/share/learning_tf2_cpp/package.ps1'
[1.632s] INFO:colcon.colcon_core.shell:Creating package descriptor '/home/ishaani/ros2_ws/install/learning_tf2_cpp/share/learning_tf2_cpp/package.dsv'
[1.633s] INFO:colcon.colcon_core.shell:Creating package script '/home/ishaani/ros2_ws/install/learning_tf2_cpp/share/learning_tf2_cpp/package.sh'
[1.635s] INFO:colcon.colcon_core.shell:Creating package script '/home/ishaani/ros2_ws/install/learning_tf2_cpp/share/learning_tf2_cpp/package.bash'
[1.637s] INFO:colcon.colcon_core.shell:Creating package script '/home/ishaani/ros2_ws/install/learning_tf2_cpp/share/learning_tf2_cpp/package.zsh'
[1.638s] Level 1:colcon.colcon_core.environment:create_file_with_runtime_dependencies(/home/ishaani/ros2_ws/install/learning_tf2_cpp/share/colcon-core/packages/learning_tf2_cpp)
[1.639s] Level 1:colcon.colcon_core.environment:create_environment_scripts_only(learning_tf2_cpp)
[1.640s] Level 1:colcon.colcon_core.environment:checking '/home/ishaani/ros2_ws/install/learning_tf2_cpp' for CMake module files
[1.641s] Level 1:colcon.colcon_core.environment:checking '/home/ishaani/ros2_ws/install/learning_tf2_cpp' for CMake config files
[1.641s] Level 1:colcon.colcon_core.shell:create_environment_hook('learning_tf2_cpp', 'cmake_prefix_path')
[1.642s] INFO:colcon.colcon_core.shell:Creating environment hook '/home/ishaani/ros2_ws/install/learning_tf2_cpp/share/learning_tf2_cpp/hook/cmake_prefix_path.ps1'
[1.643s] INFO:colcon.colcon_core.shell:Creating environment descriptor '/home/ishaani/ros2_ws/install/learning_tf2_cpp/share/learning_tf2_cpp/hook/cmake_prefix_path.dsv'
[1.643s] INFO:colcon.colcon_core.shell:Creating environment hook '/home/ishaani/ros2_ws/install/learning_tf2_cpp/share/learning_tf2_cpp/hook/cmake_prefix_path.sh'
[1.645s] Level 1:colcon.colcon_core.environment:checking '/home/ishaani/ros2_ws/install/learning_tf2_cpp/lib'
[1.646s] Level 1:colcon.colcon_core.environment:checking '/home/ishaani/ros2_ws/install/learning_tf2_cpp/bin'
[1.646s] Level 1:colcon.colcon_core.environment:checking '/home/ishaani/ros2_ws/install/learning_tf2_cpp/lib/pkgconfig/learning_tf2_cpp.pc'
[1.647s] Level 1:colcon.colcon_core.environment:checking '/home/ishaani/ros2_ws/install/learning_tf2_cpp/lib/python3.12/site-packages'
[1.647s] Level 1:colcon.colcon_core.environment:checking '/home/ishaani/ros2_ws/install/learning_tf2_cpp/bin'
[1.650s] INFO:colcon.colcon_core.shell:Creating package script '/home/ishaani/ros2_ws/install/learning_tf2_cpp/share/learning_tf2_cpp/package.ps1'
[1.652s] INFO:colcon.colcon_core.shell:Creating package descriptor '/home/ishaani/ros2_ws/install/learning_tf2_cpp/share/learning_tf2_cpp/package.dsv'
[1.653s] INFO:colcon.colcon_core.shell:Creating package script '/home/ishaani/ros2_ws/install/learning_tf2_cpp/share/learning_tf2_cpp/package.sh'
[1.654s] INFO:colcon.colcon_core.shell:Creating package script '/home/ishaani/ros2_ws/install/learning_tf2_cpp/share/learning_tf2_cpp/package.bash'
[1.654s] INFO:colcon.colcon_core.shell:Creating package script '/home/ishaani/ros2_ws/install/learning_tf2_cpp/share/learning_tf2_cpp/package.zsh'
[1.655s] Level 1:colcon.colcon_core.environment:create_file_with_runtime_dependencies(/home/ishaani/ros2_ws/install/learning_tf2_cpp/share/colcon-core/packages/learning_tf2_cpp)
[1.660s] Level 1:colcon.colcon_core.environment:create_environment_scripts_only(night_patrol_world)
[1.661s] Level 1:colcon.colcon_core.environment:checking '/home/ishaani/ros2_ws/install/night_patrol_world' for CMake module files
[1.666s] Level 1:colcon.colcon_core.environment:checking '/home/ishaani/ros2_ws/install/night_patrol_world' for CMake config files
[1.667s] Level 1:colcon.colcon_core.shell:create_environment_hook('night_patrol_world', 'cmake_prefix_path')
[1.670s] DEBUG:colcon.colcon_core.event_handler.log_command:Invoked command in '/home/ishaani/ros2_ws/build/night_patrol_world' returned '0': CMAKE_PREFIX_PATH=${CMAKE_PREFIX_PATH}:/home/ishaani/ros2_ws/install/patrol_detection:/home/ishaani/turtlebot3_ws/install/turtlebot3_teleop:/home/ishaani/turtlebot3_ws/install/turtlebot3_example:/opt/ros/jazzy /usr/bin/cmake --install /home/ishaani/ros2_ws/build/night_patrol_world
[1.670s] INFO:colcon.colcon_core.shell:Creating environment hook '/home/ishaani/ros2_ws/install/night_patrol_world/share/night_patrol_world/hook/cmake_prefix_path.ps1'
[1.673s] INFO:colcon.colcon_core.shell:Creating environment descriptor '/home/ishaani/ros2_ws/install/night_patrol_world/share/night_patrol_world/hook/cmake_prefix_path.dsv'
[1.675s] INFO:colcon.colcon_core.shell:Creating environment hook '/home/ishaani/ros2_ws/install/night_patrol_world/share/night_patrol_world/hook/cmake_prefix_path.sh'
[1.677s] Level 1:colcon.colcon_core.environment:checking '/home/ishaani/ros2_ws/install/night_patrol_world/bin'
[1.677s] Level 1:colcon.colcon_core.environment:checking '/home/ishaani/ros2_ws/install/night_patrol_world/lib/pkgconfig/night_patrol_world.pc'
[1.678s] Level 1:colcon.colcon_core.environment:checking '/home/ishaani/ros2_ws/install/night_patrol_world/lib/python3.12/site-packages'
[1.679s] Level 1:colcon.colcon_core.environment:checking '/home/ishaani/ros2_ws/install/night_patrol_world/bin'
[1.679s] INFO:colcon.colcon_core.shell:Creating package script '/home/ishaani/ros2_ws/install/night_patrol_world/share/night_patrol_world/package.ps1'
[1.680s] INFO:colcon.colcon_core.shell:Creating package descriptor '/home/ishaani/ros2_ws/install/night_patrol_world/share/night_patrol_world/package.dsv'
[1.682s] INFO:colcon.colcon_core.shell:Creating package script '/home/ishaani/ros2_ws/install/night_patrol_world/share/night_patrol_world/package.sh'
[1.683s] INFO:colcon.colcon_core.shell:Creating package script '/home/ishaani/ros2_ws/install/night_patrol_world/share/night_patrol_world/package.bash'
[1.684s] INFO:colcon.colcon_core.shell:Creating package script '/home/ishaani/ros2_ws/install/night_patrol_world/share/night_patrol_world/package.zsh'
[1.686s] Level 1:colcon.colcon_core.environment:create_file_with_runtime_dependencies(/home/ishaani/ros2_ws/install/night_patrol_world/share/colcon-core/packages/night_patrol_world)
[1.688s] Level 1:colcon.colcon_core.environment:create_environment_scripts_only(night_patrol_world)
[1.688s] Level 1:colcon.colcon_core.environment:checking '/home/ishaani/ros2_ws/install/night_patrol_world' for CMake module files
[1.690s] Level 1:colcon.colcon_core.environment:checking '/home/ishaani/ros2_ws/install/night_patrol_world' for CMake config files
[1.690s] Level 1:colcon.colcon_core.shell:create_environment_hook('night_patrol_world', 'cmake_prefix_path')
[1.690s] INFO:colcon.colcon_core.shell:Creating environment hook '/home/ishaani/ros2_ws/install/night_patrol_world/share/night_patrol_world/hook/cmake_prefix_path.ps1'
[1.691s] INFO:colcon.colcon_core.shell:Creating environment descriptor '/home/ishaani/ros2_ws/install/night_patrol_world/share/night_patrol_world/hook/cmake_prefix_path.dsv'
[1.692s] INFO:colcon.colcon_core.shell:Creating environment hook '/home/ishaani/ros2_ws/install/night_patrol_world/share/night_patrol_world/hook/cmake_prefix_path.sh'
[1.693s] Level 1:colcon.colcon_core.environment:checking '/home/ishaani/ros2_ws/install/night_patrol_world/bin'
[1.693s] Level 1:colcon.colcon_core.environment:checking '/home/ishaani/ros2_ws/install/night_patrol_world/lib/pkgconfig/night_patrol_world.pc'
[1.694s] Level 1:colcon.colcon_core.environment:checking '/home/ishaani/ros2_ws/install/night_patrol_world/lib/python3.12/site-packages'
[1.694s] Level 1:colcon.colcon_core.environment:checking '/home/ishaani/ros2_ws/install/night_patrol_world/bin'
[1.695s] INFO:colcon.colcon_core.shell:Creating package script '/home/ishaani/ros2_ws/install/night_patrol_world/share/night_patrol_world/package.ps1'
[1.696s] INFO:colcon.colcon_core.shell:Creating package descriptor '/home/ishaani/ros2_ws/install/night_patrol_world/share/night_patrol_world/package.dsv'
[1.697s] INFO:colcon.colcon_core.shell:Creating package script '/home/ishaani/ros2_ws/install/night_patrol_world/share/night_patrol_world/package.sh'
[1.699s] INFO:colcon.colcon_core.shell:Creating package script '/home/ishaani/ros2_ws/install/night_patrol_world/share/night_patrol_world/package.bash'
[1.699s] INFO:colcon.colcon_core.shell:Creating package script '/home/ishaani/ros2_ws/install/night_patrol_world/share/night_patrol_world/package.zsh'
[1.700s] Level 1:colcon.colcon_core.environment:create_file_with_runtime_dependencies(/home/ishaani/ros2_ws/install/night_patrol_world/share/colcon-core/packages/night_patrol_world)
[2.252s] DEBUG:colcon.colcon_core.event_handler.log_command:Invoked command in '/home/ishaani/ros2_ws/build/night_patrol_robot' returned '0': CMAKE_PREFIX_PATH=${CMAKE_PREFIX_PATH}:/home/ishaani/ros2_ws/install/patrol_detection:/home/ishaani/turtlebot3_ws/install/turtlebot3_teleop:/home/ishaani/turtlebot3_ws/install/turtlebot3_example:/opt/ros/jazzy /usr/bin/cmake --build /home/ishaani/ros2_ws/build/night_patrol_robot -- -j8 -l8
[2.253s] DEBUG:colcon.colcon_core.event_handler.log_command:Invoking command in '/home/ishaani/ros2_ws/build/night_patrol_robot': CMAKE_PREFIX_PATH=${CMAKE_PREFIX_PATH}:/home/ishaani/ros2_ws/install/patrol_detection:/home/ishaani/turtlebot3_ws/install/turtlebot3_teleop:/home/ishaani/turtlebot3_ws/install/turtlebot3_example:/opt/ros/jazzy /usr/bin/cmake --install /home/ishaani/ros2_ws/build/night_patrol_robot
[2.462s] Level 1:colcon.colcon_core.environment:create_environment_scripts_only(night_patrol_robot)
[2.462s] Level 1:colcon.colcon_core.environment:checking '/home/ishaani/ros2_ws/install/night_patrol_robot' for CMake module files
[2.463s] Level 1:colcon.colcon_core.environment:checking '/home/ishaani/ros2_ws/install/night_patrol_robot' for CMake config files
[2.464s] Level 1:colcon.colcon_core.shell:create_environment_hook('night_patrol_robot', 'cmake_prefix_path')
[2.464s] INFO:colcon.colcon_core.shell:Creating environment hook '/home/ishaani/ros2_ws/install/night_patrol_robot/share/night_patrol_robot/hook/cmake_prefix_path.ps1'
[2.465s] INFO:colcon.colcon_core.shell:Creating environment descriptor '/home/ishaani/ros2_ws/install/night_patrol_robot/share/night_patrol_robot/hook/cmake_prefix_path.dsv'
[2.466s] INFO:colcon.colcon_core.shell:Creating environment hook '/home/ishaani/ros2_ws/install/night_patrol_robot/share/night_patrol_robot/hook/cmake_prefix_path.sh'
[2.467s] Level 1:colcon.colcon_core.environment:checking '/home/ishaani/ros2_ws/install/night_patrol_robot/lib'
[2.467s] Level 1:colcon.colcon_core.environment:checking '/home/ishaani/ros2_ws/install/night_patrol_robot/bin'
[2.467s] Level 1:colcon.colcon_core.environment:checking '/home/ishaani/ros2_ws/install/night_patrol_robot/lib/pkgconfig/night_patrol_robot.pc'
[2.476s] DEBUG:colcon.colcon_core.event_handler.log_command:Invoked command in '/home/ishaani/ros2_ws/build/night_patrol_robot' returned '0': CMAKE_PREFIX_PATH=${CMAKE_PREFIX_PATH}:/home/ishaani/ros2_ws/install/patrol_detection:/home/ishaani/turtlebot3_ws/install/turtlebot3_teleop:/home/ishaani/turtlebot3_ws/install/turtlebot3_example:/opt/ros/jazzy /usr/bin/cmake --install /home/ishaani/ros2_ws/build/night_patrol_robot
[2.477s] Level 1:colcon.colcon_core.environment:checking '/home/ishaani/ros2_ws/install/night_patrol_robot/lib/python3.12/site-packages'
[2.477s] Level 1:colcon.colcon_core.shell:create_environment_hook('night_patrol_robot', 'pythonpath')
[2.478s] INFO:colcon.colcon_core.shell:Creating environment hook '/home/ishaani/ros2_ws/install/night_patrol_robot/share/night_patrol_robot/hook/pythonpath.ps1'
[2.478s] INFO:colcon.colcon_core.shell:Creating environment descriptor '/home/ishaani/ros2_ws/install/night_patrol_robot/share/night_patrol_robot/hook/pythonpath.dsv'
[2.479s] INFO:colcon.colcon_core.shell:Creating environment hook '/home/ishaani/ros2_ws/install/night_patrol_robot/share/night_patrol_robot/hook/pythonpath.sh'
[2.481s] Level 1:colcon.colcon_core.environment:checking '/home/ishaani/ros2_ws/install/night_patrol_robot/bin'
[2.481s] INFO:colcon.colcon_core.shell:Creating package script '/home/ishaani/ros2_ws/install/night_patrol_robot/share/night_patrol_robot/package.ps1'
[2.482s] INFO:colcon.colcon_core.shell:Creating package descriptor '/home/ishaani/ros2_ws/install/night_patrol_robot/share/night_patrol_robot/package.dsv'
[2.483s] INFO:colcon.colcon_core.shell:Creating package script '/home/ishaani/ros2_ws/install/night_patrol_robot/share/night_patrol_robot/package.sh'
[2.485s] INFO:colcon.colcon_core.shell:Creating package script '/home/ishaani/ros2_ws/install/night_patrol_robot/share/night_patrol_robot/package.bash'
[2.486s] INFO:colcon.colcon_core.shell:Creating package script '/home/ishaani/ros2_ws/install/night_patrol_robot/share/night_patrol_robot/package.zsh'
[2.487s] Level 1:colcon.colcon_core.environment:create_file_with_runtime_dependencies(/home/ishaani/ros2_ws/install/night_patrol_robot/share/colcon-core/packages/night_patrol_robot)
[2.488s] Level 1:colcon.colcon_core.environment:create_environment_scripts_only(night_patrol_robot)
[2.488s] Level 1:colcon.colcon_core.environment:checking '/home/ishaani/ros2_ws/install/night_patrol_robot' for CMake module files
[2.489s] Level 1:colcon.colcon_core.environment:checking '/home/ishaani/ros2_ws/install/night_patrol_robot' for CMake config files
[2.490s] Level 1:colcon.colcon_core.shell:create_environment_hook('night_patrol_robot', 'cmake_prefix_path')
[2.490s] INFO:colcon.colcon_core.shell:Creating environment hook '/home/ishaani/ros2_ws/install/night_patrol_robot/share/night_patrol_robot/hook/cmake_prefix_path.ps1'
[2.491s] INFO:colcon.colcon_core.shell:Creating environment descriptor '/home/ishaani/ros2_ws/install/night_patrol_robot/share/night_patrol_robot/hook/cmake_prefix_path.dsv'
[2.491s] INFO:colcon.colcon_core.shell:Creating environment hook '/home/ishaani/ros2_ws/install/night_patrol_robot/share/night_patrol_robot/hook/cmake_prefix_path.sh'
[2.498s] Level 1:colcon.colcon_core.environment:checking '/home/ishaani/ros2_ws/install/night_patrol_robot/lib'
[2.498s] Level 1:colcon.colcon_core.environment:checking '/home/ishaani/ros2_ws/install/night_patrol_robot/bin'
[2.498s] Level 1:colcon.colcon_core.environment:checking '/home/ishaani/ros2_ws/install/night_patrol_robot/lib/pkgconfig/night_patrol_robot.pc'
[2.499s] Level 1:colcon.colcon_core.environment:checking '/home/ishaani/ros2_ws/install/night_patrol_robot/lib/python3.12/site-packages'
[2.499s] Level 1:colcon.colcon_core.shell:create_environment_hook('night_patrol_robot', 'pythonpath')
[2.499s] INFO:colcon.colcon_core.shell:Creating environment hook '/home/ishaani/ros2_ws/install/night_patrol_robot/share/night_patrol_robot/hook/pythonpath.ps1'
[2.500s] INFO:colcon.colcon_core.shell:Creating environment descriptor '/home/ishaani/ros2_ws/install/night_patrol_robot/share/night_patrol_robot/hook/pythonpath.dsv'
[2.501s] INFO:colcon.colcon_core.shell:Creating environment hook '/home/ishaani/ros2_ws/install/night_patrol_robot/share/night_patrol_robot/hook/pythonpath.sh'
[2.502s] Level 1:colcon.colcon_core.environment:checking '/home/ishaani/ros2_ws/install/night_patrol_robot/bin'
[2.503s] INFO:colcon.colcon_core.shell:Creating package script '/home/ishaani/ros2_ws/install/night_patrol_robot/share/night_patrol_robot/package.ps1'
[2.508s] INFO:colcon.colcon_core.shell:Creating package descriptor '/home/ishaani/ros2_ws/install/night_patrol_robot/share/night_patrol_robot/package.dsv'
[2.509s] INFO:colcon.colcon_core.shell:Creating package script '/home/ishaani/ros2_ws/install/night_patrol_robot/share/night_patrol_robot/package.sh'
[2.510s] INFO:colcon.colcon_core.shell:Creating package script '/home/ishaani/ros2_ws/install/night_patrol_robot/share/night_patrol_robot/package.bash'
[2.511s] INFO:colcon.colcon_core.shell:Creating package script '/home/ishaani/ros2_ws/install/night_patrol_robot/share/night_patrol_robot/package.zsh'
[2.512s] Level 1:colcon.colcon_core.environment:create_file_with_runtime_dependencies(/home/ishaani/ros2_ws/install/night_patrol_robot/share/colcon-core/packages/night_patrol_robot)
[3.204s] DEBUG:colcon.colcon_core.event_handler.log_command:Invoking command in '/home/ishaani/ros2_ws/src/patrol_detection': PYTHONPATH=/home/ishaani/ros2_ws/build/patrol_detection/prefix_override:/usr/lib/python3/dist-packages/colcon_core/task/python/colcon_distutils_commands:/home/ishaani/ros2_ws/install/patrol_detection/lib/python3.12/site-packages:${PYTHONPATH} /usr/bin/python3 -W ignore:setup.py install is deprecated -W ignore:easy_install command is deprecated setup.py egg_info --egg-base ../../build/patrol_detection build --build-base /home/ishaani/ros2_ws/build/patrol_detection/build install --record /home/ishaani/ros2_ws/build/patrol_detection/install.log --single-version-externally-managed install_data
[4.554s] Level 1:colcon.colcon_core.environment:checking '/home/ishaani/ros2_ws/install/patrol_detection' for CMake module files
[4.556s] Level 1:colcon.colcon_core.environment:checking '/home/ishaani/ros2_ws/install/patrol_detection' for CMake config files
[4.557s] DEBUG:colcon.colcon_core.event_handler.log_command:Invoked command in '/home/ishaani/ros2_ws/src/patrol_detection' returned '0': PYTHONPATH=/home/ishaani/ros2_ws/build/patrol_detection/prefix_override:/usr/lib/python3/dist-packages/colcon_core/task/python/colcon_distutils_commands:/home/ishaani/ros2_ws/install/patrol_detection/lib/python3.12/site-packages:${PYTHONPATH} /usr/bin/python3 -W ignore:setup.py install is deprecated -W ignore:easy_install command is deprecated setup.py egg_info --egg-base ../../build/patrol_detection build --build-base /home/ishaani/ros2_ws/build/patrol_detection/build install --record /home/ishaani/ros2_ws/build/patrol_detection/install.log --single-version-externally-managed install_data
[4.558s] Level 1:colcon.colcon_core.environment:checking '/home/ishaani/ros2_ws/install/patrol_detection/lib'
[4.559s] Level 1:colcon.colcon_core.environment:checking '/home/ishaani/ros2_ws/install/patrol_detection/bin'
[4.559s] Level 1:colcon.colcon_core.environment:checking '/home/ishaani/ros2_ws/install/patrol_detection/lib/pkgconfig/patrol_detection.pc'
[4.559s] Level 1:colcon.colcon_core.environment:checking '/home/ishaani/ros2_ws/install/patrol_detection/lib/python3.12/site-packages'
[4.559s] Level 1:colcon.colcon_core.shell:create_environment_hook('patrol_detection', 'pythonpath')
[4.560s] INFO:colcon.colcon_core.shell:Creating environment hook '/home/ishaani/ros2_ws/install/patrol_detection/share/patrol_detection/hook/pythonpath.ps1'
[4.561s] INFO:colcon.colcon_core.shell:Creating environment descriptor '/home/ishaani/ros2_ws/install/patrol_detection/share/patrol_detection/hook/pythonpath.dsv'
[4.561s] INFO:colcon.colcon_core.shell:Creating environment hook '/home/ishaani/ros2_ws/install/patrol_detection/share/patrol_detection/hook/pythonpath.sh'
[4.563s] Level 1:colcon.colcon_core.environment:checking '/home/ishaani/ros2_ws/install/patrol_detection/bin'
[4.563s] Level 1:colcon.colcon_core.environment:create_environment_scripts_only(patrol_detection)
[4.563s] INFO:colcon.colcon_core.shell:Creating package script '/home/ishaani/ros2_ws/install/patrol_detection/share/patrol_detection/package.ps1'
[4.564s] INFO:colcon.colcon_core.shell:Creating package descriptor '/home/ishaani/ros2_ws/install/patrol_detection/share/patrol_detection/package.dsv'
[4.565s] INFO:colcon.colcon_core.shell:Creating package script '/home/ishaani/ros2_ws/install/patrol_detection/share/patrol_detection/package.sh'
[4.566s] INFO:colcon.colcon_core.shell:Creating package script '/home/ishaani/ros2_ws/install/patrol_detection/share/patrol_detection/package.bash'
[4.566s] INFO:colcon.colcon_core.shell:Creating package script '/home/ishaani/ros2_ws/install/patrol_detection/share/patrol_detection/package.zsh'
[4.567s] Level 1:colcon.colcon_core.environment:create_file_with_runtime_dependencies(/home/ishaani/ros2_ws/install/patrol_detection/share/colcon-core/packages/patrol_detection)
[4.568s] DEBUG:colcon.colcon_parallel_executor.executor.parallel:closing loop
[4.572s] DEBUG:colcon.colcon_parallel_executor.executor.parallel:loop closed
[4.572s] DEBUG:colcon.colcon_parallel_executor.executor.parallel:run_until_complete finished with '0'
[4.572s] DEBUG:colcon.colcon_core.event_reactor:joining thread
[4.675s] INFO:colcon.colcon_core.plugin_system:Skipping extension 'colcon_notification.desktop_notification.notify_send': Could not find 'notify-send'
[4.676s] INFO:colcon.colcon_core.plugin_system:Skipping extension 'colcon_notification.desktop_notification.terminal_notifier': Not used on non-Darwin systems
[4.676s] INFO:colcon.colcon_core.plugin_system:Skipping extension 'colcon_notification.desktop_notification.win32': Not used on non-Windows systems
[4.676s] INFO:colcon.colcon_notification.desktop_notification:Sending desktop notification using 'notify2'
[4.681s] DEBUG:colcon.colcon_notification.desktop_notification.notify2:Failed to initialize notify2: org.freedesktop.DBus.Error.ServiceUnknown: The name org.freedesktop.Notifications was not provided by any .service files
[4.681s] DEBUG:colcon.colcon_core.event_reactor:joined thread
[4.681s] INFO:colcon.colcon_core.shell:Creating prefix script '/home/ishaani/ros2_ws/install/local_setup.ps1'
[4.683s] INFO:colcon.colcon_core.shell:Creating prefix util module '/home/ishaani/ros2_ws/install/_local_setup_util_ps1.py'
[4.686s] INFO:colcon.colcon_core.shell:Creating prefix chain script '/home/ishaani/ros2_ws/install/setup.ps1'
[4.691s] INFO:colcon.colcon_core.shell:Creating prefix script '/home/ishaani/ros2_ws/install/local_setup.sh'
[4.692s] INFO:colcon.colcon_core.shell:Creating prefix util module '/home/ishaani/ros2_ws/install/_local_setup_util_sh.py'
[4.693s] INFO:colcon.colcon_core.shell:Creating prefix chain script '/home/ishaani/ros2_ws/install/setup.sh'
[4.696s] INFO:colcon.colcon_core.shell:Creating prefix script '/home/ishaani/ros2_ws/install/local_setup.bash'
[4.718s] INFO:colcon.colcon_core.shell:Creating prefix chain script '/home/ishaani/ros2_ws/install/setup.bash'
[4.721s] INFO:colcon.colcon_core.shell:Creating prefix script '/home/ishaani/ros2_ws/install/local_setup.zsh'
[4.722s] INFO:colcon.colcon_core.shell:Creating prefix chain script '/home/ishaani/ros2_ws/install/setup.zsh'
