[0.023s] Invoking command in '/home/ishaani/ros2_ws/build/night_patrol_world': CMAKE_PREFIX_PATH=${CMAKE_PREFIX_PATH}:/home/ishaani/ros2_ws/install/patrol_detection:/home/ishaani/turtlebot3_ws/install/turtlebot3_teleop:/home/ishaani/turtlebot3_ws/install/turtlebot3_example:/opt/ros/jazzy /usr/bin/cmake /home/ishaani/ros2_ws/src/night_patrol_world -DCMAKE_INSTALL_PREFIX=/home/ishaani/ros2_ws/install/night_patrol_world
[0.120s] -- The C compiler identification is GNU 13.3.0
[0.424s] -- The CXX compiler identification is GNU 13.3.0
[0.757s] -- Detecting C compiler ABI info
[0.970s] -- Detecting C compiler ABI info - done
[0.979s] -- Check for working C compiler: /usr/bin/cc - skipped
[0.979s] -- Detecting C compile features
[0.980s] -- Detecting C compile features - done
[1.031s] -- Detecting CXX compiler ABI info
[1.264s] -- Detecting CXX compiler ABI info - done
[1.279s] -- Check for working CXX compiler: /usr/bin/c++ - skipped
[1.280s] -- Detecting CXX compile features
[1.281s] -- Detecting CXX compile features - done
[1.291s] -- Found ament_cmake: 2.5.4 (/opt/ros/jazzy/share/ament_cmake/cmake)
[1.494s] -- Found Python3: /usr/bin/python3 (found version "3.12.3") found components: Interpreter 
[1.675s] -- Found ament_lint_auto: 0.17.3 (/opt/ros/jazzy/share/ament_lint_auto/cmake)
[1.807s] -- Added test 'flake8' to check Python code syntax and style conventions
[1.807s] -- Configured 'flake8' exclude dirs and/or files: 
[1.808s] -- Added test 'lint_cmake' to check CMake code style
[1.810s] -- Added test 'pep257' to check Python code against some of the docstring style conventions in PEP 257
[1.811s] -- Added test 'xmllint' to check XML markup files
[1.814s] -- Configuring done (1.8s)
[1.818s] -- Generating done (0.0s)
[1.819s] -- Build files have been written to: /home/ishaani/ros2_ws/build/night_patrol_world
[1.825s] Invoked command in '/home/ishaani/ros2_ws/build/night_patrol_world' returned '0': CMAKE_PREFIX_PATH=${CMAKE_PREFIX_PATH}:/home/ishaani/ros2_ws/install/patrol_detection:/home/ishaani/turtlebot3_ws/install/turtlebot3_teleop:/home/ishaani/turtlebot3_ws/install/turtlebot3_example:/opt/ros/jazzy /usr/bin/cmake /home/ishaani/ros2_ws/src/night_patrol_world -DCMAKE_INSTALL_PREFIX=/home/ishaani/ros2_ws/install/night_patrol_world
[1.826s] Invoking command in '/home/ishaani/ros2_ws/build/night_patrol_world': CMAKE_PREFIX_PATH=${CMAKE_PREFIX_PATH}:/home/ishaani/ros2_ws/install/patrol_detection:/home/ishaani/turtlebot3_ws/install/turtlebot3_teleop:/home/ishaani/turtlebot3_ws/install/turtlebot3_example:/opt/ros/jazzy /usr/bin/cmake --build /home/ishaani/ros2_ws/build/night_patrol_world -- -j8 -l8
[1.865s] Invoked command in '/home/ishaani/ros2_ws/build/night_patrol_world' returned '0': CMAKE_PREFIX_PATH=${CMAKE_PREFIX_PATH}:/home/ishaani/ros2_ws/install/patrol_detection:/home/ishaani/turtlebot3_ws/install/turtlebot3_teleop:/home/ishaani/turtlebot3_ws/install/turtlebot3_example:/opt/ros/jazzy /usr/bin/cmake --build /home/ishaani/ros2_ws/build/night_patrol_world -- -j8 -l8
[1.879s] Invoking command in '/home/ishaani/ros2_ws/build/night_patrol_world': CMAKE_PREFIX_PATH=${CMAKE_PREFIX_PATH}:/home/ishaani/ros2_ws/install/patrol_detection:/home/ishaani/turtlebot3_ws/install/turtlebot3_teleop:/home/ishaani/turtlebot3_ws/install/turtlebot3_example:/opt/ros/jazzy /usr/bin/cmake --install /home/ishaani/ros2_ws/build/night_patrol_world
[1.889s] -- Install configuration: ""
[1.890s] -- Installing: /home/ishaani/ros2_ws/install/night_patrol_world/share/night_patrol_world/worlds
[1.891s] -- Installing: /home/ishaani/ros2_ws/install/night_patrol_world/share/night_patrol_world/worlds/city_world.sdf
[1.891s] -- Installing: /home/ishaani/ros2_ws/install/night_patrol_world/share/night_patrol_world/launch
[1.891s] -- Installing: /home/ishaani/ros2_ws/install/night_patrol_world/share/night_patrol_world/launch/city_world.launch.py
[1.892s] -- Installing: /home/ishaani/ros2_ws/install/night_patrol_world/share/night_patrol_world/models
[1.893s] -- Installing: /home/ishaani/ros2_ws/install/night_patrol_world/share/ament_index/resource_index/package_run_dependencies/night_patrol_world
[1.893s] -- Installing: /home/ishaani/ros2_ws/install/night_patrol_world/share/ament_index/resource_index/parent_prefix_path/night_patrol_world
[1.893s] -- Installing: /home/ishaani/ros2_ws/install/night_patrol_world/share/night_patrol_world/environment/ament_prefix_path.sh
[1.894s] -- Installing: /home/ishaani/ros2_ws/install/night_patrol_world/share/night_patrol_world/environment/ament_prefix_path.dsv
[1.894s] -- Installing: /home/ishaani/ros2_ws/install/night_patrol_world/share/night_patrol_world/environment/path.sh
[1.894s] -- Installing: /home/ishaani/ros2_ws/install/night_patrol_world/share/night_patrol_world/environment/path.dsv
[1.894s] -- Installing: /home/ishaani/ros2_ws/install/night_patrol_world/share/night_patrol_world/local_setup.bash
[1.894s] -- Installing: /home/ishaani/ros2_ws/install/night_patrol_world/share/night_patrol_world/local_setup.sh
[1.894s] -- Installing: /home/ishaani/ros2_ws/install/night_patrol_world/share/night_patrol_world/local_setup.zsh
[1.894s] -- Installing: /home/ishaani/ros2_ws/install/night_patrol_world/share/night_patrol_world/local_setup.dsv
[1.894s] -- Installing: /home/ishaani/ros2_ws/install/night_patrol_world/share/night_patrol_world/package.dsv
[1.895s] -- Installing: /home/ishaani/ros2_ws/install/night_patrol_world/share/ament_index/resource_index/packages/night_patrol_world
[1.896s] -- Installing: /home/ishaani/ros2_ws/install/night_patrol_world/share/night_patrol_world/cmake/night_patrol_worldConfig.cmake
[1.896s] -- Installing: /home/ishaani/ros2_ws/install/night_patrol_world/share/night_patrol_world/cmake/night_patrol_worldConfig-version.cmake
[1.896s] -- Installing: /home/ishaani/ros2_ws/install/night_patrol_world/share/night_patrol_world/package.xml
[1.898s] Invoked command in '/home/ishaani/ros2_ws/build/night_patrol_world' returned '0': CMAKE_PREFIX_PATH=${CMAKE_PREFIX_PATH}:/home/ishaani/ros2_ws/install/patrol_detection:/home/ishaani/turtlebot3_ws/install/turtlebot3_teleop:/home/ishaani/turtlebot3_ws/install/turtlebot3_example:/opt/ros/jazzy /usr/bin/cmake --install /home/ishaani/ros2_ws/build/night_patrol_world
