[0.145s] DEBUG:colcon:Command line arguments: ['/usr/bin/colcon', 'build']
[0.145s] DEBUG:colcon:Parsed command line arguments: Namespace(log_base=None, log_level=None, verb_name='build', build_base='build', install_base='install', merge_install=False, symlink_install=False, test_result_base=None, continue_on_error=False, executor='parallel', parallel_workers=8, event_handlers=None, ignore_user_meta=False, metas=['./colcon.meta'], base_paths=['.'], packages_ignore=None, packages_ignore_regex=None, paths=None, packages_up_to=None, packages_up_to_regex=None, packages_above=None, packages_above_and_dependencies=None, packages_above_depth=None, packages_select_by_dep=None, packages_skip_by_dep=None, packages_skip_up_to=None, packages_select_build_failed=False, packages_skip_build_finished=False, packages_select_test_failures=False, packages_skip_test_passed=False, packages_select=None, packages_skip=None, packages_select_regex=None, packages_skip_regex=None, packages_start=None, packages_end=None, allow_overriding=[], cmake_args=None, cmake_target=None, cmake_target_skip_unavailable=False, cmake_clean_cache=False, cmake_clean_first=False, cmake_force_configure=False, ament_cmake_args=None, catkin_cmake_args=None, catkin_skip_building_tests=False, verb_parser=<colcon_defaults.argument_parser.defaults.DefaultArgumentsDecorator object at 0x7ea1be280f80>, verb_extension=<colcon_core.verb.build.BuildVerb object at 0x7ea1be2807d0>, main=<bound method BuildVerb.main of <colcon_core.verb.build.BuildVerb object at 0x7ea1be2807d0>>)
[0.174s] Level 1:colcon.colcon_core.package_discovery:discover_packages(colcon_meta) check parameters
[0.174s] Level 1:colcon.colcon_core.package_discovery:discover_packages(recursive) check parameters
[0.174s] Level 1:colcon.colcon_core.package_discovery:discover_packages(ignore) check parameters
[0.174s] Level 1:colcon.colcon_core.package_discovery:discover_packages(path) check parameters
[0.174s] Level 1:colcon.colcon_core.package_discovery:discover_packages(colcon_meta) discover
[0.174s] Level 1:colcon.colcon_core.package_discovery:discover_packages(recursive) discover
[0.175s] INFO:colcon.colcon_core.package_discovery:Crawling recursively for packages in '/home/ishaani/ros2_ws'
[0.175s] Level 1:colcon.colcon_core.package_identification:_identify(.) by extensions ['ignore', 'ignore_ament_install']
[0.175s] Level 1:colcon.colcon_core.package_identification:_identify(.) by extension 'ignore'
[0.175s] Level 1:colcon.colcon_core.package_identification:_identify(.) by extension 'ignore_ament_install'
[0.175s] Level 1:colcon.colcon_core.package_identification:_identify(.) by extensions ['colcon_pkg']
[0.175s] Level 1:colcon.colcon_core.package_identification:_identify(.) by extension 'colcon_pkg'
[0.175s] Level 1:colcon.colcon_core.package_identification:_identify(.) by extensions ['colcon_meta']
[0.175s] Level 1:colcon.colcon_core.package_identification:_identify(.) by extension 'colcon_meta'
[0.175s] Level 1:colcon.colcon_core.package_identification:_identify(.) by extensions ['ros']
[0.175s] Level 1:colcon.colcon_core.package_identification:_identify(.) by extension 'ros'
[0.194s] Level 1:colcon.colcon_core.package_identification:_identify(.) by extensions ['cmake', 'python']
[0.194s] Level 1:colcon.colcon_core.package_identification:_identify(.) by extension 'cmake'
[0.194s] Level 1:colcon.colcon_core.package_identification:_identify(.) by extension 'python'
[0.194s] Level 1:colcon.colcon_core.package_identification:_identify(.) by extensions ['python_setup_py']
[0.194s] Level 1:colcon.colcon_core.package_identification:_identify(.) by extension 'python_setup_py'
[0.194s] Level 1:colcon.colcon_core.package_identification:_identify(build) by extensions ['ignore', 'ignore_ament_install']
[0.194s] Level 1:colcon.colcon_core.package_identification:_identify(build) by extension 'ignore'
[0.194s] Level 1:colcon.colcon_core.package_identification:_identify(build) ignored
[0.194s] Level 1:colcon.colcon_core.package_identification:_identify(install) by extensions ['ignore', 'ignore_ament_install']
[0.194s] Level 1:colcon.colcon_core.package_identification:_identify(install) by extension 'ignore'
[0.194s] Level 1:colcon.colcon_core.package_identification:_identify(install) ignored
[0.195s] Level 1:colcon.colcon_core.package_identification:_identify(log) by extensions ['ignore', 'ignore_ament_install']
[0.195s] Level 1:colcon.colcon_core.package_identification:_identify(log) by extension 'ignore'
[0.195s] Level 1:colcon.colcon_core.package_identification:_identify(log) ignored
[0.195s] Level 1:colcon.colcon_core.package_identification:_identify(src) by extensions ['ignore', 'ignore_ament_install']
[0.195s] Level 1:colcon.colcon_core.package_identification:_identify(src) by extension 'ignore'
[0.195s] Level 1:colcon.colcon_core.package_identification:_identify(src) by extension 'ignore_ament_install'
[0.195s] Level 1:colcon.colcon_core.package_identification:_identify(src) by extensions ['colcon_pkg']
[0.195s] Level 1:colcon.colcon_core.package_identification:_identify(src) by extension 'colcon_pkg'
[0.195s] Level 1:colcon.colcon_core.package_identification:_identify(src) by extensions ['colcon_meta']
[0.195s] Level 1:colcon.colcon_core.package_identification:_identify(src) by extension 'colcon_meta'
[0.195s] Level 1:colcon.colcon_core.package_identification:_identify(src) by extensions ['ros']
[0.195s] Level 1:colcon.colcon_core.package_identification:_identify(src) by extension 'ros'
[0.195s] Level 1:colcon.colcon_core.package_identification:_identify(src) by extensions ['cmake', 'python']
[0.195s] Level 1:colcon.colcon_core.package_identification:_identify(src) by extension 'cmake'
[0.195s] Level 1:colcon.colcon_core.package_identification:_identify(src) by extension 'python'
[0.195s] Level 1:colcon.colcon_core.package_identification:_identify(src) by extensions ['python_setup_py']
[0.195s] Level 1:colcon.colcon_core.package_identification:_identify(src) by extension 'python_setup_py'
[0.195s] Level 1:colcon.colcon_core.package_identification:_identify(src/learning_tf2_cpp) by extensions ['ignore', 'ignore_ament_install']
[0.195s] Level 1:colcon.colcon_core.package_identification:_identify(src/learning_tf2_cpp) by extension 'ignore'
[0.195s] Level 1:colcon.colcon_core.package_identification:_identify(src/learning_tf2_cpp) by extension 'ignore_ament_install'
[0.195s] Level 1:colcon.colcon_core.package_identification:_identify(src/learning_tf2_cpp) by extensions ['colcon_pkg']
[0.195s] Level 1:colcon.colcon_core.package_identification:_identify(src/learning_tf2_cpp) by extension 'colcon_pkg'
[0.195s] Level 1:colcon.colcon_core.package_identification:_identify(src/learning_tf2_cpp) by extensions ['colcon_meta']
[0.195s] Level 1:colcon.colcon_core.package_identification:_identify(src/learning_tf2_cpp) by extension 'colcon_meta'
[0.195s] Level 1:colcon.colcon_core.package_identification:_identify(src/learning_tf2_cpp) by extensions ['ros']
[0.195s] Level 1:colcon.colcon_core.package_identification:_identify(src/learning_tf2_cpp) by extension 'ros'
[0.197s] DEBUG:colcon.colcon_core.package_identification:Package 'src/learning_tf2_cpp' with type 'ros.ament_cmake' and name 'learning_tf2_cpp'
[0.198s] Level 1:colcon.colcon_core.package_identification:_identify(src/night_patrol_robot) by extensions ['ignore', 'ignore_ament_install']
[0.198s] Level 1:colcon.colcon_core.package_identification:_identify(src/night_patrol_robot) by extension 'ignore'
[0.198s] Level 1:colcon.colcon_core.package_identification:_identify(src/night_patrol_robot) by extension 'ignore_ament_install'
[0.198s] Level 1:colcon.colcon_core.package_identification:_identify(src/night_patrol_robot) by extensions ['colcon_pkg']
[0.198s] Level 1:colcon.colcon_core.package_identification:_identify(src/night_patrol_robot) by extension 'colcon_pkg'
[0.198s] Level 1:colcon.colcon_core.package_identification:_identify(src/night_patrol_robot) by extensions ['colcon_meta']
[0.198s] Level 1:colcon.colcon_core.package_identification:_identify(src/night_patrol_robot) by extension 'colcon_meta'
[0.198s] Level 1:colcon.colcon_core.package_identification:_identify(src/night_patrol_robot) by extensions ['ros']
[0.198s] Level 1:colcon.colcon_core.package_identification:_identify(src/night_patrol_robot) by extension 'ros'
[0.199s] DEBUG:colcon.colcon_core.package_identification:Package 'src/night_patrol_robot' with type 'ros.ament_cmake' and name 'night_patrol_robot'
[0.199s] Level 1:colcon.colcon_core.package_identification:_identify(src/night_patrol_world) by extensions ['ignore', 'ignore_ament_install']
[0.199s] Level 1:colcon.colcon_core.package_identification:_identify(src/night_patrol_world) by extension 'ignore'
[0.199s] Level 1:colcon.colcon_core.package_identification:_identify(src/night_patrol_world) by extension 'ignore_ament_install'
[0.199s] Level 1:colcon.colcon_core.package_identification:_identify(src/night_patrol_world) by extensions ['colcon_pkg']
[0.199s] Level 1:colcon.colcon_core.package_identification:_identify(src/night_patrol_world) by extension 'colcon_pkg'
[0.199s] Level 1:colcon.colcon_core.package_identification:_identify(src/night_patrol_world) by extensions ['colcon_meta']
[0.199s] Level 1:colcon.colcon_core.package_identification:_identify(src/night_patrol_world) by extension 'colcon_meta'
[0.199s] Level 1:colcon.colcon_core.package_identification:_identify(src/night_patrol_world) by extensions ['ros']
[0.199s] Level 1:colcon.colcon_core.package_identification:_identify(src/night_patrol_world) by extension 'ros'
[0.199s] DEBUG:colcon.colcon_core.package_identification:Package 'src/night_patrol_world' with type 'ros.ament_cmake' and name 'night_patrol_world'
[0.199s] Level 1:colcon.colcon_core.package_identification:_identify(src/patrol_detection) by extensions ['ignore', 'ignore_ament_install']
[0.199s] Level 1:colcon.colcon_core.package_identification:_identify(src/patrol_detection) by extension 'ignore'
[0.199s] Level 1:colcon.colcon_core.package_identification:_identify(src/patrol_detection) by extension 'ignore_ament_install'
[0.199s] Level 1:colcon.colcon_core.package_identification:_identify(src/patrol_detection) by extensions ['colcon_pkg']
[0.199s] Level 1:colcon.colcon_core.package_identification:_identify(src/patrol_detection) by extension 'colcon_pkg'
[0.199s] Level 1:colcon.colcon_core.package_identification:_identify(src/patrol_detection) by extensions ['colcon_meta']
[0.200s] Level 1:colcon.colcon_core.package_identification:_identify(src/patrol_detection) by extension 'colcon_meta'
[0.200s] Level 1:colcon.colcon_core.package_identification:_identify(src/patrol_detection) by extensions ['ros']
[0.200s] Level 1:colcon.colcon_core.package_identification:_identify(src/patrol_detection) by extension 'ros'
[0.200s] DEBUG:colcon.colcon_core.package_identification:Package 'src/patrol_detection' with type 'ros.ament_python' and name 'patrol_detection'
[0.200s] Level 1:colcon.colcon_core.package_discovery:discover_packages(recursive) using defaults
[0.200s] Level 1:colcon.colcon_core.package_discovery:discover_packages(ignore) discover
[0.200s] Level 1:colcon.colcon_core.package_discovery:discover_packages(ignore) using defaults
[0.200s] Level 1:colcon.colcon_core.package_discovery:discover_packages(path) discover
[0.200s] Level 1:colcon.colcon_core.package_discovery:discover_packages(path) using defaults
[0.214s] Level 1:colcon.colcon_core.package_discovery:discover_packages(prefix_path) check parameters
[0.214s] Level 1:colcon.colcon_core.package_discovery:discover_packages(prefix_path) discover
[0.215s] WARNING:colcon.colcon_ros.prefix_path.ament:The path '/home/ishaani/ros2_ws/install/night_patrol_world' in the environment variable AMENT_PREFIX_PATH doesn't exist
[0.215s] WARNING:colcon.colcon_ros.prefix_path.ament:The path '/home/ishaani/ros2_ws/install/night_patrol_robot' in the environment variable AMENT_PREFIX_PATH doesn't exist
[0.215s] WARNING:colcon.colcon_ros.prefix_path.ament:The path '/home/ishaani/ros2_ws/install/learning_tf2_cpp' in the environment variable AMENT_PREFIX_PATH doesn't exist
[0.215s] WARNING:colcon.colcon_ros.prefix_path.ament:The path '/home/ishaani/ros2_ws/install/patrol_detection' in the environment variable AMENT_PREFIX_PATH doesn't exist
[0.216s] WARNING:colcon.colcon_ros.prefix_path.catkin:The path '/home/ishaani/ros2_ws/install/night_patrol_world' in the environment variable CMAKE_PREFIX_PATH doesn't exist
[0.216s] WARNING:colcon.colcon_ros.prefix_path.catkin:The path '/home/ishaani/ros2_ws/install/night_patrol_robot' in the environment variable CMAKE_PREFIX_PATH doesn't exist
[0.216s] WARNING:colcon.colcon_ros.prefix_path.catkin:The path '/home/ishaani/ros2_ws/install/learning_tf2_cpp' in the environment variable CMAKE_PREFIX_PATH doesn't exist
[0.217s] DEBUG:colcon.colcon_installed_package_information.package_discovery:Found 0 installed packages in /home/ishaani/ros2_ws/install
[0.217s] DEBUG:colcon.colcon_installed_package_information.package_discovery:Found 15 installed packages in /home/ishaani/turtlebot3_ws/install
[0.219s] DEBUG:colcon.colcon_installed_package_information.package_discovery:Found 436 installed packages in /opt/ros/jazzy
[0.220s] Level 1:colcon.colcon_core.package_discovery:discover_packages(prefix_path) using defaults
[0.269s] Level 5:colcon.colcon_core.verb:set package 'learning_tf2_cpp' build argument 'cmake_args' from command line to 'None'
[0.269s] Level 5:colcon.colcon_core.verb:set package 'learning_tf2_cpp' build argument 'cmake_target' from command line to 'None'
[0.269s] Level 5:colcon.colcon_core.verb:set package 'learning_tf2_cpp' build argument 'cmake_target_skip_unavailable' from command line to 'False'
[0.269s] Level 5:colcon.colcon_core.verb:set package 'learning_tf2_cpp' build argument 'cmake_clean_cache' from command line to 'False'
[0.269s] Level 5:colcon.colcon_core.verb:set package 'learning_tf2_cpp' build argument 'cmake_clean_first' from command line to 'False'
[0.269s] Level 5:colcon.colcon_core.verb:set package 'learning_tf2_cpp' build argument 'cmake_force_configure' from command line to 'False'
[0.269s] Level 5:colcon.colcon_core.verb:set package 'learning_tf2_cpp' build argument 'ament_cmake_args' from command line to 'None'
[0.269s] Level 5:colcon.colcon_core.verb:set package 'learning_tf2_cpp' build argument 'catkin_cmake_args' from command line to 'None'
[0.269s] Level 5:colcon.colcon_core.verb:set package 'learning_tf2_cpp' build argument 'catkin_skip_building_tests' from command line to 'False'
[0.270s] DEBUG:colcon.colcon_core.verb:Building package 'learning_tf2_cpp' with the following arguments: {'ament_cmake_args': None, 'build_base': '/home/ishaani/ros2_ws/build/learning_tf2_cpp', 'catkin_cmake_args': None, 'catkin_skip_building_tests': False, 'cmake_args': None, 'cmake_clean_cache': False, 'cmake_clean_first': False, 'cmake_force_configure': False, 'cmake_target': None, 'cmake_target_skip_unavailable': False, 'install_base': '/home/ishaani/ros2_ws/install/learning_tf2_cpp', 'merge_install': False, 'path': '/home/ishaani/ros2_ws/src/learning_tf2_cpp', 'symlink_install': False, 'test_result_base': None}
[0.270s] Level 5:colcon.colcon_core.verb:set package 'night_patrol_robot' build argument 'cmake_args' from command line to 'None'
[0.270s] Level 5:colcon.colcon_core.verb:set package 'night_patrol_robot' build argument 'cmake_target' from command line to 'None'
[0.270s] Level 5:colcon.colcon_core.verb:set package 'night_patrol_robot' build argument 'cmake_target_skip_unavailable' from command line to 'False'
[0.270s] Level 5:colcon.colcon_core.verb:set package 'night_patrol_robot' build argument 'cmake_clean_cache' from command line to 'False'
[0.270s] Level 5:colcon.colcon_core.verb:set package 'night_patrol_robot' build argument 'cmake_clean_first' from command line to 'False'
[0.270s] Level 5:colcon.colcon_core.verb:set package 'night_patrol_robot' build argument 'cmake_force_configure' from command line to 'False'
[0.270s] Level 5:colcon.colcon_core.verb:set package 'night_patrol_robot' build argument 'ament_cmake_args' from command line to 'None'
[0.270s] Level 5:colcon.colcon_core.verb:set package 'night_patrol_robot' build argument 'catkin_cmake_args' from command line to 'None'
[0.270s] Level 5:colcon.colcon_core.verb:set package 'night_patrol_robot' build argument 'catkin_skip_building_tests' from command line to 'False'
[0.270s] DEBUG:colcon.colcon_core.verb:Building package 'night_patrol_robot' with the following arguments: {'ament_cmake_args': None, 'build_base': '/home/ishaani/ros2_ws/build/night_patrol_robot', 'catkin_cmake_args': None, 'catkin_skip_building_tests': False, 'cmake_args': None, 'cmake_clean_cache': False, 'cmake_clean_first': False, 'cmake_force_configure': False, 'cmake_target': None, 'cmake_target_skip_unavailable': False, 'install_base': '/home/ishaani/ros2_ws/install/night_patrol_robot', 'merge_install': False, 'path': '/home/ishaani/ros2_ws/src/night_patrol_robot', 'symlink_install': False, 'test_result_base': None}
[0.270s] Level 5:colcon.colcon_core.verb:set package 'night_patrol_world' build argument 'cmake_args' from command line to 'None'
[0.270s] Level 5:colcon.colcon_core.verb:set package 'night_patrol_world' build argument 'cmake_target' from command line to 'None'
[0.270s] Level 5:colcon.colcon_core.verb:set package 'night_patrol_world' build argument 'cmake_target_skip_unavailable' from command line to 'False'
[0.270s] Level 5:colcon.colcon_core.verb:set package 'night_patrol_world' build argument 'cmake_clean_cache' from command line to 'False'
[0.270s] Level 5:colcon.colcon_core.verb:set package 'night_patrol_world' build argument 'cmake_clean_first' from command line to 'False'
[0.270s] Level 5:colcon.colcon_core.verb:set package 'night_patrol_world' build argument 'cmake_force_configure' from command line to 'False'
[0.270s] Level 5:colcon.colcon_core.verb:set package 'night_patrol_world' build argument 'ament_cmake_args' from command line to 'None'
[0.270s] Level 5:colcon.colcon_core.verb:set package 'night_patrol_world' build argument 'catkin_cmake_args' from command line to 'None'
[0.270s] Level 5:colcon.colcon_core.verb:set package 'night_patrol_world' build argument 'catkin_skip_building_tests' from command line to 'False'
[0.270s] DEBUG:colcon.colcon_core.verb:Building package 'night_patrol_world' with the following arguments: {'ament_cmake_args': None, 'build_base': '/home/ishaani/ros2_ws/build/night_patrol_world', 'catkin_cmake_args': None, 'catkin_skip_building_tests': False, 'cmake_args': None, 'cmake_clean_cache': False, 'cmake_clean_first': False, 'cmake_force_configure': False, 'cmake_target': None, 'cmake_target_skip_unavailable': False, 'install_base': '/home/ishaani/ros2_ws/install/night_patrol_world', 'merge_install': False, 'path': '/home/ishaani/ros2_ws/src/night_patrol_world', 'symlink_install': False, 'test_result_base': None}
[0.270s] Level 5:colcon.colcon_core.verb:set package 'patrol_detection' build argument 'cmake_args' from command line to 'None'
[0.270s] Level 5:colcon.colcon_core.verb:set package 'patrol_detection' build argument 'cmake_target' from command line to 'None'
[0.270s] Level 5:colcon.colcon_core.verb:set package 'patrol_detection' build argument 'cmake_target_skip_unavailable' from command line to 'False'
[0.270s] Level 5:colcon.colcon_core.verb:set package 'patrol_detection' build argument 'cmake_clean_cache' from command line to 'False'
[0.270s] Level 5:colcon.colcon_core.verb:set package 'patrol_detection' build argument 'cmake_clean_first' from command line to 'False'
[0.270s] Level 5:colcon.colcon_core.verb:set package 'patrol_detection' build argument 'cmake_force_configure' from command line to 'False'
[0.270s] Level 5:colcon.colcon_core.verb:set package 'patrol_detection' build argument 'ament_cmake_args' from command line to 'None'
[0.270s] Level 5:colcon.colcon_core.verb:set package 'patrol_detection' build argument 'catkin_cmake_args' from command line to 'None'
[0.270s] Level 5:colcon.colcon_core.verb:set package 'patrol_detection' build argument 'catkin_skip_building_tests' from command line to 'False'
[0.270s] DEBUG:colcon.colcon_core.verb:Building package 'patrol_detection' with the following arguments: {'ament_cmake_args': None, 'build_base': '/home/ishaani/ros2_ws/build/patrol_detection', 'catkin_cmake_args': None, 'catkin_skip_building_tests': False, 'cmake_args': None, 'cmake_clean_cache': False, 'cmake_clean_first': False, 'cmake_force_configure': False, 'cmake_target': None, 'cmake_target_skip_unavailable': False, 'install_base': '/home/ishaani/ros2_ws/install/patrol_detection', 'merge_install': False, 'path': '/home/ishaani/ros2_ws/src/patrol_detection', 'symlink_install': False, 'test_result_base': None}
[0.271s] INFO:colcon.colcon_core.executor:Executing jobs using 'parallel' executor
[0.271s] DEBUG:colcon.colcon_parallel_executor.executor.parallel:run_until_complete
[0.272s] INFO:colcon.colcon_ros.task.ament_cmake.build:Building ROS package in '/home/ishaani/ros2_ws/src/learning_tf2_cpp' with build type 'ament_cmake'
[0.272s] INFO:colcon.colcon_cmake.task.cmake.build:Building CMake package in '/home/ishaani/ros2_ws/src/learning_tf2_cpp'
[0.274s] INFO:colcon.colcon_core.plugin_system:Skipping extension 'colcon_core.shell.bat': Not used on non-Windows systems
[0.274s] INFO:colcon.colcon_core.shell:Skip shell extension 'powershell' for command environment: Not usable outside of PowerShell
[0.274s] DEBUG:colcon.colcon_core.shell:Skip shell extension 'dsv' for command environment
[0.278s] INFO:colcon.colcon_ros.task.ament_cmake.build:Building ROS package in '/home/ishaani/ros2_ws/src/night_patrol_robot' with build type 'ament_cmake'
[0.278s] INFO:colcon.colcon_cmake.task.cmake.build:Building CMake package in '/home/ishaani/ros2_ws/src/night_patrol_robot'
[0.279s] INFO:colcon.colcon_core.shell:Skip shell extension 'powershell' for command environment: Not usable outside of PowerShell
[0.279s] DEBUG:colcon.colcon_core.shell:Skip shell extension 'dsv' for command environment
[0.284s] INFO:colcon.colcon_ros.task.ament_cmake.build:Building ROS package in '/home/ishaani/ros2_ws/src/night_patrol_world' with build type 'ament_cmake'
[0.284s] INFO:colcon.colcon_cmake.task.cmake.build:Building CMake package in '/home/ishaani/ros2_ws/src/night_patrol_world'
[0.284s] INFO:colcon.colcon_core.shell:Skip shell extension 'powershell' for command environment: Not usable outside of PowerShell
[0.284s] DEBUG:colcon.colcon_core.shell:Skip shell extension 'dsv' for command environment
[0.289s] INFO:colcon.colcon_ros.task.ament_python.build:Building ROS package in '/home/ishaani/ros2_ws/src/patrol_detection' with build type 'ament_python'
[0.290s] Level 1:colcon.colcon_core.shell:create_environment_hook('patrol_detection', 'ament_prefix_path')
[0.290s] INFO:colcon.colcon_core.shell:Creating environment hook '/home/ishaani/ros2_ws/install/patrol_detection/share/patrol_detection/hook/ament_prefix_path.ps1'
[0.291s] INFO:colcon.colcon_core.shell:Creating environment descriptor '/home/ishaani/ros2_ws/install/patrol_detection/share/patrol_detection/hook/ament_prefix_path.dsv'
[0.291s] INFO:colcon.colcon_core.shell:Creating environment hook '/home/ishaani/ros2_ws/install/patrol_detection/share/patrol_detection/hook/ament_prefix_path.sh'
[0.291s] INFO:colcon.colcon_core.shell:Skip shell extension 'powershell' for command environment: Not usable outside of PowerShell
[0.292s] DEBUG:colcon.colcon_core.shell:Skip shell extension 'dsv' for command environment
[0.301s] DEBUG:colcon.colcon_core.event_handler.log_command:Invoking command in '/home/ishaani/ros2_ws/build/learning_tf2_cpp': CMAKE_PREFIX_PATH=${CMAKE_PREFIX_PATH}:/home/ishaani/ros2_ws/install/patrol_detection:/home/ishaani/turtlebot3_ws/install/turtlebot3_teleop:/home/ishaani/turtlebot3_ws/install/turtlebot3_example:/opt/ros/jazzy /usr/bin/cmake /home/ishaani/ros2_ws/src/learning_tf2_cpp -DCMAKE_INSTALL_PREFIX=/home/ishaani/ros2_ws/install/learning_tf2_cpp
[0.304s] DEBUG:colcon.colcon_core.event_handler.log_command:Invoking command in '/home/ishaani/ros2_ws/build/night_patrol_robot': CMAKE_PREFIX_PATH=${CMAKE_PREFIX_PATH}:/home/ishaani/ros2_ws/install/patrol_detection:/home/ishaani/turtlebot3_ws/install/turtlebot3_teleop:/home/ishaani/turtlebot3_ws/install/turtlebot3_example:/opt/ros/jazzy /usr/bin/cmake /home/ishaani/ros2_ws/src/night_patrol_robot -DCMAKE_INSTALL_PREFIX=/home/ishaani/ros2_ws/install/night_patrol_robot
[0.308s] DEBUG:colcon.colcon_core.event_handler.log_command:Invoking command in '/home/ishaani/ros2_ws/build/night_patrol_world': CMAKE_PREFIX_PATH=${CMAKE_PREFIX_PATH}:/home/ishaani/ros2_ws/install/patrol_detection:/home/ishaani/turtlebot3_ws/install/turtlebot3_teleop:/home/ishaani/turtlebot3_ws/install/turtlebot3_example:/opt/ros/jazzy /usr/bin/cmake /home/ishaani/ros2_ws/src/night_patrol_world -DCMAKE_INSTALL_PREFIX=/home/ishaani/ros2_ws/install/night_patrol_world
[0.545s] INFO:colcon.colcon_core.task.python.build:Building Python package in '/home/ishaani/ros2_ws/src/patrol_detection'
[0.545s] INFO:colcon.colcon_core.shell:Skip shell extension 'powershell' for command environment: Not usable outside of PowerShell
[0.545s] DEBUG:colcon.colcon_core.shell:Skip shell extension 'dsv' for command environment
[1.246s] DEBUG:colcon.colcon_core.event_handler.log_command:Invoking command in '/home/ishaani/ros2_ws/src/patrol_detection': PYTHONPATH=/home/ishaani/ros2_ws/build/patrol_detection/prefix_override:/usr/lib/python3/dist-packages/colcon_core/task/python/colcon_distutils_commands:/home/ishaani/ros2_ws/install/patrol_detection/lib/python3.12/site-packages:${PYTHONPATH} /usr/bin/python3 -W ignore:setup.py install is deprecated -W ignore:easy_install command is deprecated setup.py egg_info --egg-base ../../build/patrol_detection build --build-base /home/ishaani/ros2_ws/build/patrol_detection/build install --record /home/ishaani/ros2_ws/build/patrol_detection/install.log --single-version-externally-managed install_data
[1.928s] DEBUG:colcon.colcon_core.event_handler.log_command:Invoked command in '/home/ishaani/ros2_ws/src/patrol_detection' returned '0': PYTHONPATH=/home/ishaani/ros2_ws/build/patrol_detection/prefix_override:/usr/lib/python3/dist-packages/colcon_core/task/python/colcon_distutils_commands:/home/ishaani/ros2_ws/install/patrol_detection/lib/python3.12/site-packages:${PYTHONPATH} /usr/bin/python3 -W ignore:setup.py install is deprecated -W ignore:easy_install command is deprecated setup.py egg_info --egg-base ../../build/patrol_detection build --build-base /home/ishaani/ros2_ws/build/patrol_detection/build install --record /home/ishaani/ros2_ws/build/patrol_detection/install.log --single-version-externally-managed install_data
[1.930s] Level 1:colcon.colcon_core.environment:checking '/home/ishaani/ros2_ws/install/patrol_detection' for CMake module files
[1.931s] Level 1:colcon.colcon_core.environment:checking '/home/ishaani/ros2_ws/install/patrol_detection' for CMake config files
[1.931s] Level 1:colcon.colcon_core.environment:checking '/home/ishaani/ros2_ws/install/patrol_detection/lib'
[1.932s] Level 1:colcon.colcon_core.environment:checking '/home/ishaani/ros2_ws/install/patrol_detection/bin'
[1.932s] Level 1:colcon.colcon_core.environment:checking '/home/ishaani/ros2_ws/install/patrol_detection/lib/pkgconfig/patrol_detection.pc'
[1.932s] Level 1:colcon.colcon_core.environment:checking '/home/ishaani/ros2_ws/install/patrol_detection/lib/python3.12/site-packages'
[1.932s] Level 1:colcon.colcon_core.shell:create_environment_hook('patrol_detection', 'pythonpath')
[1.932s] INFO:colcon.colcon_core.shell:Creating environment hook '/home/ishaani/ros2_ws/install/patrol_detection/share/patrol_detection/hook/pythonpath.ps1'
[1.933s] INFO:colcon.colcon_core.shell:Creating environment descriptor '/home/ishaani/ros2_ws/install/patrol_detection/share/patrol_detection/hook/pythonpath.dsv'
[1.933s] INFO:colcon.colcon_core.shell:Creating environment hook '/home/ishaani/ros2_ws/install/patrol_detection/share/patrol_detection/hook/pythonpath.sh'
[1.934s] Level 1:colcon.colcon_core.environment:checking '/home/ishaani/ros2_ws/install/patrol_detection/bin'
[1.935s] Level 1:colcon.colcon_core.environment:create_environment_scripts_only(patrol_detection)
[1.935s] INFO:colcon.colcon_core.shell:Creating package script '/home/ishaani/ros2_ws/install/patrol_detection/share/patrol_detection/package.ps1'
[1.936s] INFO:colcon.colcon_core.shell:Creating package descriptor '/home/ishaani/ros2_ws/install/patrol_detection/share/patrol_detection/package.dsv'
[1.936s] INFO:colcon.colcon_core.shell:Creating package script '/home/ishaani/ros2_ws/install/patrol_detection/share/patrol_detection/package.sh'
[1.937s] INFO:colcon.colcon_core.shell:Creating package script '/home/ishaani/ros2_ws/install/patrol_detection/share/patrol_detection/package.bash'
[1.937s] INFO:colcon.colcon_core.shell:Creating package script '/home/ishaani/ros2_ws/install/patrol_detection/share/patrol_detection/package.zsh'
[1.938s] Level 1:colcon.colcon_core.environment:create_file_with_runtime_dependencies(/home/ishaani/ros2_ws/install/patrol_detection/share/colcon-core/packages/patrol_detection)
[2.109s] DEBUG:colcon.colcon_core.event_handler.log_command:Invoked command in '/home/ishaani/ros2_ws/build/night_patrol_world' returned '0': CMAKE_PREFIX_PATH=${CMAKE_PREFIX_PATH}:/home/ishaani/ros2_ws/install/patrol_detection:/home/ishaani/turtlebot3_ws/install/turtlebot3_teleop:/home/ishaani/turtlebot3_ws/install/turtlebot3_example:/opt/ros/jazzy /usr/bin/cmake /home/ishaani/ros2_ws/src/night_patrol_world -DCMAKE_INSTALL_PREFIX=/home/ishaani/ros2_ws/install/night_patrol_world
[2.110s] DEBUG:colcon.colcon_core.event_handler.log_command:Invoking command in '/home/ishaani/ros2_ws/build/night_patrol_world': CMAKE_PREFIX_PATH=${CMAKE_PREFIX_PATH}:/home/ishaani/ros2_ws/install/patrol_detection:/home/ishaani/turtlebot3_ws/install/turtlebot3_teleop:/home/ishaani/turtlebot3_ws/install/turtlebot3_example:/opt/ros/jazzy /usr/bin/cmake --build /home/ishaani/ros2_ws/build/night_patrol_world -- -j8 -l8
[2.150s] DEBUG:colcon.colcon_core.event_handler.log_command:Invoked command in '/home/ishaani/ros2_ws/build/night_patrol_world' returned '0': CMAKE_PREFIX_PATH=${CMAKE_PREFIX_PATH}:/home/ishaani/ros2_ws/install/patrol_detection:/home/ishaani/turtlebot3_ws/install/turtlebot3_teleop:/home/ishaani/turtlebot3_ws/install/turtlebot3_example:/opt/ros/jazzy /usr/bin/cmake --build /home/ishaani/ros2_ws/build/night_patrol_world -- -j8 -l8
[2.163s] DEBUG:colcon.colcon_core.event_handler.log_command:Invoking command in '/home/ishaani/ros2_ws/build/night_patrol_world': CMAKE_PREFIX_PATH=${CMAKE_PREFIX_PATH}:/home/ishaani/ros2_ws/install/patrol_detection:/home/ishaani/turtlebot3_ws/install/turtlebot3_teleop:/home/ishaani/turtlebot3_ws/install/turtlebot3_example:/opt/ros/jazzy /usr/bin/cmake --install /home/ishaani/ros2_ws/build/night_patrol_world
[2.182s] Level 1:colcon.colcon_core.environment:create_environment_scripts_only(night_patrol_world)
[2.182s] Level 1:colcon.colcon_core.environment:checking '/home/ishaani/ros2_ws/install/night_patrol_world' for CMake module files
[2.183s] DEBUG:colcon.colcon_core.event_handler.log_command:Invoked command in '/home/ishaani/ros2_ws/build/night_patrol_world' returned '0': CMAKE_PREFIX_PATH=${CMAKE_PREFIX_PATH}:/home/ishaani/ros2_ws/install/patrol_detection:/home/ishaani/turtlebot3_ws/install/turtlebot3_teleop:/home/ishaani/turtlebot3_ws/install/turtlebot3_example:/opt/ros/jazzy /usr/bin/cmake --install /home/ishaani/ros2_ws/build/night_patrol_world
[2.183s] Level 1:colcon.colcon_core.environment:checking '/home/ishaani/ros2_ws/install/night_patrol_world' for CMake config files
[2.183s] Level 1:colcon.colcon_core.shell:create_environment_hook('night_patrol_world', 'cmake_prefix_path')
[2.183s] INFO:colcon.colcon_core.shell:Creating environment hook '/home/ishaani/ros2_ws/install/night_patrol_world/share/night_patrol_world/hook/cmake_prefix_path.ps1'
[2.184s] INFO:colcon.colcon_core.shell:Creating environment descriptor '/home/ishaani/ros2_ws/install/night_patrol_world/share/night_patrol_world/hook/cmake_prefix_path.dsv'
[2.184s] INFO:colcon.colcon_core.shell:Creating environment hook '/home/ishaani/ros2_ws/install/night_patrol_world/share/night_patrol_world/hook/cmake_prefix_path.sh'
[2.185s] Level 1:colcon.colcon_core.environment:checking '/home/ishaani/ros2_ws/install/night_patrol_world/bin'
[2.185s] Level 1:colcon.colcon_core.environment:checking '/home/ishaani/ros2_ws/install/night_patrol_world/lib/pkgconfig/night_patrol_world.pc'
[2.185s] Level 1:colcon.colcon_core.environment:checking '/home/ishaani/ros2_ws/install/night_patrol_world/lib/python3.12/site-packages'
[2.186s] Level 1:colcon.colcon_core.environment:checking '/home/ishaani/ros2_ws/install/night_patrol_world/bin'
[2.186s] INFO:colcon.colcon_core.shell:Creating package script '/home/ishaani/ros2_ws/install/night_patrol_world/share/night_patrol_world/package.ps1'
[2.187s] INFO:colcon.colcon_core.shell:Creating package descriptor '/home/ishaani/ros2_ws/install/night_patrol_world/share/night_patrol_world/package.dsv'
[2.187s] INFO:colcon.colcon_core.shell:Creating package script '/home/ishaani/ros2_ws/install/night_patrol_world/share/night_patrol_world/package.sh'
[2.187s] INFO:colcon.colcon_core.shell:Creating package script '/home/ishaani/ros2_ws/install/night_patrol_world/share/night_patrol_world/package.bash'
[2.187s] INFO:colcon.colcon_core.shell:Creating package script '/home/ishaani/ros2_ws/install/night_patrol_world/share/night_patrol_world/package.zsh'
[2.188s] Level 1:colcon.colcon_core.environment:create_file_with_runtime_dependencies(/home/ishaani/ros2_ws/install/night_patrol_world/share/colcon-core/packages/night_patrol_world)
[2.188s] Level 1:colcon.colcon_core.environment:create_environment_scripts_only(night_patrol_world)
[2.189s] Level 1:colcon.colcon_core.environment:checking '/home/ishaani/ros2_ws/install/night_patrol_world' for CMake module files
[2.189s] Level 1:colcon.colcon_core.environment:checking '/home/ishaani/ros2_ws/install/night_patrol_world' for CMake config files
[2.189s] Level 1:colcon.colcon_core.shell:create_environment_hook('night_patrol_world', 'cmake_prefix_path')
[2.189s] INFO:colcon.colcon_core.shell:Creating environment hook '/home/ishaani/ros2_ws/install/night_patrol_world/share/night_patrol_world/hook/cmake_prefix_path.ps1'
[2.190s] INFO:colcon.colcon_core.shell:Creating environment descriptor '/home/ishaani/ros2_ws/install/night_patrol_world/share/night_patrol_world/hook/cmake_prefix_path.dsv'
[2.190s] INFO:colcon.colcon_core.shell:Creating environment hook '/home/ishaani/ros2_ws/install/night_patrol_world/share/night_patrol_world/hook/cmake_prefix_path.sh'
[2.190s] Level 1:colcon.colcon_core.environment:checking '/home/ishaani/ros2_ws/install/night_patrol_world/bin'
[2.190s] Level 1:colcon.colcon_core.environment:checking '/home/ishaani/ros2_ws/install/night_patrol_world/lib/pkgconfig/night_patrol_world.pc'
[2.190s] Level 1:colcon.colcon_core.environment:checking '/home/ishaani/ros2_ws/install/night_patrol_world/lib/python3.12/site-packages'
[2.191s] Level 1:colcon.colcon_core.environment:checking '/home/ishaani/ros2_ws/install/night_patrol_world/bin'
[2.191s] INFO:colcon.colcon_core.shell:Creating package script '/home/ishaani/ros2_ws/install/night_patrol_world/share/night_patrol_world/package.ps1'
[2.191s] INFO:colcon.colcon_core.shell:Creating package descriptor '/home/ishaani/ros2_ws/install/night_patrol_world/share/night_patrol_world/package.dsv'
[2.192s] INFO:colcon.colcon_core.shell:Creating package script '/home/ishaani/ros2_ws/install/night_patrol_world/share/night_patrol_world/package.sh'
[2.192s] INFO:colcon.colcon_core.shell:Creating package script '/home/ishaani/ros2_ws/install/night_patrol_world/share/night_patrol_world/package.bash'
[2.192s] INFO:colcon.colcon_core.shell:Creating package script '/home/ishaani/ros2_ws/install/night_patrol_world/share/night_patrol_world/package.zsh'
[2.192s] Level 1:colcon.colcon_core.environment:create_file_with_runtime_dependencies(/home/ishaani/ros2_ws/install/night_patrol_world/share/colcon-core/packages/night_patrol_world)
[2.328s] DEBUG:colcon.colcon_core.event_handler.log_command:Invoked command in '/home/ishaani/ros2_ws/build/night_patrol_robot' returned '0': CMAKE_PREFIX_PATH=${CMAKE_PREFIX_PATH}:/home/ishaani/ros2_ws/install/patrol_detection:/home/ishaani/turtlebot3_ws/install/turtlebot3_teleop:/home/ishaani/turtlebot3_ws/install/turtlebot3_example:/opt/ros/jazzy /usr/bin/cmake /home/ishaani/ros2_ws/src/night_patrol_robot -DCMAKE_INSTALL_PREFIX=/home/ishaani/ros2_ws/install/night_patrol_robot
[2.329s] DEBUG:colcon.colcon_core.event_handler.log_command:Invoking command in '/home/ishaani/ros2_ws/build/night_patrol_robot': CMAKE_PREFIX_PATH=${CMAKE_PREFIX_PATH}:/home/ishaani/ros2_ws/install/patrol_detection:/home/ishaani/turtlebot3_ws/install/turtlebot3_teleop:/home/ishaani/turtlebot3_ws/install/turtlebot3_example:/opt/ros/jazzy /usr/bin/cmake --build /home/ishaani/ros2_ws/build/night_patrol_robot -- -j8 -l8
[2.765s] DEBUG:colcon.colcon_core.event_handler.log_command:Invoked command in '/home/ishaani/ros2_ws/build/night_patrol_robot' returned '0': CMAKE_PREFIX_PATH=${CMAKE_PREFIX_PATH}:/home/ishaani/ros2_ws/install/patrol_detection:/home/ishaani/turtlebot3_ws/install/turtlebot3_teleop:/home/ishaani/turtlebot3_ws/install/turtlebot3_example:/opt/ros/jazzy /usr/bin/cmake --build /home/ishaani/ros2_ws/build/night_patrol_robot -- -j8 -l8
[2.766s] DEBUG:colcon.colcon_core.event_handler.log_command:Invoking command in '/home/ishaani/ros2_ws/build/night_patrol_robot': CMAKE_PREFIX_PATH=${CMAKE_PREFIX_PATH}:/home/ishaani/ros2_ws/install/patrol_detection:/home/ishaani/turtlebot3_ws/install/turtlebot3_teleop:/home/ishaani/turtlebot3_ws/install/turtlebot3_example:/opt/ros/jazzy /usr/bin/cmake --install /home/ishaani/ros2_ws/build/night_patrol_robot
[2.827s] Level 1:colcon.colcon_core.environment:create_environment_scripts_only(night_patrol_robot)
[2.827s] DEBUG:colcon.colcon_core.event_handler.log_command:Invoked command in '/home/ishaani/ros2_ws/build/night_patrol_robot' returned '0': CMAKE_PREFIX_PATH=${CMAKE_PREFIX_PATH}:/home/ishaani/ros2_ws/install/patrol_detection:/home/ishaani/turtlebot3_ws/install/turtlebot3_teleop:/home/ishaani/turtlebot3_ws/install/turtlebot3_example:/opt/ros/jazzy /usr/bin/cmake --install /home/ishaani/ros2_ws/build/night_patrol_robot
[2.828s] Level 1:colcon.colcon_core.environment:checking '/home/ishaani/ros2_ws/install/night_patrol_robot' for CMake module files
[2.828s] Level 1:colcon.colcon_core.environment:checking '/home/ishaani/ros2_ws/install/night_patrol_robot' for CMake config files
[2.828s] Level 1:colcon.colcon_core.shell:create_environment_hook('night_patrol_robot', 'cmake_prefix_path')
[2.828s] INFO:colcon.colcon_core.shell:Creating environment hook '/home/ishaani/ros2_ws/install/night_patrol_robot/share/night_patrol_robot/hook/cmake_prefix_path.ps1'
[2.829s] INFO:colcon.colcon_core.shell:Creating environment descriptor '/home/ishaani/ros2_ws/install/night_patrol_robot/share/night_patrol_robot/hook/cmake_prefix_path.dsv'
[2.829s] INFO:colcon.colcon_core.shell:Creating environment hook '/home/ishaani/ros2_ws/install/night_patrol_robot/share/night_patrol_robot/hook/cmake_prefix_path.sh'
[2.830s] Level 1:colcon.colcon_core.environment:checking '/home/ishaani/ros2_ws/install/night_patrol_robot/lib'
[2.830s] Level 1:colcon.colcon_core.environment:checking '/home/ishaani/ros2_ws/install/night_patrol_robot/bin'
[2.830s] Level 1:colcon.colcon_core.environment:checking '/home/ishaani/ros2_ws/install/night_patrol_robot/lib/pkgconfig/night_patrol_robot.pc'
[2.830s] Level 1:colcon.colcon_core.environment:checking '/home/ishaani/ros2_ws/install/night_patrol_robot/lib/python3.12/site-packages'
[2.830s] Level 1:colcon.colcon_core.shell:create_environment_hook('night_patrol_robot', 'pythonpath')
[2.830s] INFO:colcon.colcon_core.shell:Creating environment hook '/home/ishaani/ros2_ws/install/night_patrol_robot/share/night_patrol_robot/hook/pythonpath.ps1'
[2.830s] INFO:colcon.colcon_core.shell:Creating environment descriptor '/home/ishaani/ros2_ws/install/night_patrol_robot/share/night_patrol_robot/hook/pythonpath.dsv'
[2.831s] INFO:colcon.colcon_core.shell:Creating environment hook '/home/ishaani/ros2_ws/install/night_patrol_robot/share/night_patrol_robot/hook/pythonpath.sh'
[2.831s] Level 1:colcon.colcon_core.environment:checking '/home/ishaani/ros2_ws/install/night_patrol_robot/bin'
[2.831s] INFO:colcon.colcon_core.shell:Creating package script '/home/ishaani/ros2_ws/install/night_patrol_robot/share/night_patrol_robot/package.ps1'
[2.831s] INFO:colcon.colcon_core.shell:Creating package descriptor '/home/ishaani/ros2_ws/install/night_patrol_robot/share/night_patrol_robot/package.dsv'
[2.832s] INFO:colcon.colcon_core.shell:Creating package script '/home/ishaani/ros2_ws/install/night_patrol_robot/share/night_patrol_robot/package.sh'
[2.832s] INFO:colcon.colcon_core.shell:Creating package script '/home/ishaani/ros2_ws/install/night_patrol_robot/share/night_patrol_robot/package.bash'
[2.832s] INFO:colcon.colcon_core.shell:Creating package script '/home/ishaani/ros2_ws/install/night_patrol_robot/share/night_patrol_robot/package.zsh'
[2.832s] Level 1:colcon.colcon_core.environment:create_file_with_runtime_dependencies(/home/ishaani/ros2_ws/install/night_patrol_robot/share/colcon-core/packages/night_patrol_robot)
[2.833s] Level 1:colcon.colcon_core.environment:create_environment_scripts_only(night_patrol_robot)
[2.833s] Level 1:colcon.colcon_core.environment:checking '/home/ishaani/ros2_ws/install/night_patrol_robot' for CMake module files
[2.834s] Level 1:colcon.colcon_core.environment:checking '/home/ishaani/ros2_ws/install/night_patrol_robot' for CMake config files
[2.834s] Level 1:colcon.colcon_core.shell:create_environment_hook('night_patrol_robot', 'cmake_prefix_path')
[2.834s] INFO:colcon.colcon_core.shell:Creating environment hook '/home/ishaani/ros2_ws/install/night_patrol_robot/share/night_patrol_robot/hook/cmake_prefix_path.ps1'
[2.834s] INFO:colcon.colcon_core.shell:Creating environment descriptor '/home/ishaani/ros2_ws/install/night_patrol_robot/share/night_patrol_robot/hook/cmake_prefix_path.dsv'
[2.834s] INFO:colcon.colcon_core.shell:Creating environment hook '/home/ishaani/ros2_ws/install/night_patrol_robot/share/night_patrol_robot/hook/cmake_prefix_path.sh'
[2.835s] Level 1:colcon.colcon_core.environment:checking '/home/ishaani/ros2_ws/install/night_patrol_robot/lib'
[2.835s] Level 1:colcon.colcon_core.environment:checking '/home/ishaani/ros2_ws/install/night_patrol_robot/bin'
[2.835s] Level 1:colcon.colcon_core.environment:checking '/home/ishaani/ros2_ws/install/night_patrol_robot/lib/pkgconfig/night_patrol_robot.pc'
[2.835s] Level 1:colcon.colcon_core.environment:checking '/home/ishaani/ros2_ws/install/night_patrol_robot/lib/python3.12/site-packages'
[2.835s] Level 1:colcon.colcon_core.shell:create_environment_hook('night_patrol_robot', 'pythonpath')
[2.835s] INFO:colcon.colcon_core.shell:Creating environment hook '/home/ishaani/ros2_ws/install/night_patrol_robot/share/night_patrol_robot/hook/pythonpath.ps1'
[2.836s] INFO:colcon.colcon_core.shell:Creating environment descriptor '/home/ishaani/ros2_ws/install/night_patrol_robot/share/night_patrol_robot/hook/pythonpath.dsv'
[2.836s] INFO:colcon.colcon_core.shell:Creating environment hook '/home/ishaani/ros2_ws/install/night_patrol_robot/share/night_patrol_robot/hook/pythonpath.sh'
[2.836s] Level 1:colcon.colcon_core.environment:checking '/home/ishaani/ros2_ws/install/night_patrol_robot/bin'
[2.836s] INFO:colcon.colcon_core.shell:Creating package script '/home/ishaani/ros2_ws/install/night_patrol_robot/share/night_patrol_robot/package.ps1'
[2.837s] INFO:colcon.colcon_core.shell:Creating package descriptor '/home/ishaani/ros2_ws/install/night_patrol_robot/share/night_patrol_robot/package.dsv'
[2.837s] INFO:colcon.colcon_core.shell:Creating package script '/home/ishaani/ros2_ws/install/night_patrol_robot/share/night_patrol_robot/package.sh'
[2.838s] INFO:colcon.colcon_core.shell:Creating package script '/home/ishaani/ros2_ws/install/night_patrol_robot/share/night_patrol_robot/package.bash'
[2.838s] INFO:colcon.colcon_core.shell:Creating package script '/home/ishaani/ros2_ws/install/night_patrol_robot/share/night_patrol_robot/package.zsh'
[2.838s] Level 1:colcon.colcon_core.environment:create_file_with_runtime_dependencies(/home/ishaani/ros2_ws/install/night_patrol_robot/share/colcon-core/packages/night_patrol_robot)
[2.961s] DEBUG:colcon.colcon_core.event_handler.log_command:Invoked command in '/home/ishaani/ros2_ws/build/learning_tf2_cpp' returned '0': CMAKE_PREFIX_PATH=${CMAKE_PREFIX_PATH}:/home/ishaani/ros2_ws/install/patrol_detection:/home/ishaani/turtlebot3_ws/install/turtlebot3_teleop:/home/ishaani/turtlebot3_ws/install/turtlebot3_example:/opt/ros/jazzy /usr/bin/cmake /home/ishaani/ros2_ws/src/learning_tf2_cpp -DCMAKE_INSTALL_PREFIX=/home/ishaani/ros2_ws/install/learning_tf2_cpp
[2.962s] DEBUG:colcon.colcon_core.event_handler.log_command:Invoking command in '/home/ishaani/ros2_ws/build/learning_tf2_cpp': CMAKE_PREFIX_PATH=${CMAKE_PREFIX_PATH}:/home/ishaani/ros2_ws/install/patrol_detection:/home/ishaani/turtlebot3_ws/install/turtlebot3_teleop:/home/ishaani/turtlebot3_ws/install/turtlebot3_example:/opt/ros/jazzy /usr/bin/cmake --build /home/ishaani/ros2_ws/build/learning_tf2_cpp -- -j8 -l8
[18.490s] DEBUG:colcon.colcon_core.event_handler.log_command:Invoked command in '/home/ishaani/ros2_ws/build/learning_tf2_cpp' returned '0': CMAKE_PREFIX_PATH=${CMAKE_PREFIX_PATH}:/home/ishaani/ros2_ws/install/patrol_detection:/home/ishaani/turtlebot3_ws/install/turtlebot3_teleop:/home/ishaani/turtlebot3_ws/install/turtlebot3_example:/opt/ros/jazzy /usr/bin/cmake --build /home/ishaani/ros2_ws/build/learning_tf2_cpp -- -j8 -l8
[18.493s] DEBUG:colcon.colcon_core.event_handler.log_command:Invoking command in '/home/ishaani/ros2_ws/build/learning_tf2_cpp': CMAKE_PREFIX_PATH=${CMAKE_PREFIX_PATH}:/home/ishaani/ros2_ws/install/patrol_detection:/home/ishaani/turtlebot3_ws/install/turtlebot3_teleop:/home/ishaani/turtlebot3_ws/install/turtlebot3_example:/opt/ros/jazzy /usr/bin/cmake --install /home/ishaani/ros2_ws/build/learning_tf2_cpp
[18.520s] Level 1:colcon.colcon_core.environment:create_environment_scripts_only(learning_tf2_cpp)
[18.521s] Level 1:colcon.colcon_core.environment:checking '/home/ishaani/ros2_ws/install/learning_tf2_cpp' for CMake module files
[18.521s] DEBUG:colcon.colcon_core.event_handler.log_command:Invoked command in '/home/ishaani/ros2_ws/build/learning_tf2_cpp' returned '0': CMAKE_PREFIX_PATH=${CMAKE_PREFIX_PATH}:/home/ishaani/ros2_ws/install/patrol_detection:/home/ishaani/turtlebot3_ws/install/turtlebot3_teleop:/home/ishaani/turtlebot3_ws/install/turtlebot3_example:/opt/ros/jazzy /usr/bin/cmake --install /home/ishaani/ros2_ws/build/learning_tf2_cpp
[18.522s] Level 1:colcon.colcon_core.environment:checking '/home/ishaani/ros2_ws/install/learning_tf2_cpp' for CMake config files
[18.522s] Level 1:colcon.colcon_core.shell:create_environment_hook('learning_tf2_cpp', 'cmake_prefix_path')
[18.522s] INFO:colcon.colcon_core.shell:Creating environment hook '/home/ishaani/ros2_ws/install/learning_tf2_cpp/share/learning_tf2_cpp/hook/cmake_prefix_path.ps1'
[18.523s] INFO:colcon.colcon_core.shell:Creating environment descriptor '/home/ishaani/ros2_ws/install/learning_tf2_cpp/share/learning_tf2_cpp/hook/cmake_prefix_path.dsv'
[18.523s] INFO:colcon.colcon_core.shell:Creating environment hook '/home/ishaani/ros2_ws/install/learning_tf2_cpp/share/learning_tf2_cpp/hook/cmake_prefix_path.sh'
[18.524s] Level 1:colcon.colcon_core.environment:checking '/home/ishaani/ros2_ws/install/learning_tf2_cpp/lib'
[18.524s] Level 1:colcon.colcon_core.environment:checking '/home/ishaani/ros2_ws/install/learning_tf2_cpp/bin'
[18.524s] Level 1:colcon.colcon_core.environment:checking '/home/ishaani/ros2_ws/install/learning_tf2_cpp/lib/pkgconfig/learning_tf2_cpp.pc'
[18.524s] Level 1:colcon.colcon_core.environment:checking '/home/ishaani/ros2_ws/install/learning_tf2_cpp/lib/python3.12/site-packages'
[18.525s] Level 1:colcon.colcon_core.environment:checking '/home/ishaani/ros2_ws/install/learning_tf2_cpp/bin'
[18.525s] INFO:colcon.colcon_core.shell:Creating package script '/home/ishaani/ros2_ws/install/learning_tf2_cpp/share/learning_tf2_cpp/package.ps1'
[18.525s] INFO:colcon.colcon_core.shell:Creating package descriptor '/home/ishaani/ros2_ws/install/learning_tf2_cpp/share/learning_tf2_cpp/package.dsv'
[18.526s] INFO:colcon.colcon_core.shell:Creating package script '/home/ishaani/ros2_ws/install/learning_tf2_cpp/share/learning_tf2_cpp/package.sh'
[18.526s] INFO:colcon.colcon_core.shell:Creating package script '/home/ishaani/ros2_ws/install/learning_tf2_cpp/share/learning_tf2_cpp/package.bash'
[18.526s] INFO:colcon.colcon_core.shell:Creating package script '/home/ishaani/ros2_ws/install/learning_tf2_cpp/share/learning_tf2_cpp/package.zsh'
[18.527s] Level 1:colcon.colcon_core.environment:create_file_with_runtime_dependencies(/home/ishaani/ros2_ws/install/learning_tf2_cpp/share/colcon-core/packages/learning_tf2_cpp)
[18.528s] Level 1:colcon.colcon_core.environment:create_environment_scripts_only(learning_tf2_cpp)
[18.528s] Level 1:colcon.colcon_core.environment:checking '/home/ishaani/ros2_ws/install/learning_tf2_cpp' for CMake module files
[18.528s] Level 1:colcon.colcon_core.environment:checking '/home/ishaani/ros2_ws/install/learning_tf2_cpp' for CMake config files
[18.529s] Level 1:colcon.colcon_core.shell:create_environment_hook('learning_tf2_cpp', 'cmake_prefix_path')
[18.529s] INFO:colcon.colcon_core.shell:Creating environment hook '/home/ishaani/ros2_ws/install/learning_tf2_cpp/share/learning_tf2_cpp/hook/cmake_prefix_path.ps1'
[18.529s] INFO:colcon.colcon_core.shell:Creating environment descriptor '/home/ishaani/ros2_ws/install/learning_tf2_cpp/share/learning_tf2_cpp/hook/cmake_prefix_path.dsv'
[18.529s] INFO:colcon.colcon_core.shell:Creating environment hook '/home/ishaani/ros2_ws/install/learning_tf2_cpp/share/learning_tf2_cpp/hook/cmake_prefix_path.sh'
[18.530s] Level 1:colcon.colcon_core.environment:checking '/home/ishaani/ros2_ws/install/learning_tf2_cpp/lib'
[18.530s] Level 1:colcon.colcon_core.environment:checking '/home/ishaani/ros2_ws/install/learning_tf2_cpp/bin'
[18.530s] Level 1:colcon.colcon_core.environment:checking '/home/ishaani/ros2_ws/install/learning_tf2_cpp/lib/pkgconfig/learning_tf2_cpp.pc'
[18.530s] Level 1:colcon.colcon_core.environment:checking '/home/ishaani/ros2_ws/install/learning_tf2_cpp/lib/python3.12/site-packages'
[18.531s] Level 1:colcon.colcon_core.environment:checking '/home/ishaani/ros2_ws/install/learning_tf2_cpp/bin'
[18.531s] INFO:colcon.colcon_core.shell:Creating package script '/home/ishaani/ros2_ws/install/learning_tf2_cpp/share/learning_tf2_cpp/package.ps1'
[18.531s] INFO:colcon.colcon_core.shell:Creating package descriptor '/home/ishaani/ros2_ws/install/learning_tf2_cpp/share/learning_tf2_cpp/package.dsv'
[18.532s] INFO:colcon.colcon_core.shell:Creating package script '/home/ishaani/ros2_ws/install/learning_tf2_cpp/share/learning_tf2_cpp/package.sh'
[18.532s] INFO:colcon.colcon_core.shell:Creating package script '/home/ishaani/ros2_ws/install/learning_tf2_cpp/share/learning_tf2_cpp/package.bash'
[18.532s] INFO:colcon.colcon_core.shell:Creating package script '/home/ishaani/ros2_ws/install/learning_tf2_cpp/share/learning_tf2_cpp/package.zsh'
[18.533s] Level 1:colcon.colcon_core.environment:create_file_with_runtime_dependencies(/home/ishaani/ros2_ws/install/learning_tf2_cpp/share/colcon-core/packages/learning_tf2_cpp)
[18.533s] DEBUG:colcon.colcon_parallel_executor.executor.parallel:closing loop
[18.533s] DEBUG:colcon.colcon_parallel_executor.executor.parallel:loop closed
[18.533s] DEBUG:colcon.colcon_parallel_executor.executor.parallel:run_until_complete finished with '0'
[18.534s] DEBUG:colcon.colcon_core.event_reactor:joining thread
[18.579s] INFO:colcon.colcon_core.plugin_system:Skipping extension 'colcon_notification.desktop_notification.notify_send': Could not find 'notify-send'
[18.580s] INFO:colcon.colcon_core.plugin_system:Skipping extension 'colcon_notification.desktop_notification.terminal_notifier': Not used on non-Darwin systems
[18.580s] INFO:colcon.colcon_core.plugin_system:Skipping extension 'colcon_notification.desktop_notification.win32': Not used on non-Windows systems
[18.580s] INFO:colcon.colcon_notification.desktop_notification:Sending desktop notification using 'notify2'
[18.581s] DEBUG:colcon.colcon_notification.desktop_notification.notify2:Failed to initialize notify2: org.freedesktop.DBus.Error.ServiceUnknown: The name org.freedesktop.Notifications was not provided by any .service files
[18.582s] DEBUG:colcon.colcon_core.event_reactor:joined thread
[18.582s] INFO:colcon.colcon_core.shell:Creating prefix script '/home/ishaani/ros2_ws/install/local_setup.ps1'
[18.583s] INFO:colcon.colcon_core.shell:Creating prefix util module '/home/ishaani/ros2_ws/install/_local_setup_util_ps1.py'
[18.585s] INFO:colcon.colcon_core.shell:Creating prefix chain script '/home/ishaani/ros2_ws/install/setup.ps1'
[18.587s] INFO:colcon.colcon_core.shell:Creating prefix script '/home/ishaani/ros2_ws/install/local_setup.sh'
[18.589s] INFO:colcon.colcon_core.shell:Creating prefix util module '/home/ishaani/ros2_ws/install/_local_setup_util_sh.py'
[18.589s] INFO:colcon.colcon_core.shell:Creating prefix chain script '/home/ishaani/ros2_ws/install/setup.sh'
[18.591s] INFO:colcon.colcon_core.shell:Creating prefix script '/home/ishaani/ros2_ws/install/local_setup.bash'
[18.592s] INFO:colcon.colcon_core.shell:Creating prefix chain script '/home/ishaani/ros2_ws/install/setup.bash'
[18.610s] INFO:colcon.colcon_core.shell:Creating prefix script '/home/ishaani/ros2_ws/install/local_setup.zsh'
[18.611s] INFO:colcon.colcon_core.shell:Creating prefix chain script '/home/ishaani/ros2_ws/install/setup.zsh'
