[0.127s] Invoking command in '/home/ishaani/ros2_ws/build/learning_tf2_cpp': CMAKE_PREFIX_PATH=${CMAKE_PREFIX_PATH}:/home/ishaani/ros2_ws/install/patrol_detection:/home/ishaani/turtlebot3_ws/install/turtlebot3_teleop:/home/ishaani/turtlebot3_ws/install/turtlebot3_example:/opt/ros/jazzy /usr/bin/cmake --build /home/ishaani/ros2_ws/build/learning_tf2_cpp -- -j8 -l8
[0.590s] [ 25%] Built target turtle_tf2_broadcaster
[0.730s] [ 50%] Built target fixed_frame_tf2_broadcaster
[0.865s] [ 75%] Built target turtle_tf2_listener
[1.038s] [100%] Built target static_turtle_tf2_broadcaster
[1.175s] Invoked command in '/home/ishaani/ros2_ws/build/learning_tf2_cpp' returned '0': CMAKE_PREFIX_PATH=${CMAKE_PREFIX_PATH}:/home/ishaani/ros2_ws/install/patrol_detection:/home/ishaani/turtlebot3_ws/install/turtlebot3_teleop:/home/ishaani/turtlebot3_ws/install/turtlebot3_example:/opt/ros/jazzy /usr/bin/cmake --build /home/ishaani/ros2_ws/build/learning_tf2_cpp -- -j8 -l8
[1.207s] Invoking command in '/home/ishaani/ros2_ws/build/learning_tf2_cpp': CMAKE_PREFIX_PATH=${CMAKE_PREFIX_PATH}:/home/ishaani/ros2_ws/install/patrol_detection:/home/ishaani/turtlebot3_ws/install/turtlebot3_teleop:/home/ishaani/turtlebot3_ws/install/turtlebot3_example:/opt/ros/jazzy /usr/bin/cmake --install /home/ishaani/ros2_ws/build/learning_tf2_cpp
[1.241s] -- Install configuration: ""
[1.256s] -- Up-to-date: /home/ishaani/ros2_ws/install/learning_tf2_cpp/lib/learning_tf2_cpp/turtle_tf2_broadcaster
[1.256s] -- Up-to-date: /home/ishaani/ros2_ws/install/learning_tf2_cpp/lib/learning_tf2_cpp/static_turtle_tf2_broadcaster
[1.256s] -- Up-to-date: /home/ishaani/ros2_ws/install/learning_tf2_cpp/lib/learning_tf2_cpp/turtle_tf2_listener
[1.256s] -- Up-to-date: /home/ishaani/ros2_ws/install/learning_tf2_cpp/lib/learning_tf2_cpp/fixed_frame_tf2_broadcaster
[1.257s] -- Up-to-date: /home/ishaani/ros2_ws/install/learning_tf2_cpp/share/learning_tf2_cpp/launch
[1.257s] -- Up-to-date: /home/ishaani/ros2_ws/install/learning_tf2_cpp/share/learning_tf2_cpp/launch/turtle_tf2_fixed_frame_demo_launch.xml
[1.257s] -- Up-to-date: /home/ishaani/ros2_ws/install/learning_tf2_cpp/share/learning_tf2_cpp/launch/turtle_tf2_demo_launch.xml
[1.270s] -- Up-to-date: /home/ishaani/ros2_ws/install/learning_tf2_cpp/share/ament_index/resource_index/package_run_dependencies/learning_tf2_cpp
[1.270s] -- Up-to-date: /home/ishaani/ros2_ws/install/learning_tf2_cpp/share/ament_index/resource_index/parent_prefix_path/learning_tf2_cpp
[1.270s] -- Up-to-date: /home/ishaani/ros2_ws/install/learning_tf2_cpp/share/learning_tf2_cpp/environment/ament_prefix_path.sh
[1.270s] -- Up-to-date: /home/ishaani/ros2_ws/install/learning_tf2_cpp/share/learning_tf2_cpp/environment/ament_prefix_path.dsv
[1.271s] -- Up-to-date: /home/ishaani/ros2_ws/install/learning_tf2_cpp/share/learning_tf2_cpp/environment/path.sh
[1.271s] -- Up-to-date: /home/ishaani/ros2_ws/install/learning_tf2_cpp/share/learning_tf2_cpp/environment/path.dsv
[1.271s] -- Up-to-date: /home/ishaani/ros2_ws/install/learning_tf2_cpp/share/learning_tf2_cpp/local_setup.bash
[1.271s] -- Up-to-date: /home/ishaani/ros2_ws/install/learning_tf2_cpp/share/learning_tf2_cpp/local_setup.sh
[1.272s] -- Up-to-date: /home/ishaani/ros2_ws/install/learning_tf2_cpp/share/learning_tf2_cpp/local_setup.zsh
[1.273s] -- Up-to-date: /home/ishaani/ros2_ws/install/learning_tf2_cpp/share/learning_tf2_cpp/local_setup.dsv
[1.275s] -- Installing: /home/ishaani/ros2_ws/install/learning_tf2_cpp/share/learning_tf2_cpp/package.dsv
[1.275s] -- Up-to-date: /home/ishaani/ros2_ws/install/learning_tf2_cpp/share/ament_index/resource_index/packages/learning_tf2_cpp
[1.275s] -- Up-to-date: /home/ishaani/ros2_ws/install/learning_tf2_cpp/share/learning_tf2_cpp/cmake/learning_tf2_cppConfig.cmake
[1.275s] -- Up-to-date: /home/ishaani/ros2_ws/install/learning_tf2_cpp/share/learning_tf2_cpp/cmake/learning_tf2_cppConfig-version.cmake
[1.275s] -- Up-to-date: /home/ishaani/ros2_ws/install/learning_tf2_cpp/share/learning_tf2_cpp/package.xml
[1.343s] Invoked command in '/home/ishaani/ros2_ws/build/learning_tf2_cpp' returned '0': CMAKE_PREFIX_PATH=${CMAKE_PREFIX_PATH}:/home/ishaani/ros2_ws/install/patrol_detection:/home/ishaani/turtlebot3_ws/install/turtlebot3_teleop:/home/ishaani/turtlebot3_ws/install/turtlebot3_example:/opt/ros/jazzy /usr/bin/cmake --install /home/ishaani/ros2_ws/build/learning_tf2_cpp
