[0.028s] Invoking command in '/home/ishaani/ros2_ws/build/learning_tf2_cpp': CMAKE_PREFIX_PATH=${CMAKE_PREFIX_PATH}:/home/ishaani/ros2_ws/install/patrol_detection:/home/ishaani/turtlebot3_ws/install/turtlebot3_teleop:/home/ishaani/turtlebot3_ws/install/turtlebot3_example:/opt/ros/jazzy /usr/bin/cmake /home/ishaani/ros2_ws/src/learning_tf2_cpp -DCMAKE_INSTALL_PREFIX=/home/ishaani/ros2_ws/install/learning_tf2_cpp
[0.131s] -- The C compiler identification is GNU 13.3.0
[0.524s] -- The CXX compiler identification is GNU 13.3.0
[0.862s] -- Detecting C compiler ABI info
[1.061s] -- Detecting C compiler ABI info - done
[1.070s] -- Check for working C compiler: /usr/bin/cc - skipped
[1.070s] -- Detecting C compile features
[1.071s] -- Detecting C compile features - done
[1.121s] -- Detecting CXX compiler ABI info
[1.359s] -- Detecting CXX compiler ABI info - done
[1.367s] -- Check for working CXX compiler: /usr/bin/c++ - skipped
[1.367s] -- Detecting CXX compile features
[1.368s] -- Detecting CXX compile features - done
[1.373s] -- Found ament_cmake: 2.5.4 (/opt/ros/jazzy/share/ament_cmake/cmake)
[1.582s] -- Found Python3: /usr/bin/python3 (found version "3.12.3") found components: Interpreter 
[1.742s] -- Found geometry_msgs: 5.3.6 (/opt/ros/jazzy/share/geometry_msgs/cmake)
[1.899s] -- Found rosidl_generator_c: 4.6.6 (/opt/ros/jazzy/share/rosidl_generator_c/cmake)
[1.921s] -- Found rosidl_generator_cpp: 4.6.6 (/opt/ros/jazzy/share/rosidl_generator_cpp/cmake)
[1.943s] -- Using all available rosidl_typesupport_c: rosidl_typesupport_fastrtps_c;rosidl_typesupport_introspection_c
[1.966s] -- Using all available rosidl_typesupport_cpp: rosidl_typesupport_fastrtps_cpp;rosidl_typesupport_introspection_cpp
[2.023s] -- Found rclcpp: 28.1.13 (/opt/ros/jazzy/share/rclcpp/cmake)
[2.094s] -- Found rmw_implementation_cmake: 7.3.2 (/opt/ros/jazzy/share/rmw_implementation_cmake/cmake)
[2.099s] -- Found rmw_cyclonedds_cpp: 2.2.3 (/opt/ros/jazzy/share/rmw_cyclonedds_cpp/cmake)
[2.260s] -- Using RMW implementation 'rmw_cyclonedds_cpp' as default
[2.358s] -- Found tf2: 0.36.16 (/opt/ros/jazzy/share/tf2/cmake)
[2.365s] -- Found tf2_ros: 0.36.19 (/opt/ros/jazzy/share/tf2_ros/cmake)
[2.512s] -- Found turtlesim: 1.8.3 (/opt/ros/jazzy/share/turtlesim/cmake)
[2.635s] -- Configuring done (2.6s)
[2.672s] -- Generating done (0.0s)
[2.680s] -- Build files have been written to: /home/ishaani/ros2_ws/build/learning_tf2_cpp
[2.688s] Invoked command in '/home/ishaani/ros2_ws/build/learning_tf2_cpp' returned '0': CMAKE_PREFIX_PATH=${CMAKE_PREFIX_PATH}:/home/ishaani/ros2_ws/install/patrol_detection:/home/ishaani/turtlebot3_ws/install/turtlebot3_teleop:/home/ishaani/turtlebot3_ws/install/turtlebot3_example:/opt/ros/jazzy /usr/bin/cmake /home/ishaani/ros2_ws/src/learning_tf2_cpp -DCMAKE_INSTALL_PREFIX=/home/ishaani/ros2_ws/install/learning_tf2_cpp
[2.689s] Invoking command in '/home/ishaani/ros2_ws/build/learning_tf2_cpp': CMAKE_PREFIX_PATH=${CMAKE_PREFIX_PATH}:/home/ishaani/ros2_ws/install/patrol_detection:/home/ishaani/turtlebot3_ws/install/turtlebot3_teleop:/home/ishaani/turtlebot3_ws/install/turtlebot3_example:/opt/ros/jazzy /usr/bin/cmake --build /home/ishaani/ros2_ws/build/learning_tf2_cpp -- -j8 -l8
[2.738s] [ 12%] [32mBuilding CXX object CMakeFiles/turtle_tf2_listener.dir/src/turtle_tf2_listener.cpp.o[0m
[2.739s] [ 25%] [32mBuilding CXX object CMakeFiles/turtle_tf2_broadcaster.dir/src/turtle_tf2_broadcaster.cpp.o[0m
[2.740s] [ 37%] [32mBuilding CXX object CMakeFiles/static_turtle_tf2_broadcaster.dir/src/static_turtle_tf2_broadcaster.cpp.o[0m
[2.741s] [ 50%] [32mBuilding CXX object CMakeFiles/fixed_frame_tf2_broadcaster.dir/src/fixed_frame_tf2_broadcaster.cpp.o[0m
[9.628s] [ 62%] [32m[1mLinking CXX executable static_turtle_tf2_broadcaster[0m
[10.003s] [ 75%] [32m[1mLinking CXX executable fixed_frame_tf2_broadcaster[0m
[10.033s] [ 75%] Built target static_turtle_tf2_broadcaster
[10.339s] [ 75%] Built target fixed_frame_tf2_broadcaster
[12.473s] [ 87%] [32m[1mLinking CXX executable turtle_tf2_listener[0m
[12.919s] [ 87%] Built target turtle_tf2_listener
[14.664s] [100%] [32m[1mLinking CXX executable turtle_tf2_broadcaster[0m
[15.129s] [100%] Built target turtle_tf2_broadcaster
[15.147s] Invoked command in '/home/ishaani/ros2_ws/build/learning_tf2_cpp' returned '0': CMAKE_PREFIX_PATH=${CMAKE_PREFIX_PATH}:/home/ishaani/ros2_ws/install/patrol_detection:/home/ishaani/turtlebot3_ws/install/turtlebot3_teleop:/home/ishaani/turtlebot3_ws/install/turtlebot3_example:/opt/ros/jazzy /usr/bin/cmake --build /home/ishaani/ros2_ws/build/learning_tf2_cpp -- -j8 -l8
[15.150s] Invoking command in '/home/ishaani/ros2_ws/build/learning_tf2_cpp': CMAKE_PREFIX_PATH=${CMAKE_PREFIX_PATH}:/home/ishaani/ros2_ws/install/patrol_detection:/home/ishaani/turtlebot3_ws/install/turtlebot3_teleop:/home/ishaani/turtlebot3_ws/install/turtlebot3_example:/opt/ros/jazzy /usr/bin/cmake --install /home/ishaani/ros2_ws/build/learning_tf2_cpp
[15.161s] -- Install configuration: ""
[15.162s] -- Installing: /home/ishaani/ros2_ws/install/learning_tf2_cpp/lib/learning_tf2_cpp/turtle_tf2_broadcaster
[15.166s] -- Set non-toolchain portion of runtime path of "/home/ishaani/ros2_ws/install/learning_tf2_cpp/lib/learning_tf2_cpp/turtle_tf2_broadcaster" to ""
[15.166s] -- Installing: /home/ishaani/ros2_ws/install/learning_tf2_cpp/lib/learning_tf2_cpp/static_turtle_tf2_broadcaster
[15.168s] -- Set non-toolchain portion of runtime path of "/home/ishaani/ros2_ws/install/learning_tf2_cpp/lib/learning_tf2_cpp/static_turtle_tf2_broadcaster" to ""
[15.168s] -- Installing: /home/ishaani/ros2_ws/install/learning_tf2_cpp/lib/learning_tf2_cpp/turtle_tf2_listener
[15.170s] -- Set non-toolchain portion of runtime path of "/home/ishaani/ros2_ws/install/learning_tf2_cpp/lib/learning_tf2_cpp/turtle_tf2_listener" to ""
[15.170s] -- Installing: /home/ishaani/ros2_ws/install/learning_tf2_cpp/lib/learning_tf2_cpp/fixed_frame_tf2_broadcaster
[15.171s] -- Set non-toolchain portion of runtime path of "/home/ishaani/ros2_ws/install/learning_tf2_cpp/lib/learning_tf2_cpp/fixed_frame_tf2_broadcaster" to ""
[15.171s] -- Installing: /home/ishaani/ros2_ws/install/learning_tf2_cpp/share/learning_tf2_cpp/launch
[15.172s] -- Installing: /home/ishaani/ros2_ws/install/learning_tf2_cpp/share/learning_tf2_cpp/launch/turtle_tf2_fixed_frame_demo_launch.xml
[15.172s] -- Installing: /home/ishaani/ros2_ws/install/learning_tf2_cpp/share/learning_tf2_cpp/launch/turtle_tf2_demo_launch.xml
[15.173s] -- Installing: /home/ishaani/ros2_ws/install/learning_tf2_cpp/share/ament_index/resource_index/package_run_dependencies/learning_tf2_cpp
[15.173s] -- Installing: /home/ishaani/ros2_ws/install/learning_tf2_cpp/share/ament_index/resource_index/parent_prefix_path/learning_tf2_cpp
[15.174s] -- Installing: /home/ishaani/ros2_ws/install/learning_tf2_cpp/share/learning_tf2_cpp/environment/ament_prefix_path.sh
[15.174s] -- Installing: /home/ishaani/ros2_ws/install/learning_tf2_cpp/share/learning_tf2_cpp/environment/ament_prefix_path.dsv
[15.174s] -- Installing: /home/ishaani/ros2_ws/install/learning_tf2_cpp/share/learning_tf2_cpp/environment/path.sh
[15.174s] -- Installing: /home/ishaani/ros2_ws/install/learning_tf2_cpp/share/learning_tf2_cpp/environment/path.dsv
[15.174s] -- Installing: /home/ishaani/ros2_ws/install/learning_tf2_cpp/share/learning_tf2_cpp/local_setup.bash
[15.175s] -- Installing: /home/ishaani/ros2_ws/install/learning_tf2_cpp/share/learning_tf2_cpp/local_setup.sh
[15.175s] -- Installing: /home/ishaani/ros2_ws/install/learning_tf2_cpp/share/learning_tf2_cpp/local_setup.zsh
[15.175s] -- Installing: /home/ishaani/ros2_ws/install/learning_tf2_cpp/share/learning_tf2_cpp/local_setup.dsv
[15.175s] -- Installing: /home/ishaani/ros2_ws/install/learning_tf2_cpp/share/learning_tf2_cpp/package.dsv
[15.175s] -- Installing: /home/ishaani/ros2_ws/install/learning_tf2_cpp/share/ament_index/resource_index/packages/learning_tf2_cpp
[15.175s] -- Installing: /home/ishaani/ros2_ws/install/learning_tf2_cpp/share/learning_tf2_cpp/cmake/learning_tf2_cppConfig.cmake
[15.176s] -- Installing: /home/ishaani/ros2_ws/install/learning_tf2_cpp/share/learning_tf2_cpp/cmake/learning_tf2_cppConfig-version.cmake
[15.176s] -- Installing: /home/ishaani/ros2_ws/install/learning_tf2_cpp/share/learning_tf2_cpp/package.xml
[15.178s] Invoked command in '/home/ishaani/ros2_ws/build/learning_tf2_cpp' returned '0': CMAKE_PREFIX_PATH=${CMAKE_PREFIX_PATH}:/home/ishaani/ros2_ws/install/patrol_detection:/home/ishaani/turtlebot3_ws/install/turtlebot3_teleop:/home/ishaani/turtlebot3_ws/install/turtlebot3_example:/opt/ros/jazzy /usr/bin/cmake --install /home/ishaani/ros2_ws/build/learning_tf2_cpp
