[0.085s] Invoking command in '/home/ishaani/ros2_ws/build/night_patrol_world': CMAKE_PREFIX_PATH=${CMAKE_PREFIX_PATH}:/home/ishaani/ros2_ws/install/patrol_detection:/home/ishaani/turtlebot3_ws/install/turtlebot3_teleop:/home/ishaani/turtlebot3_ws/install/turtlebot3_example:/opt/ros/jazzy /usr/bin/cmake --build /home/ishaani/ros2_ws/build/night_patrol_world -- -j8 -l8
[1.153s] Invoked command in '/home/ishaani/ros2_ws/build/night_patrol_world' returned '0': CMAKE_PREFIX_PATH=${CMAKE_PREFIX_PATH}:/home/ishaani/ros2_ws/install/patrol_detection:/home/ishaani/turtlebot3_ws/install/turtlebot3_teleop:/home/ishaani/turtlebot3_ws/install/turtlebot3_example:/opt/ros/jazzy /usr/bin/cmake --build /home/ishaani/ros2_ws/build/night_patrol_world -- -j8 -l8
[1.154s] Invoking command in '/home/ishaani/ros2_ws/build/night_patrol_world': CMAKE_PREFIX_PATH=${CMAKE_PREFIX_PATH}:/home/ishaani/ros2_ws/install/patrol_detection:/home/ishaani/turtlebot3_ws/install/turtlebot3_teleop:/home/ishaani/turtlebot3_ws/install/turtlebot3_example:/opt/ros/jazzy /usr/bin/cmake --install /home/ishaani/ros2_ws/build/night_patrol_world
[1.179s] -- Install configuration: ""
[1.180s] -- Up-to-date: /home/ishaani/ros2_ws/install/night_patrol_world/share/night_patrol_world/worlds
[1.181s] -- Up-to-date: /home/ishaani/ros2_ws/install/night_patrol_world/share/night_patrol_world/worlds/city_world.sdf
[1.181s] -- Up-to-date: /home/ishaani/ros2_ws/install/night_patrol_world/share/night_patrol_world/launch
[1.181s] -- Up-to-date: /home/ishaani/ros2_ws/install/night_patrol_world/share/night_patrol_world/launch/city_world.launch.py
[1.183s] -- Up-to-date: /home/ishaani/ros2_ws/install/night_patrol_world/share/night_patrol_world/models
[1.183s] -- Up-to-date: /home/ishaani/ros2_ws/install/night_patrol_world/share/ament_index/resource_index/package_run_dependencies/night_patrol_world
[1.184s] -- Up-to-date: /home/ishaani/ros2_ws/install/night_patrol_world/share/ament_index/resource_index/parent_prefix_path/night_patrol_world
[1.185s] -- Up-to-date: /home/ishaani/ros2_ws/install/night_patrol_world/share/night_patrol_world/environment/ament_prefix_path.sh
[1.192s] -- Up-to-date: /home/ishaani/ros2_ws/install/night_patrol_world/share/night_patrol_world/environment/ament_prefix_path.dsv
[1.193s] -- Up-to-date: /home/ishaani/ros2_ws/install/night_patrol_world/share/night_patrol_world/environment/path.sh
[1.193s] -- Up-to-date: /home/ishaani/ros2_ws/install/night_patrol_world/share/night_patrol_world/environment/path.dsv
[1.193s] -- Up-to-date: /home/ishaani/ros2_ws/install/night_patrol_world/share/night_patrol_world/local_setup.bash
[1.193s] -- Up-to-date: /home/ishaani/ros2_ws/install/night_patrol_world/share/night_patrol_world/local_setup.sh
[1.193s] -- Up-to-date: /home/ishaani/ros2_ws/install/night_patrol_world/share/night_patrol_world/local_setup.zsh
[1.194s] -- Up-to-date: /home/ishaani/ros2_ws/install/night_patrol_world/share/night_patrol_world/local_setup.dsv
[1.194s] -- Up-to-date: /home/ishaani/ros2_ws/install/night_patrol_world/share/night_patrol_world/package.dsv
[1.194s] -- Up-to-date: /home/ishaani/ros2_ws/install/night_patrol_world/share/ament_index/resource_index/packages/night_patrol_world
[1.194s] -- Up-to-date: /home/ishaani/ros2_ws/install/night_patrol_world/share/night_patrol_world/cmake/night_patrol_worldConfig.cmake
[1.194s] -- Up-to-date: /home/ishaani/ros2_ws/install/night_patrol_world/share/night_patrol_world/cmake/night_patrol_worldConfig-version.cmake
[1.194s] -- Up-to-date: /home/ishaani/ros2_ws/install/night_patrol_world/share/night_patrol_world/package.xml
[1.195s] Invoked command in '/home/ishaani/ros2_ws/build/night_patrol_world' returned '0': CMAKE_PREFIX_PATH=${CMAKE_PREFIX_PATH}:/home/ishaani/ros2_ws/install/patrol_detection:/home/ishaani/turtlebot3_ws/install/turtlebot3_teleop:/home/ishaani/turtlebot3_ws/install/turtlebot3_example:/opt/ros/jazzy /usr/bin/cmake --install /home/ishaani/ros2_ws/build/night_patrol_world
