[2.350s] Invoking command in '/home/ishaani/ros2_ws/src/patrol_detection': PYTHONPATH=/home/ishaani/ros2_ws/build/patrol_detection/prefix_override:/usr/lib/python3/dist-packages/colcon_core/task/python/colcon_distutils_commands:/home/ishaani/ros2_ws/install/patrol_detection/lib/python3.12/site-packages:${PYTHONPATH} /usr/bin/python3 -W ignore:setup.py install is deprecated -W ignore:easy_install command is deprecated setup.py egg_info --egg-base ../../build/patrol_detection build --build-base /home/ishaani/ros2_ws/build/patrol_detection/build install --record /home/ishaani/ros2_ws/build/patrol_detection/install.log --single-version-externally-managed install_data
[3.039s] running egg_info
[3.090s] writing ../../build/patrol_detection/patrol_detection.egg-info/PKG-INFO
[3.090s] writing dependency_links to ../../build/patrol_detection/patrol_detection.egg-info/dependency_links.txt
[3.090s] writing entry points to ../../build/patrol_detection/patrol_detection.egg-info/entry_points.txt
[3.090s] writing requirements to ../../build/patrol_detection/patrol_detection.egg-info/requires.txt
[3.091s] writing top-level names to ../../build/patrol_detection/patrol_detection.egg-info/top_level.txt
[3.181s] reading manifest file '../../build/patrol_detection/patrol_detection.egg-info/SOURCES.txt'
[3.183s] writing manifest file '../../build/patrol_detection/patrol_detection.egg-info/SOURCES.txt'
[3.183s] running build
[3.183s] running build_py
[3.183s] copying patrol_detection/detection_node.py -> /home/ishaani/ros2_ws/build/patrol_detection/build/lib/patrol_detection
[3.184s] running install
[3.203s] running install_lib
[3.247s] copying /home/ishaani/ros2_ws/build/patrol_detection/build/lib/patrol_detection/detection_node.py -> /home/ishaani/ros2_ws/install/patrol_detection/lib/python3.12/site-packages/patrol_detection
[3.249s] byte-compiling /home/ishaani/ros2_ws/install/patrol_detection/lib/python3.12/site-packages/patrol_detection/detection_node.py to detection_node.cpython-312.pyc
[3.251s] running install_data
[3.252s] running install_egg_info
[3.316s] removing '/home/ishaani/ros2_ws/install/patrol_detection/lib/python3.12/site-packages/patrol_detection-0.0.0-py3.12.egg-info' (and everything under it)
[3.317s] Copying ../../build/patrol_detection/patrol_detection.egg-info to /home/ishaani/ros2_ws/install/patrol_detection/lib/python3.12/site-packages/patrol_detection-0.0.0-py3.12.egg-info
[3.321s] running install_scripts
[3.638s] Installing detection_node script to /home/ishaani/ros2_ws/install/patrol_detection/lib/patrol_detection
[3.638s] writing list of installed files to '/home/ishaani/ros2_ws/build/patrol_detection/install.log'
[3.703s] Invoked command in '/home/ishaani/ros2_ws/src/patrol_detection' returned '0': PYTHONPATH=/home/ishaani/ros2_ws/build/patrol_detection/prefix_override:/usr/lib/python3/dist-packages/colcon_core/task/python/colcon_distutils_commands:/home/ishaani/ros2_ws/install/patrol_detection/lib/python3.12/site-packages:${PYTHONPATH} /usr/bin/python3 -W ignore:setup.py install is deprecated -W ignore:easy_install command is deprecated setup.py egg_info --egg-base ../../build/patrol_detection build --build-base /home/ishaani/ros2_ws/build/patrol_detection/build install --record /home/ishaani/ros2_ws/build/patrol_detection/install.log --single-version-externally-managed install_data
