[ 25%] Built target turtle_tf2_broadcaster
[ 50%] Built target fixed_frame_tf2_broadcaster
[ 75%] Built target turtle_tf2_listener
[100%] Built target static_turtle_tf2_broadcaster
-- Install configuration: ""
-- Up-to-date: /home/ishaani/ros2_ws/install/learning_tf2_cpp/lib/learning_tf2_cpp/turtle_tf2_broadcaster
-- Up-to-date: /home/ishaani/ros2_ws/install/learning_tf2_cpp/lib/learning_tf2_cpp/static_turtle_tf2_broadcaster
-- Up-to-date: /home/ishaani/ros2_ws/install/learning_tf2_cpp/lib/learning_tf2_cpp/turtle_tf2_listener
-- Up-to-date: /home/ishaani/ros2_ws/install/learning_tf2_cpp/lib/learning_tf2_cpp/fixed_frame_tf2_broadcaster
-- Up-to-date: /home/ishaani/ros2_ws/install/learning_tf2_cpp/share/learning_tf2_cpp/launch
-- Up-to-date: /home/ishaani/ros2_ws/install/learning_tf2_cpp/share/learning_tf2_cpp/launch/turtle_tf2_fixed_frame_demo_launch.xml
-- Up-to-date: /home/ishaani/ros2_ws/install/learning_tf2_cpp/share/learning_tf2_cpp/launch/turtle_tf2_demo_launch.xml
-- Up-to-date: /home/ishaani/ros2_ws/install/learning_tf2_cpp/share/ament_index/resource_index/package_run_dependencies/learning_tf2_cpp
-- Up-to-date: /home/ishaani/ros2_ws/install/learning_tf2_cpp/share/ament_index/resource_index/parent_prefix_path/learning_tf2_cpp
-- Up-to-date: /home/ishaani/ros2_ws/install/learning_tf2_cpp/share/learning_tf2_cpp/environment/ament_prefix_path.sh
-- Up-to-date: /home/ishaani/ros2_ws/install/learning_tf2_cpp/share/learning_tf2_cpp/environment/ament_prefix_path.dsv
-- Up-to-date: /home/ishaani/ros2_ws/install/learning_tf2_cpp/share/learning_tf2_cpp/environment/path.sh
-- Up-to-date: /home/ishaani/ros2_ws/install/learning_tf2_cpp/share/learning_tf2_cpp/environment/path.dsv
-- Up-to-date: /home/ishaani/ros2_ws/install/learning_tf2_cpp/share/learning_tf2_cpp/local_setup.bash
-- Up-to-date: /home/ishaani/ros2_ws/install/learning_tf2_cpp/share/learning_tf2_cpp/local_setup.sh
-- Up-to-date: /home/ishaani/ros2_ws/install/learning_tf2_cpp/share/learning_tf2_cpp/local_setup.zsh
-- Up-to-date: /home/ishaani/ros2_ws/install/learning_tf2_cpp/share/learning_tf2_cpp/local_setup.dsv
-- Installing: /home/ishaani/ros2_ws/install/learning_tf2_cpp/share/learning_tf2_cpp/package.dsv
-- Up-to-date: /home/ishaani/ros2_ws/install/learning_tf2_cpp/share/ament_index/resource_index/packages/learning_tf2_cpp
-- Up-to-date: /home/ishaani/ros2_ws/install/learning_tf2_cpp/share/learning_tf2_cpp/cmake/learning_tf2_cppConfig.cmake
-- Up-to-date: /home/ishaani/ros2_ws/install/learning_tf2_cpp/share/learning_tf2_cpp/cmake/learning_tf2_cppConfig-version.cmake
-- Up-to-date: /home/ishaani/ros2_ws/install/learning_tf2_cpp/share/learning_tf2_cpp/package.xml
