[0.085s] Invoking command in '/home/ishaani/ros2_ws/build/learning_tf2_cpp': CMAKE_PREFIX_PATH=${CMAKE_PREFIX_PATH}:/home/ishaani/ros2_ws/install/patrol_detection:/home/ishaani/turtlebot3_ws/install/turtlebot3_teleop:/home/ishaani/turtlebot3_ws/install/turtlebot3_example:/opt/ros/jazzy /usr/bin/cmake --build /home/ishaani/ros2_ws/build/learning_tf2_cpp -- -j8 -l8
[0.295s] [ 25%] Built target turtle_tf2_broadcaster
[0.381s] [ 50%] Built target fixed_frame_tf2_broadcaster
[0.504s] [ 75%] Built target turtle_tf2_listener
[0.610s] [100%] Built target static_turtle_tf2_broadcaster
[0.736s] Invoked command in '/home/ishaani/ros2_ws/build/learning_tf2_cpp' returned '0': CMAKE_PREFIX_PATH=${CMAKE_PREFIX_PATH}:/home/ishaani/ros2_ws/install/patrol_detection:/home/ishaani/turtlebot3_ws/install/turtlebot3_teleop:/home/ishaani/turtlebot3_ws/install/turtlebot3_example:/opt/ros/jazzy /usr/bin/cmake --build /home/ishaani/ros2_ws/build/learning_tf2_cpp -- -j8 -l8
[0.776s] Invoking command in '/home/ishaani/ros2_ws/build/learning_tf2_cpp': CMAKE_PREFIX_PATH=${CMAKE_PREFIX_PATH}:/home/ishaani/ros2_ws/install/patrol_detection:/home/ishaani/turtlebot3_ws/install/turtlebot3_teleop:/home/ishaani/turtlebot3_ws/install/turtlebot3_example:/opt/ros/jazzy /usr/bin/cmake --install /home/ishaani/ros2_ws/build/learning_tf2_cpp
[0.801s] -- Install configuration: ""
[0.802s] -- Up-to-date: /home/ishaani/ros2_ws/install/learning_tf2_cpp/lib/learning_tf2_cpp/turtle_tf2_broadcaster
[0.803s] -- Up-to-date: /home/ishaani/ros2_ws/install/learning_tf2_cpp/lib/learning_tf2_cpp/static_turtle_tf2_broadcaster
[0.804s] -- Up-to-date: /home/ishaani/ros2_ws/install/learning_tf2_cpp/lib/learning_tf2_cpp/turtle_tf2_listener
[0.806s] -- Up-to-date: /home/ishaani/ros2_ws/install/learning_tf2_cpp/lib/learning_tf2_cpp/fixed_frame_tf2_broadcaster
[0.806s] -- Up-to-date: /home/ishaani/ros2_ws/install/learning_tf2_cpp/share/learning_tf2_cpp/launch
[0.806s] -- Up-to-date: /home/ishaani/ros2_ws/install/learning_tf2_cpp/share/learning_tf2_cpp/launch/turtle_tf2_fixed_frame_demo_launch.xml
[0.807s] -- Up-to-date: /home/ishaani/ros2_ws/install/learning_tf2_cpp/share/learning_tf2_cpp/launch/turtle_tf2_demo_launch.xml
[0.807s] -- Up-to-date: /home/ishaani/ros2_ws/install/learning_tf2_cpp/share/ament_index/resource_index/package_run_dependencies/learning_tf2_cpp
[0.807s] -- Up-to-date: /home/ishaani/ros2_ws/install/learning_tf2_cpp/share/ament_index/resource_index/parent_prefix_path/learning_tf2_cpp
[0.807s] -- Up-to-date: /home/ishaani/ros2_ws/install/learning_tf2_cpp/share/learning_tf2_cpp/environment/ament_prefix_path.sh
[0.807s] -- Up-to-date: /home/ishaani/ros2_ws/install/learning_tf2_cpp/share/learning_tf2_cpp/environment/ament_prefix_path.dsv
[0.807s] -- Up-to-date: /home/ishaani/ros2_ws/install/learning_tf2_cpp/share/learning_tf2_cpp/environment/path.sh
[0.808s] -- Up-to-date: /home/ishaani/ros2_ws/install/learning_tf2_cpp/share/learning_tf2_cpp/environment/path.dsv
[0.808s] -- Up-to-date: /home/ishaani/ros2_ws/install/learning_tf2_cpp/share/learning_tf2_cpp/local_setup.bash
[0.809s] -- Up-to-date: /home/ishaani/ros2_ws/install/learning_tf2_cpp/share/learning_tf2_cpp/local_setup.sh
[0.809s] -- Up-to-date: /home/ishaani/ros2_ws/install/learning_tf2_cpp/share/learning_tf2_cpp/local_setup.zsh
[0.809s] -- Up-to-date: /home/ishaani/ros2_ws/install/learning_tf2_cpp/share/learning_tf2_cpp/local_setup.dsv
[0.809s] -- Installing: /home/ishaani/ros2_ws/install/learning_tf2_cpp/share/learning_tf2_cpp/package.dsv
[0.809s] -- Up-to-date: /home/ishaani/ros2_ws/install/learning_tf2_cpp/share/ament_index/resource_index/packages/learning_tf2_cpp
[0.809s] -- Up-to-date: /home/ishaani/ros2_ws/install/learning_tf2_cpp/share/learning_tf2_cpp/cmake/learning_tf2_cppConfig.cmake
[0.812s] -- Up-to-date: /home/ishaani/ros2_ws/install/learning_tf2_cpp/share/learning_tf2_cpp/cmake/learning_tf2_cppConfig-version.cmake
[0.815s] -- Up-to-date: /home/ishaani/ros2_ws/install/learning_tf2_cpp/share/learning_tf2_cpp/package.xml
[0.827s] Invoked command in '/home/ishaani/ros2_ws/build/learning_tf2_cpp' returned '0': CMAKE_PREFIX_PATH=${CMAKE_PREFIX_PATH}:/home/ishaani/ros2_ws/install/patrol_detection:/home/ishaani/turtlebot3_ws/install/turtlebot3_teleop:/home/ishaani/turtlebot3_ws/install/turtlebot3_example:/opt/ros/jazzy /usr/bin/cmake --install /home/ishaani/ros2_ws/build/learning_tf2_cpp
