-- The C compiler identification is GNU 13.3.0
-- The CXX compiler identification is GNU 13.3.0
-- Detecting C compiler ABI info
-- Detecting C compiler ABI info - done
-- Check for working C compiler: /usr/bin/cc - skipped
-- Detecting C compile features
-- Detecting C compile features - done
-- Detecting CXX compiler ABI info
-- Detecting CXX compiler ABI info - done
-- Check for working CXX compiler: /usr/bin/c++ - skipped
-- Detecting CXX compile features
-- Detecting CXX compile features - done
-- Found ament_cmake: 2.5.4 (/opt/ros/jazzy/share/ament_cmake/cmake)
-- Found Python3: /usr/bin/python3 (found version "3.12.3") found components: Interpreter 
-- Configuring done (2.0s)
-- Generating done (0.0s)
-- Build files have been written to: /home/ishaani/ros2_ws/build/night_patrol_robot
Built target ament_cmake_python_copy_night_patrol_robot
running egg_info
creating night_patrol_robot.egg-info
writing night_patrol_robot.egg-info/PKG-INFO
writing dependency_links to night_patrol_robot.egg-info/dependency_links.txt
writing top-level names to night_patrol_robot.egg-info/top_level.txt
writing manifest file 'night_patrol_robot.egg-info/SOURCES.txt'
reading manifest file 'night_patrol_robot.egg-info/SOURCES.txt'
writing manifest file 'night_patrol_robot.egg-info/SOURCES.txt'
Built target ament_cmake_python_build_night_patrol_robot_egg
-- Install configuration: ""
-- Installing: /home/ishaani/ros2_ws/install/night_patrol_robot/share/night_patrol_robot/environment/pythonpath.sh
-- Installing: /home/ishaani/ros2_ws/install/night_patrol_robot/share/night_patrol_robot/environment/pythonpath.dsv
-- Installing: /home/ishaani/ros2_ws/install/night_patrol_robot/lib/python3.12/site-packages/night_patrol_robot-0.1.0-py3.12.egg-info
-- Installing: /home/ishaani/ros2_ws/install/night_patrol_robot/lib/python3.12/site-packages/night_patrol_robot-0.1.0-py3.12.egg-info/PKG-INFO
-- Installing: /home/ishaani/ros2_ws/install/night_patrol_robot/lib/python3.12/site-packages/night_patrol_robot-0.1.0-py3.12.egg-info/SOURCES.txt
-- Installing: /home/ishaani/ros2_ws/install/night_patrol_robot/lib/python3.12/site-packages/night_patrol_robot-0.1.0-py3.12.egg-info/top_level.txt
-- Installing: /home/ishaani/ros2_ws/install/night_patrol_robot/lib/python3.12/site-packages/night_patrol_robot-0.1.0-py3.12.egg-info/dependency_links.txt
-- Installing: /home/ishaani/ros2_ws/install/night_patrol_robot/lib/python3.12/site-packages/night_patrol_robot
-- Installing: /home/ishaani/ros2_ws/install/night_patrol_robot/lib/python3.12/site-packages/night_patrol_robot/__init__.py
-- Installing: /home/ishaani/ros2_ws/install/night_patrol_robot/lib/python3.12/site-packages/night_patrol_robot/patrol_node.py
Listing '/home/ishaani/ros2_ws/install/night_patrol_robot/lib/python3.12/site-packages/night_patrol_robot'...
Compiling '/home/ishaani/ros2_ws/install/night_patrol_robot/lib/python3.12/site-packages/night_patrol_robot/__init__.py'...
Compiling '/home/ishaani/ros2_ws/install/night_patrol_robot/lib/python3.12/site-packages/night_patrol_robot/patrol_node.py'...
-- Installing: /home/ishaani/ros2_ws/install/night_patrol_robot/lib/night_patrol_robot/patrol_node
-- Installing: /home/ishaani/ros2_ws/install/night_patrol_robot/share/night_patrol_robot/launch
-- Installing: /home/ishaani/ros2_ws/install/night_patrol_robot/share/night_patrol_robot/launch/robot_nav.launch.py
-- Installing: /home/ishaani/ros2_ws/install/night_patrol_robot/share/night_patrol_robot/launch/navigation_launch.py
-- Installing: /home/ishaani/ros2_ws/install/night_patrol_robot/share/night_patrol_robot/urdf
-- Installing: /home/ishaani/ros2_ws/install/night_patrol_robot/share/night_patrol_robot/urdf/patrol_robot.urdf.xacro
-- Installing: /home/ishaani/ros2_ws/install/night_patrol_robot/share/night_patrol_robot/config
-- Installing: /home/ishaani/ros2_ws/install/night_patrol_robot/share/night_patrol_robot/config/nav2_params.yaml
-- Installing: /home/ishaani/ros2_ws/install/night_patrol_robot/share/night_patrol_robot/maps
-- Installing: /home/ishaani/ros2_ws/install/night_patrol_robot/share/ament_index/resource_index/package_run_dependencies/night_patrol_robot
-- Installing: /home/ishaani/ros2_ws/install/night_patrol_robot/share/ament_index/resource_index/parent_prefix_path/night_patrol_robot
-- Installing: /home/ishaani/ros2_ws/install/night_patrol_robot/share/night_patrol_robot/environment/ament_prefix_path.sh
-- Installing: /home/ishaani/ros2_ws/install/night_patrol_robot/share/night_patrol_robot/environment/ament_prefix_path.dsv
-- Installing: /home/ishaani/ros2_ws/install/night_patrol_robot/share/night_patrol_robot/environment/path.sh
-- Installing: /home/ishaani/ros2_ws/install/night_patrol_robot/share/night_patrol_robot/environment/path.dsv
-- Installing: /home/ishaani/ros2_ws/install/night_patrol_robot/share/night_patrol_robot/local_setup.bash
-- Installing: /home/ishaani/ros2_ws/install/night_patrol_robot/share/night_patrol_robot/local_setup.sh
-- Installing: /home/ishaani/ros2_ws/install/night_patrol_robot/share/night_patrol_robot/local_setup.zsh
-- Installing: /home/ishaani/ros2_ws/install/night_patrol_robot/share/night_patrol_robot/local_setup.dsv
-- Installing: /home/ishaani/ros2_ws/install/night_patrol_robot/share/night_patrol_robot/package.dsv
-- Installing: /home/ishaani/ros2_ws/install/night_patrol_robot/share/ament_index/resource_index/packages/night_patrol_robot
-- Installing: /home/ishaani/ros2_ws/install/night_patrol_robot/share/night_patrol_robot/cmake/night_patrol_robotConfig.cmake
-- Installing: /home/ishaani/ros2_ws/install/night_patrol_robot/share/night_patrol_robot/cmake/night_patrol_robotConfig-version.cmake
-- Installing: /home/ishaani/ros2_ws/install/night_patrol_robot/share/night_patrol_robot/package.xml
