Built target ament_cmake_python_copy_night_patrol_robot
running egg_info
writing night_patrol_robot.egg-info/PKG-INFO
writing dependency_links to night_patrol_robot.egg-info/dependency_links.txt
writing top-level names to night_patrol_robot.egg-info/top_level.txt
reading manifest file 'night_patrol_robot.egg-info/SOURCES.txt'
writing manifest file 'night_patrol_robot.egg-info/SOURCES.txt'
Built target ament_cmake_python_build_night_patrol_robot_egg
-- Install configuration: ""
-- Up-to-date: /home/ishaani/ros2_ws/install/night_patrol_robot/share/night_patrol_robot/environment/pythonpath.sh
-- Up-to-date: /home/ishaani/ros2_ws/install/night_patrol_robot/share/night_patrol_robot/environment/pythonpath.dsv
-- Up-to-date: /home/ishaani/ros2_ws/install/night_patrol_robot/lib/python3.12/site-packages/night_patrol_robot-0.1.0-py3.12.egg-info
-- Installing: /home/ishaani/ros2_ws/install/night_patrol_robot/lib/python3.12/site-packages/night_patrol_robot-0.1.0-py3.12.egg-info/PKG-INFO
-- Installing: /home/ishaani/ros2_ws/install/night_patrol_robot/lib/python3.12/site-packages/night_patrol_robot-0.1.0-py3.12.egg-info/SOURCES.txt
-- Installing: /home/ishaani/ros2_ws/install/night_patrol_robot/lib/python3.12/site-packages/night_patrol_robot-0.1.0-py3.12.egg-info/top_level.txt
-- Installing: /home/ishaani/ros2_ws/install/night_patrol_robot/lib/python3.12/site-packages/night_patrol_robot-0.1.0-py3.12.egg-info/dependency_links.txt
-- Up-to-date: /home/ishaani/ros2_ws/install/night_patrol_robot/lib/python3.12/site-packages/night_patrol_robot
-- Up-to-date: /home/ishaani/ros2_ws/install/night_patrol_robot/lib/python3.12/site-packages/night_patrol_robot/__init__.py
-- Up-to-date: /home/ishaani/ros2_ws/install/night_patrol_robot/lib/python3.12/site-packages/night_patrol_robot/patrol_node.py
Listing '/home/ishaani/ros2_ws/install/night_patrol_robot/lib/python3.12/site-packages/night_patrol_robot'...
-- Up-to-date: /home/ishaani/ros2_ws/install/night_patrol_robot/lib/night_patrol_robot/patrol_node
-- Up-to-date: /home/ishaani/ros2_ws/install/night_patrol_robot/share/night_patrol_robot/launch
-- Up-to-date: /home/ishaani/ros2_ws/install/night_patrol_robot/share/night_patrol_robot/launch/robot_nav.launch.py
-- Up-to-date: /home/ishaani/ros2_ws/install/night_patrol_robot/share/night_patrol_robot/launch/navigation_launch.py
-- Up-to-date: /home/ishaani/ros2_ws/install/night_patrol_robot/share/night_patrol_robot/urdf
-- Up-to-date: /home/ishaani/ros2_ws/install/night_patrol_robot/share/night_patrol_robot/urdf/patrol_robot.urdf.xacro
-- Up-to-date: /home/ishaani/ros2_ws/install/night_patrol_robot/share/night_patrol_robot/config
-- Up-to-date: /home/ishaani/ros2_ws/install/night_patrol_robot/share/night_patrol_robot/config/nav2_params.yaml
-- Up-to-date: /home/ishaani/ros2_ws/install/night_patrol_robot/share/night_patrol_robot/maps
-- Up-to-date: /home/ishaani/ros2_ws/install/night_patrol_robot/share/ament_index/resource_index/package_run_dependencies/night_patrol_robot
-- Up-to-date: /home/ishaani/ros2_ws/install/night_patrol_robot/share/ament_index/resource_index/parent_prefix_path/night_patrol_robot
-- Up-to-date: /home/ishaani/ros2_ws/install/night_patrol_robot/share/night_patrol_robot/environment/ament_prefix_path.sh
-- Up-to-date: /home/ishaani/ros2_ws/install/night_patrol_robot/share/night_patrol_robot/environment/ament_prefix_path.dsv
-- Up-to-date: /home/ishaani/ros2_ws/install/night_patrol_robot/share/night_patrol_robot/environment/path.sh
-- Up-to-date: /home/ishaani/ros2_ws/install/night_patrol_robot/share/night_patrol_robot/environment/path.dsv
-- Up-to-date: /home/ishaani/ros2_ws/install/night_patrol_robot/share/night_patrol_robot/local_setup.bash
-- Up-to-date: /home/ishaani/ros2_ws/install/night_patrol_robot/share/night_patrol_robot/local_setup.sh
-- Up-to-date: /home/ishaani/ros2_ws/install/night_patrol_robot/share/night_patrol_robot/local_setup.zsh
-- Up-to-date: /home/ishaani/ros2_ws/install/night_patrol_robot/share/night_patrol_robot/local_setup.dsv
-- Up-to-date: /home/ishaani/ros2_ws/install/night_patrol_robot/share/night_patrol_robot/package.dsv
-- Up-to-date: /home/ishaani/ros2_ws/install/night_patrol_robot/share/ament_index/resource_index/packages/night_patrol_robot
-- Up-to-date: /home/ishaani/ros2_ws/install/night_patrol_robot/share/night_patrol_robot/cmake/night_patrol_robotConfig.cmake
-- Up-to-date: /home/ishaani/ros2_ws/install/night_patrol_robot/share/night_patrol_robot/cmake/night_patrol_robotConfig-version.cmake
-- Up-to-date: /home/ishaani/ros2_ws/install/night_patrol_robot/share/night_patrol_robot/package.xml
