[0.095s] Invoking command in '/home/ishaani/ros2_ws/build/night_patrol_robot': CMAKE_PREFIX_PATH=${CMAKE_PREFIX_PATH}:/home/ishaani/ros2_ws/install/patrol_detection:/home/ishaani/turtlebot3_ws/install/turtlebot3_teleop:/home/ishaani/turtlebot3_ws/install/turtlebot3_example:/opt/ros/jazzy /usr/bin/cmake --build /home/ishaani/ros2_ws/build/night_patrol_robot -- -j8 -l8
[0.418s] Built target ament_cmake_python_copy_night_patrol_robot
[1.268s] running egg_info
[1.345s] writing night_patrol_robot.egg-info/PKG-INFO
[1.345s] writing dependency_links to night_patrol_robot.egg-info/dependency_links.txt
[1.347s] writing top-level names to night_patrol_robot.egg-info/top_level.txt
[1.525s] reading manifest file 'night_patrol_robot.egg-info/SOURCES.txt'
[1.526s] writing manifest file 'night_patrol_robot.egg-info/SOURCES.txt'
[1.661s] Built target ament_cmake_python_build_night_patrol_robot_egg
[1.733s] Invoked command in '/home/ishaani/ros2_ws/build/night_patrol_robot' returned '0': CMAKE_PREFIX_PATH=${CMAKE_PREFIX_PATH}:/home/ishaani/ros2_ws/install/patrol_detection:/home/ishaani/turtlebot3_ws/install/turtlebot3_teleop:/home/ishaani/turtlebot3_ws/install/turtlebot3_example:/opt/ros/jazzy /usr/bin/cmake --build /home/ishaani/ros2_ws/build/night_patrol_robot -- -j8 -l8
[1.736s] Invoking command in '/home/ishaani/ros2_ws/build/night_patrol_robot': CMAKE_PREFIX_PATH=${CMAKE_PREFIX_PATH}:/home/ishaani/ros2_ws/install/patrol_detection:/home/ishaani/turtlebot3_ws/install/turtlebot3_teleop:/home/ishaani/turtlebot3_ws/install/turtlebot3_example:/opt/ros/jazzy /usr/bin/cmake --install /home/ishaani/ros2_ws/build/night_patrol_robot
[1.774s] -- Install configuration: ""
[1.775s] -- Up-to-date: /home/ishaani/ros2_ws/install/night_patrol_robot/share/night_patrol_robot/environment/pythonpath.sh
[1.775s] -- Up-to-date: /home/ishaani/ros2_ws/install/night_patrol_robot/share/night_patrol_robot/environment/pythonpath.dsv
[1.775s] -- Up-to-date: /home/ishaani/ros2_ws/install/night_patrol_robot/lib/python3.12/site-packages/night_patrol_robot-0.1.0-py3.12.egg-info
[1.775s] -- Installing: /home/ishaani/ros2_ws/install/night_patrol_robot/lib/python3.12/site-packages/night_patrol_robot-0.1.0-py3.12.egg-info/PKG-INFO
[1.776s] -- Installing: /home/ishaani/ros2_ws/install/night_patrol_robot/lib/python3.12/site-packages/night_patrol_robot-0.1.0-py3.12.egg-info/SOURCES.txt
[1.776s] -- Installing: /home/ishaani/ros2_ws/install/night_patrol_robot/lib/python3.12/site-packages/night_patrol_robot-0.1.0-py3.12.egg-info/top_level.txt
[1.776s] -- Installing: /home/ishaani/ros2_ws/install/night_patrol_robot/lib/python3.12/site-packages/night_patrol_robot-0.1.0-py3.12.egg-info/dependency_links.txt
[1.776s] -- Up-to-date: /home/ishaani/ros2_ws/install/night_patrol_robot/lib/python3.12/site-packages/night_patrol_robot
[1.776s] -- Up-to-date: /home/ishaani/ros2_ws/install/night_patrol_robot/lib/python3.12/site-packages/night_patrol_robot/__init__.py
[1.776s] -- Up-to-date: /home/ishaani/ros2_ws/install/night_patrol_robot/lib/python3.12/site-packages/night_patrol_robot/patrol_node.py
[1.914s] Listing '/home/ishaani/ros2_ws/install/night_patrol_robot/lib/python3.12/site-packages/night_patrol_robot'...
[1.933s] -- Up-to-date: /home/ishaani/ros2_ws/install/night_patrol_robot/lib/night_patrol_robot/patrol_node
[1.933s] -- Up-to-date: /home/ishaani/ros2_ws/install/night_patrol_robot/share/night_patrol_robot/launch
[1.933s] -- Up-to-date: /home/ishaani/ros2_ws/install/night_patrol_robot/share/night_patrol_robot/launch/robot_nav.launch.py
[1.933s] -- Up-to-date: /home/ishaani/ros2_ws/install/night_patrol_robot/share/night_patrol_robot/launch/navigation_launch.py
[1.934s] -- Up-to-date: /home/ishaani/ros2_ws/install/night_patrol_robot/share/night_patrol_robot/urdf
[1.936s] -- Up-to-date: /home/ishaani/ros2_ws/install/night_patrol_robot/share/night_patrol_robot/urdf/patrol_robot.urdf.xacro
[1.936s] -- Up-to-date: /home/ishaani/ros2_ws/install/night_patrol_robot/share/night_patrol_robot/config
[1.939s] -- Up-to-date: /home/ishaani/ros2_ws/install/night_patrol_robot/share/night_patrol_robot/config/nav2_params.yaml
[1.939s] -- Up-to-date: /home/ishaani/ros2_ws/install/night_patrol_robot/share/night_patrol_robot/maps
[1.939s] -- Up-to-date: /home/ishaani/ros2_ws/install/night_patrol_robot/share/ament_index/resource_index/package_run_dependencies/night_patrol_robot
[1.940s] -- Up-to-date: /home/ishaani/ros2_ws/install/night_patrol_robot/share/ament_index/resource_index/parent_prefix_path/night_patrol_robot
[1.944s] -- Up-to-date: /home/ishaani/ros2_ws/install/night_patrol_robot/share/night_patrol_robot/environment/ament_prefix_path.sh
[1.944s] -- Up-to-date: /home/ishaani/ros2_ws/install/night_patrol_robot/share/night_patrol_robot/environment/ament_prefix_path.dsv
[1.944s] -- Up-to-date: /home/ishaani/ros2_ws/install/night_patrol_robot/share/night_patrol_robot/environment/path.sh
[1.945s] -- Up-to-date: /home/ishaani/ros2_ws/install/night_patrol_robot/share/night_patrol_robot/environment/path.dsv
[1.945s] -- Up-to-date: /home/ishaani/ros2_ws/install/night_patrol_robot/share/night_patrol_robot/local_setup.bash
[1.945s] -- Up-to-date: /home/ishaani/ros2_ws/install/night_patrol_robot/share/night_patrol_robot/local_setup.sh
[1.945s] -- Up-to-date: /home/ishaani/ros2_ws/install/night_patrol_robot/share/night_patrol_robot/local_setup.zsh
[1.945s] -- Up-to-date: /home/ishaani/ros2_ws/install/night_patrol_robot/share/night_patrol_robot/local_setup.dsv
[1.945s] -- Up-to-date: /home/ishaani/ros2_ws/install/night_patrol_robot/share/night_patrol_robot/package.dsv
[1.945s] -- Up-to-date: /home/ishaani/ros2_ws/install/night_patrol_robot/share/ament_index/resource_index/packages/night_patrol_robot
[1.946s] -- Up-to-date: /home/ishaani/ros2_ws/install/night_patrol_robot/share/night_patrol_robot/cmake/night_patrol_robotConfig.cmake
[1.946s] -- Up-to-date: /home/ishaani/ros2_ws/install/night_patrol_robot/share/night_patrol_robot/cmake/night_patrol_robotConfig-version.cmake
[1.946s] -- Up-to-date: /home/ishaani/ros2_ws/install/night_patrol_robot/share/night_patrol_robot/package.xml
[1.955s] Invoked command in '/home/ishaani/ros2_ws/build/night_patrol_robot' returned '0': CMAKE_PREFIX_PATH=${CMAKE_PREFIX_PATH}:/home/ishaani/ros2_ws/install/patrol_detection:/home/ishaani/turtlebot3_ws/install/turtlebot3_teleop:/home/ishaani/turtlebot3_ws/install/turtlebot3_example:/opt/ros/jazzy /usr/bin/cmake --install /home/ishaani/ros2_ws/build/night_patrol_robot
